[2019-11-02 14:36:11Z] - INFO - Начало работы Transmiter SKAD Signature
[2019-11-02 14:36:11Z] - ERRR - Количество вложенных папок в D:\SKAD\transmiter\temp\311pMsk\RBS не равно 1
[2019-11-02 14:36:11Z] - INFO - Начало копирования файлов...
[2019-11-02 14:36:11Z] - INFO - Выполнение операции "Копирование файла" над целевым объектом "Элемент: D:\SKAD\transmiter\temp\311pMsk\RBS\SFC017102803_720320191029_288000021900088041_700.XML Назначение: D:\SKAD\transmiter\temp\311p\Arhive\02112019\RBS\SFC01
7102803_720320191029_288000021900088041_700.XML".
Выполнение операции "Копирование файла" над целевым объектом "Элемент: D:\SKAD\transmiter\temp\311pMsk\RBS\SFC017102803_720320191029_288000021900088042_700.XML Назначение: D:\SKAD\transmiter\temp\311p\Arhive\02112019\RBS\SFC01
7102803_720320191029_288000021900088042_700.XML".

[2019-11-02 14:36:11Z] - INFO - Файл(ы) скопирован(ы) в D:\SKAD\transmiter\temp\311p\Arhive\02112019\RBS
[2019-11-02 14:36:12Z] - INFO - Выполнение операции "Копирование файла" над целевым объектом "Элемент: D:\SKAD\transmiter\temp\311pMsk\RBS\SFC017102803_720320191029_288000021900088041_700.XML Назначение: D:\SKAD\transmiter\temp\work\SFC017102803_720320191029
_288000021900088041_700.XML".
Выполнение операции "Копирование файла" над целевым объектом "Элемент: D:\SKAD\transmiter\temp\311pMsk\RBS\SFC017102803_720320191029_288000021900088042_700.XML Назначение: D:\SKAD\transmiter\temp\work\SFC017102803_720320191029
_288000021900088042_700.XML".

[2019-11-02 14:36:12Z] - INFO - Файл(ы) скопирован(ы) в D:\SKAD\transmiter\temp\work
[2019-11-02 14:36:12Z] - INFO - Выполнение операции "Удаление файла" над целевым объектом "D:\SKAD\transmiter\temp\311pMsk\RBS\SFC017102803_720320191029_288000021900088041_700.XML".
Выполнение операции "Удаление файла" над целевым объектом "D:\SKAD\transmiter\temp\311pMsk\RBS\SFC017102803_720320191029_288000021900088042_700.XML".

[2019-11-02 14:36:12Z] - INFO - Файл(ы) удален(ы) в D:\SKAD\transmiter\temp\311pMsk\RBS\
[2019-11-02 14:36:12Z] - INFO - Выполнение операции "Копирование файла" над целевым объектом "Элемент: D:\SKAD\transmiter\temp\311pMsk\WAY4\SFC017102803_720320191029_288000021901061098_700.xml Назначение: D:\SKAD\transmiter\temp\311p\Arhive\02112019\WAY4\SFC
017102803_720320191029_288000021901061098_700.xml".
Выполнение операции "Копирование файла" над целевым объектом "Элемент: D:\SKAD\transmiter\temp\311pMsk\WAY4\SFC017102803_720320191029_288000021901061100_700.xml Назначение: D:\SKAD\transmiter\temp\311p\Arhive\02112019\WAY4\SFC
017102803_720320191029_288000021901061100_700.xml".

[2019-11-02 14:36:12Z] - INFO - Файл(ы) скопирован(ы) в D:\SKAD\transmiter\temp\311p\Arhive\02112019\WAY4
[2019-11-02 14:36:12Z] - INFO - Выполнение операции "Копирование файла" над целевым объектом "Элемент: D:\SKAD\transmiter\temp\311pMsk\WAY4\SFC017102803_720320191029_288000021901061098_700.xml Назначение: D:\SKAD\transmiter\temp\work\SFC017102803_72032019102
9_288000021901061098_700.xml".
Выполнение операции "Копирование файла" над целевым объектом "Элемент: D:\SKAD\transmiter\temp\311pMsk\WAY4\SFC017102803_720320191029_288000021901061100_700.xml Назначение: D:\SKAD\transmiter\temp\work\SFC017102803_72032019102
9_288000021901061100_700.xml".

[2019-11-02 14:36:12Z] - INFO - Файл(ы) скопирован(ы) в D:\SKAD\transmiter\temp\work
[2019-11-02 14:36:12Z] - INFO - Выполнение операции "Удаление файла" над целевым объектом "D:\SKAD\transmiter\temp\311pMsk\WAY4\SFC017102803_720320191029_288000021901061098_700.xml".
Выполнение операции "Удаление файла" над целевым объектом "D:\SKAD\transmiter\temp\311pMsk\WAY4\SFC017102803_720320191029_288000021901061100_700.xml".

[2019-11-02 14:36:12Z] - INFO - Файл(ы) удален(ы) в D:\SKAD\transmiter\temp\311pMsk\WAY4
[2019-11-02 14:36:12Z] - ERRR - Диск А не найден!
[2019-11-02 14:36:23Z] - INFO - Начало работы Transmiter SKAD Signature
[2019-11-02 14:36:23Z] - ERRR - Количество вложенных папок в D:\SKAD\transmiter\temp\311pMsk\RBS не равно 1
[2019-11-02 14:36:23Z] - INFO - Начало копирования файлов...
[2019-11-02 14:36:23Z] - INFO - Выполнение операции "Копирование файла" над целевым объектом "Элемент: D:\SKAD\transmiter\temp\311pMsk\RBS\SFC017102803_720320191029_288000021900088041_700.XML Назначение: D:\SKAD\transmiter\temp\311p\Arhive\02112019\RBS\SFC01
7102803_720320191029_288000021900088041_700.XML".
Выполнение операции "Копирование файла" над целевым объектом "Элемент: D:\SKAD\transmiter\temp\311pMsk\RBS\SFC017102803_720320191029_288000021900088042_700.XML Назначение: D:\SKAD\transmiter\temp\311p\Arhive\02112019\RBS\SFC01
7102803_720320191029_288000021900088042_700.XML".

[2019-11-02 14:36:23Z] - INFO - Файл(ы) скопирован(ы) в D:\SKAD\transmiter\temp\311p\Arhive\02112019\RBS
[2019-11-02 14:36:23Z] - INFO - Выполнение операции "Копирование файла" над целевым объектом "Элемент: D:\SKAD\transmiter\temp\311pMsk\RBS\SFC017102803_720320191029_288000021900088041_700.XML Назначение: D:\SKAD\transmiter\temp\work\SFC017102803_720320191029
_288000021900088041_700.XML".
Выполнение операции "Копирование файла" над целевым объектом "Элемент: D:\SKAD\transmiter\temp\311pMsk\RBS\SFC017102803_720320191029_288000021900088042_700.XML Назначение: D:\SKAD\transmiter\temp\work\SFC017102803_720320191029
_288000021900088042_700.XML".

[2019-11-02 14:36:23Z] - INFO - Файл(ы) скопирован(ы) в D:\SKAD\transmiter\temp\work
[2019-11-02 14:36:23Z] - INFO - Выполнение операции "Удаление файла" над целевым объектом "D:\SKAD\transmiter\temp\311pMsk\RBS\SFC017102803_720320191029_288000021900088041_700.XML".
Выполнение операции "Удаление файла" над целевым объектом "D:\SKAD\transmiter\temp\311pMsk\RBS\SFC017102803_720320191029_288000021900088042_700.XML".

[2019-11-02 14:36:23Z] - INFO - Файл(ы) удален(ы) в D:\SKAD\transmiter\temp\311pMsk\RBS\
[2019-11-02 14:36:23Z] - INFO - Выполнение операции "Копирование файла" над целевым объектом "Элемент: D:\SKAD\transmiter\temp\311pMsk\WAY4\SFC017102803_720320191029_288000021901061098_700.xml Назначение: D:\SKAD\transmiter\temp\311p\Arhive\02112019\WAY4\SFC
017102803_720320191029_288000021901061098_700.xml".
Выполнение операции "Копирование файла" над целевым объектом "Элемент: D:\SKAD\transmiter\temp\311pMsk\WAY4\SFC017102803_720320191029_288000021901061100_700.xml Назначение: D:\SKAD\transmiter\temp\311p\Arhive\02112019\WAY4\SFC
017102803_720320191029_288000021901061100_700.xml".

[2019-11-02 14:36:23Z] - INFO - Файл(ы) скопирован(ы) в D:\SKAD\transmiter\temp\311p\Arhive\02112019\WAY4
[2019-11-02 14:36:23Z] - INFO - Выполнение операции "Копирование файла" над целевым объектом "Элемент: D:\SKAD\transmiter\temp\311pMsk\WAY4\SFC017102803_720320191029_288000021901061098_700.xml Назначение: D:\SKAD\transmiter\temp\work\SFC017102803_72032019102
9_288000021901061098_700.xml".
Выполнение операции "Копирование файла" над целевым объектом "Элемент: D:\SKAD\transmiter\temp\311pMsk\WAY4\SFC017102803_720320191029_288000021901061100_700.xml Назначение: D:\SKAD\transmiter\temp\work\SFC017102803_72032019102
9_288000021901061100_700.xml".

[2019-11-02 14:36:23Z] - INFO - Файл(ы) скопирован(ы) в D:\SKAD\transmiter\temp\work
[2019-11-02 14:36:23Z] - INFO - Выполнение операции "Удаление файла" над целевым объектом "D:\SKAD\transmiter\temp\311pMsk\WAY4\SFC017102803_720320191029_288000021901061098_700.xml".
Выполнение операции "Удаление файла" над целевым объектом "D:\SKAD\transmiter\temp\311pMsk\WAY4\SFC017102803_720320191029_288000021901061100_700.xml".

[2019-11-02 14:36:23Z] - INFO - Файл(ы) удален(ы) в D:\SKAD\transmiter\temp\311pMsk\WAY4
[2019-11-02 14:36:23Z] - INFO - Сохраняем текущею ключевую дискету
[2019-11-02 14:36:23Z] - INFO - Загружаем ключевую дискету d:\SKAD\Floppy\DISKET2019-skad-test\test1
[2019-11-02 14:36:23Z] - INFO - Начинаем преобразование...
[2019-11-02 14:36:23Z] - INFO - Обрабатываем файл SFC017102803_720320191029_288000021900088041_700.XML
[2019-11-02 14:36:27Z] - INFO - Обрабатываем файл SFC017102803_720320191029_288000021900088042_700.XML
[2019-11-02 14:36:28Z] - INFO - Обрабатываем файл SFC017102803_720320191029_288000021901061098_700.xml
[2019-11-02 14:36:29Z] - INFO - Обрабатываем файл SFC017102803_720320191029_288000021901061100_700.xml
[2019-11-02 14:36:30Z] - INFO - Выполнение операции "Удаление файла" над целевым объектом "D:\SKAD\transmiter\temp\work\SFC017102803_720320191029_288000021900088041_700.XML".
Выполнение операции "Удаление файла" над целевым объектом "D:\SKAD\transmiter\temp\work\SFC017102803_720320191029_288000021900088042_700.XML".
Выполнение операции "Удаление файла" над целевым объектом "D:\SKAD\transmiter\temp\work\SFC017102803_720320191029_288000021901061098_700.xml".
Выполнение операции "Удаление файла" над целевым объектом "D:\SKAD\transmiter\temp\work\SFC017102803_720320191029_288000021901061100_700.xml".

[2019-11-02 14:36:30Z] - INFO - Выполнение операции "Переименование файла" над целевым объектом "Элемент: D:\SKAD\transmiter\temp\work\SFC017102803_720320191029_288000021900088041_700.XML.test Назначение: D:\SKAD\transmiter\temp\work\SFC017102803_72032019102
9_288000021900088041_700.XML.tst".
Выполнение операции "Переименование файла" над целевым объектом "Элемент: D:\SKAD\transmiter\temp\work\SFC017102803_720320191029_288000021900088042_700.XML.test Назначение: D:\SKAD\transmiter\temp\work\SFC017102803_72032019102
9_288000021900088042_700.XML.tst".
Выполнение операции "Переименование файла" над целевым объектом "Элемент: D:\SKAD\transmiter\temp\work\SFC017102803_720320191029_288000021901061098_700.xml.test Назначение: D:\SKAD\transmiter\temp\work\SFC017102803_72032019102
9_288000021901061098_700.xml.tst".
Выполнение операции "Переименование файла" над целевым объектом "Элемент: D:\SKAD\transmiter\temp\work\SFC017102803_720320191029_288000021901061100_700.xml.test Назначение: D:\SKAD\transmiter\temp\work\SFC017102803_72032019102
9_288000021901061100_700.xml.tst".

[2019-11-02 14:36:30Z] - INFO - Начинаем архивацию BN028031911020001.arj ...
[2019-11-02 14:36:31Z] - INFO - Выполнение операции "Удаление файла" над целевым объектом "D:\SKAD\transmiter\temp\work\SFC017102803_720320191029_288000021900088041_700.XML.tst".
Выполнение операции "Удаление файла" над целевым объектом "D:\SKAD\transmiter\temp\work\SFC017102803_720320191029_288000021900088042_700.XML.tst".
Выполнение операции "Удаление файла" над целевым объектом "D:\SKAD\transmiter\temp\work\SFC017102803_720320191029_288000021901061098_700.xml.tst".
Выполнение операции "Удаление файла" над целевым объектом "D:\SKAD\transmiter\temp\work\SFC017102803_720320191029_288000021901061100_700.xml.tst".

[2019-11-02 14:36:31Z] - INFO - Начинаем преобразование...
[2019-11-02 14:36:31Z] - INFO - Обрабатываем файл BN028031911020001.arj
[2019-11-02 14:36:32Z] - INFO - Выполнение операции "Удаление файла" над целевым объектом "D:\SKAD\transmiter\temp\work\BN028031911020001.arj".

[2019-11-02 14:36:32Z] - INFO - Выполнение операции "Переименование файла" над целевым объектом "Элемент: D:\SKAD\transmiter\temp\work\BN028031911020001.arj.test Назначение: D:\SKAD\transmiter\temp\work\BN028031911020001.arj.tst".

[2019-11-02 14:36:32Z] - INFO - Копируем файл архива BN028031911020001.arj.tst в D:\SKAD\transmiter\temp\311p\Arhive\02112019
[2019-11-02 14:36:32Z] - INFO - Копируем файл архива BN028031911020001.arj.tst в D:\SKAD\transmiter\temp\Post
[2019-11-02 14:36:32Z] - INFO - Выполнение операции "Удаление файла" над целевым объектом "D:\SKAD\transmiter\temp\work\BN028031911020001.arj.tst".

[2019-11-02 14:36:32Z] - INFO - Отправка почтового сообщения
[2019-11-02 14:36:40Z] - ERRR - Не удалось соединиться с почтовым сервером 191.168.6.50
[2019-11-02 14:36:41Z] - INFO - Загружаем исходную ключевую дискету
[2019-11-02 14:36:41Z] - INFO - Конец работы скрипта!
[2019-11-02 14:37:17Z] - INFO - Начало работы Transmiter SKAD Signature
[2019-11-02 14:37:17Z] - ERRR - Количество вложенных папок в D:\SKAD\transmiter\temp\311pMsk\RBS не равно 1
[2019-11-02 14:37:17Z] - INFO - Начало копирования файлов...
[2019-11-02 14:37:17Z] - INFO - Выполнение операции "Копирование файла" над целевым объектом "Элемент: D:\SKAD\transmiter\temp\311pMsk\RBS\SFC017102803_720320191029_288000021900088041_700.XML Назначение: D:\SKAD\transmiter\temp\311p\Arhive\02112019\RBS\SFC01
7102803_720320191029_288000021900088041_700.XML".
Выполнение операции "Копирование файла" над целевым объектом "Элемент: D:\SKAD\transmiter\temp\311pMsk\RBS\SFC017102803_720320191029_288000021900088042_700.XML Назначение: D:\SKAD\transmiter\temp\311p\Arhive\02112019\RBS\SFC01
7102803_720320191029_288000021900088042_700.XML".

[2019-11-02 14:37:17Z] - INFO - Файл(ы) скопирован(ы) в D:\SKAD\transmiter\temp\311p\Arhive\02112019\RBS
[2019-11-02 14:37:17Z] - INFO - Выполнение операции "Копирование файла" над целевым объектом "Элемент: D:\SKAD\transmiter\temp\311pMsk\RBS\SFC017102803_720320191029_288000021900088041_700.XML Назначение: D:\SKAD\transmiter\temp\work\SFC017102803_720320191029
_288000021900088041_700.XML".
Выполнение операции "Копирование файла" над целевым объектом "Элемент: D:\SKAD\transmiter\temp\311pMsk\RBS\SFC017102803_720320191029_288000021900088042_700.XML Назначение: D:\SKAD\transmiter\temp\work\SFC017102803_720320191029
_288000021900088042_700.XML".

[2019-11-02 14:37:17Z] - INFO - Файл(ы) скопирован(ы) в D:\SKAD\transmiter\temp\work
[2019-11-02 14:37:17Z] - INFO - Выполнение операции "Удаление файла" над целевым объектом "D:\SKAD\transmiter\temp\311pMsk\RBS\SFC017102803_720320191029_288000021900088041_700.XML".
Выполнение операции "Удаление файла" над целевым объектом "D:\SKAD\transmiter\temp\311pMsk\RBS\SFC017102803_720320191029_288000021900088042_700.XML".

[2019-11-02 14:37:17Z] - INFO - Файл(ы) удален(ы) в D:\SKAD\transmiter\temp\311pMsk\RBS\
[2019-11-02 14:37:17Z] - INFO - Выполнение операции "Копирование файла" над целевым объектом "Элемент: D:\SKAD\transmiter\temp\311pMsk\WAY4\SFC017102803_720320191029_288000021901061098_700.xml Назначение: D:\SKAD\transmiter\temp\311p\Arhive\02112019\WAY4\SFC
017102803_720320191029_288000021901061098_700.xml".
Выполнение операции "Копирование файла" над целевым объектом "Элемент: D:\SKAD\transmiter\temp\311pMsk\WAY4\SFC017102803_720320191029_288000021901061100_700.xml Назначение: D:\SKAD\transmiter\temp\311p\Arhive\02112019\WAY4\SFC
017102803_720320191029_288000021901061100_700.xml".

[2019-11-02 14:37:17Z] - INFO - Файл(ы) скопирован(ы) в D:\SKAD\transmiter\temp\311p\Arhive\02112019\WAY4
[2019-11-02 14:37:17Z] - INFO - Выполнение операции "Копирование файла" над целевым объектом "Элемент: D:\SKAD\transmiter\temp\311pMsk\WAY4\SFC017102803_720320191029_288000021901061098_700.xml Назначение: D:\SKAD\transmiter\temp\work\SFC017102803_72032019102
9_288000021901061098_700.xml".
Выполнение операции "Копирование файла" над целевым объектом "Элемент: D:\SKAD\transmiter\temp\311pMsk\WAY4\SFC017102803_720320191029_288000021901061100_700.xml Назначение: D:\SKAD\transmiter\temp\work\SFC017102803_72032019102
9_288000021901061100_700.xml".

[2019-11-02 14:37:17Z] - INFO - Файл(ы) скопирован(ы) в D:\SKAD\transmiter\temp\work
[2019-11-02 14:37:17Z] - INFO - Выполнение операции "Удаление файла" над целевым объектом "D:\SKAD\transmiter\temp\311pMsk\WAY4\SFC017102803_720320191029_288000021901061098_700.xml".
Выполнение операции "Удаление файла" над целевым объектом "D:\SKAD\transmiter\temp\311pMsk\WAY4\SFC017102803_720320191029_288000021901061100_700.xml".

[2019-11-02 14:37:17Z] - INFO - Файл(ы) удален(ы) в D:\SKAD\transmiter\temp\311pMsk\WAY4
[2019-11-02 14:37:17Z] - INFO - Сохраняем текущею ключевую дискету
[2019-11-02 14:37:17Z] - INFO - Загружаем ключевую дискету d:\SKAD\Floppy\DISKET2019-skad-test\test1
[2019-11-02 14:37:17Z] - INFO - Начинаем преобразование...
[2019-11-02 14:37:17Z] - INFO - Обрабатываем файл SFC017102803_720320191029_288000021900088041_700.XML
[2019-11-02 14:37:18Z] - INFO - Обрабатываем файл SFC017102803_720320191029_288000021900088042_700.XML
[2019-11-02 14:37:19Z] - INFO - Обрабатываем файл SFC017102803_720320191029_288000021901061098_700.xml
[2019-11-02 14:37:20Z] - INFO - Обрабатываем файл SFC017102803_720320191029_288000021901061100_700.xml
[2019-11-02 14:37:21Z] - INFO - Выполнение операции "Удаление файла" над целевым объектом "D:\SKAD\transmiter\temp\work\SFC017102803_720320191029_288000021900088041_700.XML".
Выполнение операции "Удаление файла" над целевым объектом "D:\SKAD\transmiter\temp\work\SFC017102803_720320191029_288000021900088042_700.XML".
Выполнение операции "Удаление файла" над целевым объектом "D:\SKAD\transmiter\temp\work\SFC017102803_720320191029_288000021901061098_700.xml".
Выполнение операции "Удаление файла" над целевым объектом "D:\SKAD\transmiter\temp\work\SFC017102803_720320191029_288000021901061100_700.xml".

[2019-11-02 14:37:21Z] - INFO - Выполнение операции "Переименование файла" над целевым объектом "Элемент: D:\SKAD\transmiter\temp\work\SFC017102803_720320191029_288000021900088041_700.XML.test Назначение: D:\SKAD\transmiter\temp\work\SFC017102803_72032019102
9_288000021900088041_700.XML.tst".
Выполнение операции "Переименование файла" над целевым объектом "Элемент: D:\SKAD\transmiter\temp\work\SFC017102803_720320191029_288000021900088042_700.XML.test Назначение: D:\SKAD\transmiter\temp\work\SFC017102803_72032019102
9_288000021900088042_700.XML.tst".
Выполнение операции "Переименование файла" над целевым объектом "Элемент: D:\SKAD\transmiter\temp\work\SFC017102803_720320191029_288000021901061098_700.xml.test Назначение: D:\SKAD\transmiter\temp\work\SFC017102803_72032019102
9_288000021901061098_700.xml.tst".
Выполнение операции "Переименование файла" над целевым объектом "Элемент: D:\SKAD\transmiter\temp\work\SFC017102803_720320191029_288000021901061100_700.xml.test Назначение: D:\SKAD\transmiter\temp\work\SFC017102803_72032019102
9_288000021901061100_700.xml.tst".

[2019-11-02 14:37:21Z] - INFO - Начинаем архивацию BN028031911020002.arj ...
[2019-11-02 14:37:21Z] - INFO - Выполнение операции "Удаление файла" над целевым объектом "D:\SKAD\transmiter\temp\work\SFC017102803_720320191029_288000021900088041_700.XML.tst".
Выполнение операции "Удаление файла" над целевым объектом "D:\SKAD\transmiter\temp\work\SFC017102803_720320191029_288000021900088042_700.XML.tst".
Выполнение операции "Удаление файла" над целевым объектом "D:\SKAD\transmiter\temp\work\SFC017102803_720320191029_288000021901061098_700.xml.tst".
Выполнение операции "Удаление файла" над целевым объектом "D:\SKAD\transmiter\temp\work\SFC017102803_720320191029_288000021901061100_700.xml.tst".

[2019-11-02 14:37:21Z] - INFO - Начинаем преобразование...
[2019-11-02 14:37:21Z] - INFO - Обрабатываем файл BN028031911020002.arj
[2019-11-02 14:37:22Z] - INFO - Выполнение операции "Удаление файла" над целевым объектом "D:\SKAD\transmiter\temp\work\BN028031911020002.arj".

[2019-11-02 14:37:22Z] - INFO - Выполнение операции "Переименование файла" над целевым объектом "Элемент: D:\SKAD\transmiter\temp\work\BN028031911020002.arj.test Назначение: D:\SKAD\transmiter\temp\work\BN028031911020002.arj.tst".

[2019-11-02 14:37:22Z] - INFO - Копируем файл архива BN028031911020002.arj.tst в D:\SKAD\transmiter\temp\311p\Arhive\02112019
[2019-11-02 14:37:22Z] - INFO - Копируем файл архива BN028031911020002.arj.tst в D:\SKAD\transmiter\temp\Post
[2019-11-02 14:37:22Z] - INFO - Выполнение операции "Удаление файла" над целевым объектом "D:\SKAD\transmiter\temp\work\BN028031911020002.arj.tst".

[2019-11-02 14:37:22Z] - INFO - Отправка почтового сообщения
[2019-11-02 14:37:31Z] - ERRR - Не удалось соединиться с почтовым сервером 191.168.6.50
[2019-11-02 14:37:31Z] - INFO - Загружаем исходную ключевую дискету
[2019-11-02 14:37:31Z] - INFO - Конец работы скрипта!
[2019-11-02 14:38:35Z] - INFO - Начало работы Transmiter SKAD Signature
[2019-11-02 14:38:35Z] - ERRR - Количество вложенных папок в D:\SKAD\transmiter\temp\311pMsk\RBS не равно 1
[2019-11-02 14:38:35Z] - INFO - Начало копирования файлов...
[2019-11-02 14:38:35Z] - INFO - Выполнение операции "Копирование файла" над целевым объектом "Элемент: D:\SKAD\transmiter\temp\311pMsk\RBS\SFC017102803_720320191029_288000021900088041_700.XML Назначение: D:\SKAD\transmiter\temp\311p\Arhive\02112019\RBS\SFC01
7102803_720320191029_288000021900088041_700.XML".
Выполнение операции "Копирование файла" над целевым объектом "Элемент: D:\SKAD\transmiter\temp\311pMsk\RBS\SFC017102803_720320191029_288000021900088042_700.XML Назначение: D:\SKAD\transmiter\temp\311p\Arhive\02112019\RBS\SFC01
7102803_720320191029_288000021900088042_700.XML".

[2019-11-02 14:38:35Z] - INFO - Файл(ы) скопирован(ы) в D:\SKAD\transmiter\temp\311p\Arhive\02112019\RBS
[2019-11-02 14:38:35Z] - INFO - Выполнение операции "Копирование файла" над целевым объектом "Элемент: D:\SKAD\transmiter\temp\311pMsk\RBS\SFC017102803_720320191029_288000021900088041_700.XML Назначение: D:\SKAD\transmiter\temp\work\SFC017102803_720320191029
_288000021900088041_700.XML".
Выполнение операции "Копирование файла" над целевым объектом "Элемент: D:\SKAD\transmiter\temp\311pMsk\RBS\SFC017102803_720320191029_288000021900088042_700.XML Назначение: D:\SKAD\transmiter\temp\work\SFC017102803_720320191029
_288000021900088042_700.XML".

[2019-11-02 14:38:35Z] - INFO - Файл(ы) скопирован(ы) в D:\SKAD\transmiter\temp\work
[2019-11-02 14:38:35Z] - INFO - Выполнение операции "Удаление файла" над целевым объектом "D:\SKAD\transmiter\temp\311pMsk\RBS\SFC017102803_720320191029_288000021900088041_700.XML".
Выполнение операции "Удаление файла" над целевым объектом "D:\SKAD\transmiter\temp\311pMsk\RBS\SFC017102803_720320191029_288000021900088042_700.XML".

[2019-11-02 14:38:35Z] - INFO - Файл(ы) удален(ы) в D:\SKAD\transmiter\temp\311pMsk\RBS\
[2019-11-02 14:38:35Z] - INFO - Выполнение операции "Копирование файла" над целевым объектом "Элемент: D:\SKAD\transmiter\temp\311pMsk\WAY4\SFC017102803_720320191029_288000021901061098_700.xml Назначение: D:\SKAD\transmiter\temp\311p\Arhive\02112019\WAY4\SFC
017102803_720320191029_288000021901061098_700.xml".
Выполнение операции "Копирование файла" над целевым объектом "Элемент: D:\SKAD\transmiter\temp\311pMsk\WAY4\SFC017102803_720320191029_288000021901061100_700.xml Назначение: D:\SKAD\transmiter\temp\311p\Arhive\02112019\WAY4\SFC
017102803_720320191029_288000021901061100_700.xml".

[2019-11-02 14:38:35Z] - INFO - Файл(ы) скопирован(ы) в D:\SKAD\transmiter\temp\311p\Arhive\02112019\WAY4
[2019-11-02 14:38:35Z] - INFO - Выполнение операции "Копирование файла" над целевым объектом "Элемент: D:\SKAD\transmiter\temp\311pMsk\WAY4\SFC017102803_720320191029_288000021901061098_700.xml Назначение: D:\SKAD\transmiter\temp\work\SFC017102803_72032019102
9_288000021901061098_700.xml".
Выполнение операции "Копирование файла" над целевым объектом "Элемент: D:\SKAD\transmiter\temp\311pMsk\WAY4\SFC017102803_720320191029_288000021901061100_700.xml Назначение: D:\SKAD\transmiter\temp\work\SFC017102803_72032019102
9_288000021901061100_700.xml".

[2019-11-02 14:38:35Z] - INFO - Файл(ы) скопирован(ы) в D:\SKAD\transmiter\temp\work
[2019-11-02 14:38:35Z] - INFO - Выполнение операции "Удаление файла" над целевым объектом "D:\SKAD\transmiter\temp\311pMsk\WAY4\SFC017102803_720320191029_288000021901061098_700.xml".
Выполнение операции "Удаление файла" над целевым объектом "D:\SKAD\transmiter\temp\311pMsk\WAY4\SFC017102803_720320191029_288000021901061100_700.xml".

[2019-11-02 14:38:35Z] - INFO - Файл(ы) удален(ы) в D:\SKAD\transmiter\temp\311pMsk\WAY4
[2019-11-02 14:38:35Z] - INFO - Сохраняем текущею ключевую дискету
[2019-11-02 14:38:35Z] - INFO - Загружаем ключевую дискету d:\SKAD\Floppy\DISKET2019-skad-test\test1
[2019-11-02 14:38:35Z] - INFO - Начинаем преобразование...
[2019-11-02 14:38:35Z] - INFO - Обрабатываем файл SFC017102803_720320191029_288000021900088041_700.XML
[2019-11-02 14:38:36Z] - INFO - Обрабатываем файл SFC017102803_720320191029_288000021900088042_700.XML
[2019-11-02 14:38:37Z] - INFO - Обрабатываем файл SFC017102803_720320191029_288000021901061098_700.xml
[2019-11-02 14:38:38Z] - INFO - Обрабатываем файл SFC017102803_720320191029_288000021901061100_700.xml
[2019-11-02 14:38:40Z] - INFO - Выполнение операции "Удаление файла" над целевым объектом "D:\SKAD\transmiter\temp\work\SFC017102803_720320191029_288000021900088041_700.XML".
Выполнение операции "Удаление файла" над целевым объектом "D:\SKAD\transmiter\temp\work\SFC017102803_720320191029_288000021900088042_700.XML".
Выполнение операции "Удаление файла" над целевым объектом "D:\SKAD\transmiter\temp\work\SFC017102803_720320191029_288000021901061098_700.xml".
Выполнение операции "Удаление файла" над целевым объектом "D:\SKAD\transmiter\temp\work\SFC017102803_720320191029_288000021901061100_700.xml".

[2019-11-02 14:38:40Z] - INFO - Выполнение операции "Переименование файла" над целевым объектом "Элемент: D:\SKAD\transmiter\temp\work\SFC017102803_720320191029_288000021900088041_700.XML.test Назначение: D:\SKAD\transmiter\temp\work\SFC017102803_72032019102
9_288000021900088041_700.XML.tst".
Выполнение операции "Переименование файла" над целевым объектом "Элемент: D:\SKAD\transmiter\temp\work\SFC017102803_720320191029_288000021900088042_700.XML.test Назначение: D:\SKAD\transmiter\temp\work\SFC017102803_72032019102
9_288000021900088042_700.XML.tst".
Выполнение операции "Переименование файла" над целевым объектом "Элемент: D:\SKAD\transmiter\temp\work\SFC017102803_720320191029_288000021901061098_700.xml.test Назначение: D:\SKAD\transmiter\temp\work\SFC017102803_72032019102
9_288000021901061098_700.xml.tst".
Выполнение операции "Переименование файла" над целевым объектом "Элемент: D:\SKAD\transmiter\temp\work\SFC017102803_720320191029_288000021901061100_700.xml.test Назначение: D:\SKAD\transmiter\temp\work\SFC017102803_72032019102
9_288000021901061100_700.xml.tst".

[2019-11-02 14:38:40Z] - INFO - Начинаем архивацию BN028031911020003.arj ...
[2019-11-02 14:38:40Z] - INFO - Выполнение операции "Удаление файла" над целевым объектом "D:\SKAD\transmiter\temp\work\SFC017102803_720320191029_288000021900088041_700.XML.tst".
Выполнение операции "Удаление файла" над целевым объектом "D:\SKAD\transmiter\temp\work\SFC017102803_720320191029_288000021900088042_700.XML.tst".
Выполнение операции "Удаление файла" над целевым объектом "D:\SKAD\transmiter\temp\work\SFC017102803_720320191029_288000021901061098_700.xml.tst".
Выполнение операции "Удаление файла" над целевым объектом "D:\SKAD\transmiter\temp\work\SFC017102803_720320191029_288000021901061100_700.xml.tst".

[2019-11-02 14:38:40Z] - INFO - Начинаем преобразование...
[2019-11-02 14:38:40Z] - INFO - Обрабатываем файл BN028031911020003.arj
[2019-11-02 14:38:41Z] - INFO - Выполнение операции "Удаление файла" над целевым объектом "D:\SKAD\transmiter\temp\work\BN028031911020003.arj".

[2019-11-02 14:38:41Z] - INFO - Выполнение операции "Переименование файла" над целевым объектом "Элемент: D:\SKAD\transmiter\temp\work\BN028031911020003.arj.test Назначение: D:\SKAD\transmiter\temp\work\BN028031911020003.arj.tst".

[2019-11-02 14:38:41Z] - INFO - Копируем файл архива BN028031911020003.arj.tst в D:\SKAD\transmiter\temp\311p\Arhive\02112019
[2019-11-02 14:38:41Z] - INFO - Копируем файл архива BN028031911020003.arj.tst в D:\SKAD\transmiter\temp\Post
[2019-11-02 14:38:41Z] - INFO - Выполнение операции "Удаление файла" над целевым объектом "D:\SKAD\transmiter\temp\work\BN028031911020003.arj.tst".

[2019-11-02 14:38:41Z] - INFO - Отправка почтового сообщения
[2019-11-02 14:38:50Z] - ERRR - Не удалось соединиться с почтовым сервером 191.168.6.50
[2019-11-02 14:38:50Z] - INFO - Отправлено 4 файлов
[2019-11-02 14:38:50Z] - INFO - Загружаем исходную ключевую дискету
[2019-11-02 14:38:50Z] - INFO - Конец работы скрипта!
[2019-11-02 15:37:38Z] - INFO - Выполнение операции "Копирование файла" над целевым объектом "Элемент: D:\SKAD\transmiter\temp\GNI\SBC217102803_720320191101_288000021900000485_200.XML Назначение: D:\SKAD\transmiter\temp\work\SBC217102803_720320191101_2
88000021900000485_200.XML".
Выполнение операции "Копирование файла" над целевым объектом "Элемент: D:\SKAD\transmiter\temp\GNI\SBC217102803_720320191101_288000021900000486_100.XML Назначение: D:\SKAD\transmiter\temp\work\SBC217102803_720320191101_2
88000021900000486_100.XML".
Выполнение операции "Копирование файла" над целевым объектом "Элемент: D:\SKAD\transmiter\temp\GNI\SBC217102803_720320191101_288000021900000487_100.XML Назначение: D:\SKAD\transmiter\temp\work\SBC217102803_720320191101_2
88000021900000487_100.XML".

[2019-11-02 15:37:56Z] - INFO - Резервное копирование файлов в D:\SKAD\transmiter\temp\311jur\Arhive\02112019
[2019-11-02 15:37:56Z] - INFO - Выполнение операции "Копирование файла" над целевым объектом "Элемент: D:\SKAD\transmiter\temp\work\SBC217102803_720320191101_288000021900000485_200.XML Назначение: D:\SKAD\transmiter\temp\311jur\Arhive\02112019\SBC21710
2803_720320191101_288000021900000485_200.XML".
Выполнение операции "Копирование файла" над целевым объектом "Элемент: D:\SKAD\transmiter\temp\work\SBC217102803_720320191101_288000021900000486_100.XML Назначение: D:\SKAD\transmiter\temp\311jur\Arhive\02112019\SBC21710
2803_720320191101_288000021900000486_100.XML".
Выполнение операции "Копирование файла" над целевым объектом "Элемент: D:\SKAD\transmiter\temp\work\SBC217102803_720320191101_288000021900000487_100.XML Назначение: D:\SKAD\transmiter\temp\311jur\Arhive\02112019\SBC21710
2803_720320191101_288000021900000487_100.XML".

[2019-11-02 15:37:56Z] - INFO - Файл(ы) скопирован(ы) в D:\SKAD\transmiter\temp\311jur\Arhive\02112019
[2019-11-02 15:44:27Z] - INFO - Начало работы Transmiter SKAD Signature
[2019-11-02 15:44:27Z] - INFO - Выполнение операции "Копирование файла" над целевым объектом "Элемент: D:\SKAD\transmiter\temp\GNI\SBC217102803_720320191101_288000021900000485_200.XML Назначение: D:\SKAD\transmiter\temp\work\SBC217102803_720320191101_2
88000021900000485_200.XML".
Выполнение операции "Копирование файла" над целевым объектом "Элемент: D:\SKAD\transmiter\temp\GNI\SBC217102803_720320191101_288000021900000486_100.XML Назначение: D:\SKAD\transmiter\temp\work\SBC217102803_720320191101_2
88000021900000486_100.XML".
Выполнение операции "Копирование файла" над целевым объектом "Элемент: D:\SKAD\transmiter\temp\GNI\SBC217102803_720320191101_288000021900000487_100.XML Назначение: D:\SKAD\transmiter\temp\work\SBC217102803_720320191101_2
88000021900000487_100.XML".

[2019-11-02 15:44:27Z] - INFO - Сохраняем текущею ключевую дискету
[2019-11-02 15:44:27Z] - INFO - Загружаем ключевую дискету d:\SKAD\Floppy\DISKET2019-skad-test\test1
[2019-11-02 15:44:27Z] - INFO - Начинаем преобразование...
[2019-11-02 15:44:27Z] - INFO - Обрабатываем файл SBC217102803_720320191101_288000021900000485_200.XML
[2019-11-02 15:44:28Z] - INFO - Обрабатываем файл SBC217102803_720320191101_288000021900000486_100.XML
[2019-11-02 15:44:29Z] - INFO - Обрабатываем файл SBC217102803_720320191101_288000021900000487_100.XML
[2019-11-02 15:44:30Z] - INFO - Выполнение операции "Удаление файла" над целевым объектом "D:\SKAD\transmiter\temp\work\SBC217102803_720320191101_288000021900000485_200.XML".
Выполнение операции "Удаление файла" над целевым объектом "D:\SKAD\transmiter\temp\work\SBC217102803_720320191101_288000021900000486_100.XML".
Выполнение операции "Удаление файла" над целевым объектом "D:\SKAD\transmiter\temp\work\SBC217102803_720320191101_288000021900000487_100.XML".

[2019-11-02 15:44:30Z] - INFO - Выполнение операции "Переименование файла" над целевым объектом "Элемент: D:\SKAD\transmiter\temp\work\SBC217102803_720320191101_288000021900000485_200.XML.test Назначение: D:\SKAD\transmiter\temp\work\SBC217102803_72032
0191101_288000021900000485_200.XML.tst".
Выполнение операции "Переименование файла" над целевым объектом "Элемент: D:\SKAD\transmiter\temp\work\SBC217102803_720320191101_288000021900000486_100.XML.test Назначение: D:\SKAD\transmiter\temp\work\SBC217102803_72032
0191101_288000021900000486_100.XML.tst".
Выполнение операции "Переименование файла" над целевым объектом "Элемент: D:\SKAD\transmiter\temp\work\SBC217102803_720320191101_288000021900000487_100.XML.test Назначение: D:\SKAD\transmiter\temp\work\SBC217102803_72032
0191101_288000021900000487_100.XML.tst".

[2019-11-02 15:44:30Z] - INFO - Начинаем архивацию AN028031911020001.arj ...
[2019-11-02 15:44:30Z] - INFO - Выполнение операции "Удаление файла" над целевым объектом "D:\SKAD\transmiter\temp\work\SBC217102803_720320191101_288000021900000485_200.XML.tst".
Выполнение операции "Удаление файла" над целевым объектом "D:\SKAD\transmiter\temp\work\SBC217102803_720320191101_288000021900000486_100.XML.tst".
Выполнение операции "Удаление файла" над целевым объектом "D:\SKAD\transmiter\temp\work\SBC217102803_720320191101_288000021900000487_100.XML.tst".

[2019-11-02 15:44:30Z] - INFO - Начинаем преобразование...
[2019-11-02 15:44:30Z] - INFO - Обрабатываем файл AN028031911020001.arj
[2019-11-02 15:44:31Z] - INFO - Выполнение операции "Удаление файла" над целевым объектом "D:\SKAD\transmiter\temp\work\AN028031911020001.arj".

[2019-11-02 15:44:31Z] - INFO - Выполнение операции "Переименование файла" над целевым объектом "Элемент: D:\SKAD\transmiter\temp\work\AN028031911020001.arj.test Назначение: D:\SKAD\transmiter\temp\work\AN028031911020001.arj.tst".

[2019-11-02 15:44:31Z] - INFO - Копируем файл архива AN028031911020001.arj.tst в D:\SKAD\transmiter\temp\311jur\Arhive\02112019
[2019-11-02 15:44:31Z] - INFO - Копируем файл архива AN028031911020001.arj.tst в D:\SKAD\transmiter\temp\Post
[2019-11-02 15:44:31Z] - INFO - Выполнение операции "Удаление файла" над целевым объектом "D:\SKAD\transmiter\temp\work\AN028031911020001.arj.tst".

[2019-11-02 15:44:31Z] - INFO - Отправка почтового сообщения
[2019-11-02 15:44:40Z] - ERRR - Не удалось соединиться с почтовым сервером 191.168.6.50
[2019-11-02 15:44:40Z] - INFO - Отправлено 3 файлов
[2019-11-02 15:44:40Z] - INFO - Загружаем исходную ключевую дискету
[2019-11-02 15:44:40Z] - INFO - Конец работы скрипта!
[2019-11-02 15:45:38Z] - INFO - Начало работы Transmiter SKAD Signature
[2019-11-02 15:45:38Z] - INFO - Выполнение операции "Копирование файла" над целевым объектом "Элемент: D:\SKAD\transmiter\temp\GNI\SBC217102803_720320191101_288000021900000485_200.XML Назначение: D:\SKAD\transmiter\temp\work\SBC217102803_720320191101_2
88000021900000485_200.XML".
Выполнение операции "Копирование файла" над целевым объектом "Элемент: D:\SKAD\transmiter\temp\GNI\SBC217102803_720320191101_288000021900000486_100.XML Назначение: D:\SKAD\transmiter\temp\work\SBC217102803_720320191101_2
88000021900000486_100.XML".
Выполнение операции "Копирование файла" над целевым объектом "Элемент: D:\SKAD\transmiter\temp\GNI\SBC217102803_720320191101_288000021900000487_100.XML Назначение: D:\SKAD\transmiter\temp\work\SBC217102803_720320191101_2
88000021900000487_100.XML".

[2019-11-02 15:45:38Z] - INFO - Сохраняем текущею ключевую дискету
[2019-11-02 15:45:38Z] - INFO - Загружаем ключевую дискету d:\SKAD\Floppy\DISKET2019-skad-test\test1
[2019-11-02 15:45:38Z] - INFO - Начинаем преобразование...
[2019-11-02 15:45:38Z] - INFO - Обрабатываем файл SBC217102803_720320191101_288000021900000485_200.XML
[2019-11-02 15:45:39Z] - INFO - Обрабатываем файл SBC217102803_720320191101_288000021900000486_100.XML
[2019-11-02 15:45:40Z] - INFO - Обрабатываем файл SBC217102803_720320191101_288000021900000487_100.XML
[2019-11-02 15:45:41Z] - INFO - Выполнение операции "Удаление файла" над целевым объектом "D:\SKAD\transmiter\temp\work\SBC217102803_720320191101_288000021900000485_200.XML".
Выполнение операции "Удаление файла" над целевым объектом "D:\SKAD\transmiter\temp\work\SBC217102803_720320191101_288000021900000486_100.XML".
Выполнение операции "Удаление файла" над целевым объектом "D:\SKAD\transmiter\temp\work\SBC217102803_720320191101_288000021900000487_100.XML".

[2019-11-02 15:45:41Z] - INFO - Выполнение операции "Переименование файла" над целевым объектом "Элемент: D:\SKAD\transmiter\temp\work\SBC217102803_720320191101_288000021900000485_200.XML.test Назначение: D:\SKAD\transmiter\temp\work\SBC217102803_72032
0191101_288000021900000485_200.XML.tst".
Выполнение операции "Переименование файла" над целевым объектом "Элемент: D:\SKAD\transmiter\temp\work\SBC217102803_720320191101_288000021900000486_100.XML.test Назначение: D:\SKAD\transmiter\temp\work\SBC217102803_72032
0191101_288000021900000486_100.XML.tst".
Выполнение операции "Переименование файла" над целевым объектом "Элемент: D:\SKAD\transmiter\temp\work\SBC217102803_720320191101_288000021900000487_100.XML.test Назначение: D:\SKAD\transmiter\temp\work\SBC217102803_72032
0191101_288000021900000487_100.XML.tst".

[2019-11-02 15:45:41Z] - INFO - Начинаем архивацию AN028031911020002.arj ...
[2019-11-02 15:45:41Z] - INFO - Выполнение операции "Удаление файла" над целевым объектом "D:\SKAD\transmiter\temp\work\SBC217102803_720320191101_288000021900000485_200.XML.tst".
Выполнение операции "Удаление файла" над целевым объектом "D:\SKAD\transmiter\temp\work\SBC217102803_720320191101_288000021900000486_100.XML.tst".
Выполнение операции "Удаление файла" над целевым объектом "D:\SKAD\transmiter\temp\work\SBC217102803_720320191101_288000021900000487_100.XML.tst".

[2019-11-02 15:45:41Z] - INFO - Начинаем преобразование...
[2019-11-02 15:45:41Z] - INFO - Обрабатываем файл AN028031911020002.arj
[2019-11-02 15:45:42Z] - INFO - Выполнение операции "Удаление файла" над целевым объектом "D:\SKAD\transmiter\temp\work\AN028031911020002.arj".

[2019-11-02 15:45:42Z] - INFO - Выполнение операции "Переименование файла" над целевым объектом "Элемент: D:\SKAD\transmiter\temp\work\AN028031911020002.arj.test Назначение: D:\SKAD\transmiter\temp\work\AN028031911020002.arj.tst".

[2019-11-02 15:45:43Z] - INFO - Копируем файл архива AN028031911020002.arj.tst в D:\SKAD\transmiter\temp\311jur\Arhive\02112019
[2019-11-02 15:45:43Z] - INFO - Копируем файл архива AN028031911020002.arj.tst в D:\SKAD\transmiter\temp\Post
[2019-11-02 15:45:43Z] - INFO - Выполнение операции "Удаление файла" над целевым объектом "D:\SKAD\transmiter\temp\work\AN028031911020002.arj.tst".

[2019-11-02 15:45:43Z] - INFO - Отправка почтового сообщения
[2019-11-02 15:45:51Z] - ERRR - Не удалось соединиться с почтовым сервером 191.168.6.50
[2019-11-02 15:45:51Z] - INFO - Отправлено 3 файлов
[2019-11-02 15:45:51Z] - INFO - Загружаем исходную ключевую дискету
[2019-11-02 15:45:51Z] - INFO - Конец работы скрипта!
[2019-11-02 15:47:05Z] - INFO - Начало работы Transmiter SKAD Signature
[2019-11-02 15:47:05Z] - INFO - Выполнение операции "Копирование файла" над целевым объектом "Элемент: D:\SKAD\transmiter\temp\GNI\SBC217102803_720320191101_288000021900000485_200.XML Назначение: D:\SKAD\transmiter\temp\work\SBC217102803_720320191101_2
88000021900000485_200.XML".
Выполнение операции "Копирование файла" над целевым объектом "Элемент: D:\SKAD\transmiter\temp\GNI\SBC217102803_720320191101_288000021900000486_100.XML Назначение: D:\SKAD\transmiter\temp\work\SBC217102803_720320191101_2
88000021900000486_100.XML".
Выполнение операции "Копирование файла" над целевым объектом "Элемент: D:\SKAD\transmiter\temp\GNI\SBC217102803_720320191101_288000021900000487_100.XML Назначение: D:\SKAD\transmiter\temp\work\SBC217102803_720320191101_2
88000021900000487_100.XML".

[2019-11-02 15:47:05Z] - INFO - Сохраняем текущею ключевую дискету
[2019-11-02 15:47:05Z] - INFO - Загружаем ключевую дискету d:\SKAD\Floppy\DISKET2019-skad-test\test1
[2019-11-02 15:47:05Z] - INFO - Начинаем преобразование...
[2019-11-02 15:47:05Z] - INFO - Обрабатываем файл SBC217102803_720320191101_288000021900000485_200.XML
[2019-11-02 15:47:06Z] - INFO - Обрабатываем файл SBC217102803_720320191101_288000021900000486_100.XML
[2019-11-02 15:47:07Z] - INFO - Обрабатываем файл SBC217102803_720320191101_288000021900000487_100.XML
[2019-11-02 15:47:08Z] - INFO - Выполнение операции "Удаление файла" над целевым объектом "D:\SKAD\transmiter\temp\work\SBC217102803_720320191101_288000021900000485_200.XML".
Выполнение операции "Удаление файла" над целевым объектом "D:\SKAD\transmiter\temp\work\SBC217102803_720320191101_288000021900000486_100.XML".
Выполнение операции "Удаление файла" над целевым объектом "D:\SKAD\transmiter\temp\work\SBC217102803_720320191101_288000021900000487_100.XML".

[2019-11-02 15:47:08Z] - INFO - Выполнение операции "Переименование файла" над целевым объектом "Элемент: D:\SKAD\transmiter\temp\work\SBC217102803_720320191101_288000021900000485_200.XML.test Назначение: D:\SKAD\transmiter\temp\work\SBC217102803_72032
0191101_288000021900000485_200.XML.tst".
Выполнение операции "Переименование файла" над целевым объектом "Элемент: D:\SKAD\transmiter\temp\work\SBC217102803_720320191101_288000021900000486_100.XML.test Назначение: D:\SKAD\transmiter\temp\work\SBC217102803_72032
0191101_288000021900000486_100.XML.tst".
Выполнение операции "Переименование файла" над целевым объектом "Элемент: D:\SKAD\transmiter\temp\work\SBC217102803_720320191101_288000021900000487_100.XML.test Назначение: D:\SKAD\transmiter\temp\work\SBC217102803_72032
0191101_288000021900000487_100.XML.tst".

[2019-11-02 15:47:08Z] - INFO - Начинаем архивацию AN028031911020003.arj ...
[2019-11-02 15:47:08Z] - INFO - Выполнение операции "Удаление файла" над целевым объектом "D:\SKAD\transmiter\temp\work\SBC217102803_720320191101_288000021900000485_200.XML.tst".
Выполнение операции "Удаление файла" над целевым объектом "D:\SKAD\transmiter\temp\work\SBC217102803_720320191101_288000021900000486_100.XML.tst".
Выполнение операции "Удаление файла" над целевым объектом "D:\SKAD\transmiter\temp\work\SBC217102803_720320191101_288000021900000487_100.XML.tst".

[2019-11-02 15:47:08Z] - INFO - Начинаем преобразование...
[2019-11-02 15:47:08Z] - INFO - Обрабатываем файл AN028031911020003.arj
[2019-11-02 15:47:09Z] - INFO - Выполнение операции "Удаление файла" над целевым объектом "D:\SKAD\transmiter\temp\work\AN028031911020003.arj".

[2019-11-02 15:47:09Z] - INFO - Выполнение операции "Переименование файла" над целевым объектом "Элемент: D:\SKAD\transmiter\temp\work\AN028031911020003.arj.test Назначение: D:\SKAD\transmiter\temp\work\AN028031911020003.arj.tst".

[2019-11-02 15:47:09Z] - INFO - Копируем файл архива AN028031911020003.arj.tst в D:\SKAD\transmiter\temp\311jur\Arhive\02112019
[2019-11-02 15:47:09Z] - INFO - Копируем файл архива AN028031911020003.arj.tst в D:\SKAD\transmiter\temp\Post
[2019-11-02 15:47:09Z] - INFO - Выполнение операции "Удаление файла" над целевым объектом "D:\SKAD\transmiter\temp\work\AN028031911020003.arj.tst".

[2019-11-02 15:47:09Z] - INFO - Отправка почтового сообщения
[2019-11-02 15:47:18Z] - ERRR - Не удалось соединиться с почтовым сервером 191.168.6.50
[2019-11-02 15:47:18Z] - INFO - Отправлено 3 файлов
[2019-11-02 15:47:18Z] - INFO - Загружаем исходную ключевую дискету
[2019-11-02 15:47:18Z] - INFO - Конец работы скрипта!
[2019-11-02 15:48:20Z] - INFO - Начало работы Transmiter SKAD Signature
[2019-11-02 15:48:24Z] - INFO - Обработка отчетности - nalog
[2019-11-02 15:48:27Z] - INFO - Файлы отчетности будут скопированы в папку D:\SKAD\transmiter\temp\work
[2019-11-02 15:48:27Z] - INFO - Выполнение операции "Копирование файла" над целевым объектом "Элемент: D:\SKAD\transmiter\temp\GNI\SBC217102803_720320191101_288000021900000485_200.XML Назначение: D:\SKAD\transmiter\temp\work\SBC217102803_720320191101_2
88000021900000485_200.XML".
Выполнение операции "Копирование файла" над целевым объектом "Элемент: D:\SKAD\transmiter\temp\GNI\SBC217102803_720320191101_288000021900000486_100.XML Назначение: D:\SKAD\transmiter\temp\work\SBC217102803_720320191101_2
88000021900000486_100.XML".
Выполнение операции "Копирование файла" над целевым объектом "Элемент: D:\SKAD\transmiter\temp\GNI\SBC217102803_720320191101_288000021900000487_100.XML Назначение: D:\SKAD\transmiter\temp\work\SBC217102803_720320191101_2
88000021900000487_100.XML".

[2019-11-02 15:48:38Z] - INFO - Сохраняем текущею ключевую дискету
[2019-11-02 15:48:38Z] - INFO - Загружаем ключевую дискету d:\SKAD\Floppy\DISKET2019-skad-test\test1
[2019-11-02 15:48:38Z] - INFO - Начинаем преобразование...
[2019-11-02 15:48:38Z] - INFO - Обрабатываем файл SBC217102803_720320191101_288000021900000485_200.XML
[2019-11-02 15:48:39Z] - INFO - Обрабатываем файл SBC217102803_720320191101_288000021900000486_100.XML
[2019-11-02 15:48:41Z] - INFO - Обрабатываем файл SBC217102803_720320191101_288000021900000487_100.XML
[2019-11-02 15:48:42Z] - INFO - Выполнение операции "Удаление файла" над целевым объектом "D:\SKAD\transmiter\temp\work\SBC217102803_720320191101_288000021900000485_200.XML".
Выполнение операции "Удаление файла" над целевым объектом "D:\SKAD\transmiter\temp\work\SBC217102803_720320191101_288000021900000486_100.XML".
Выполнение операции "Удаление файла" над целевым объектом "D:\SKAD\transmiter\temp\work\SBC217102803_720320191101_288000021900000487_100.XML".

[2019-11-02 15:48:42Z] - INFO - Выполнение операции "Переименование файла" над целевым объектом "Элемент: D:\SKAD\transmiter\temp\work\SBC217102803_720320191101_288000021900000485_200.XML.test Назначение: D:\SKAD\transmiter\temp\work\SBC217102803_72032
0191101_288000021900000485_200.XML".
Выполнение операции "Переименование файла" над целевым объектом "Элемент: D:\SKAD\transmiter\temp\work\SBC217102803_720320191101_288000021900000486_100.XML.test Назначение: D:\SKAD\transmiter\temp\work\SBC217102803_72032
0191101_288000021900000486_100.XML".
Выполнение операции "Переименование файла" над целевым объектом "Элемент: D:\SKAD\transmiter\temp\work\SBC217102803_720320191101_288000021900000487_100.XML.test Назначение: D:\SKAD\transmiter\temp\work\SBC217102803_72032
0191101_288000021900000487_100.XML".

[2019-11-02 15:48:42Z] - INFO - Начинаем архивацию AN028031911020001.arj ...
[2019-11-02 15:48:42Z] - INFO - Выполнение операции "Удаление файла" над целевым объектом "D:\SKAD\transmiter\temp\work\SBC217102803_720320191101_288000021900000485_200.XML".
Выполнение операции "Удаление файла" над целевым объектом "D:\SKAD\transmiter\temp\work\SBC217102803_720320191101_288000021900000486_100.XML".
Выполнение операции "Удаление файла" над целевым объектом "D:\SKAD\transmiter\temp\work\SBC217102803_720320191101_288000021900000487_100.XML".

[2019-11-02 15:48:42Z] - INFO - Начинаем преобразование...
[2019-11-02 15:48:42Z] - INFO - Обрабатываем файл AN028031911020001.arj
[2019-11-02 15:48:43Z] - INFO - Выполнение операции "Удаление файла" над целевым объектом "D:\SKAD\transmiter\temp\work\AN028031911020001.arj".

[2019-11-02 15:48:43Z] - INFO - Выполнение операции "Переименование файла" над целевым объектом "Элемент: D:\SKAD\transmiter\temp\work\AN028031911020001.arj.test Назначение: D:\SKAD\transmiter\temp\work\AN028031911020001.arj".

[2019-11-02 15:48:43Z] - INFO - Копируем файл архива AN028031911020001.arj в D:\SKAD\transmiter\temp\311jur\Arhive\02112019
[2019-11-02 15:48:43Z] - INFO - Копируем файл архива AN028031911020001.arj в D:\SKAD\transmiter\temp\Post
[2019-11-02 15:48:43Z] - INFO - Выполнение операции "Удаление файла" над целевым объектом "D:\SKAD\transmiter\temp\work\AN028031911020001.arj".

[2019-11-02 15:48:43Z] - INFO - Отправка почтового сообщения
[2019-11-02 15:48:52Z] - ERRR - Не удалось соединиться с почтовым сервером 191.168.6.50
[2019-11-02 15:48:52Z] - INFO - Отправлено 3 файлов
[2019-11-02 15:48:52Z] - INFO - Загружаем исходную ключевую дискету
[2019-11-02 15:48:52Z] - INFO - Конец работы скрипта!
[2019-11-02 15:52:21Z] - INFO - Начало работы Transmiter SKAD Signature
[2019-11-02 15:52:21Z] - INFO - Выполнение операции "Копирование файла" над целевым объектом "Элемент: D:\SKAD\transmiter\temp\GNI\SBC217102803_720320191101_288000021900000485_200.XML Назначение: D:\SKAD\transmiter\temp\work\SBC217102803_720320191101_2
88000021900000485_200.XML".
Выполнение операции "Копирование файла" над целевым объектом "Элемент: D:\SKAD\transmiter\temp\GNI\SBC217102803_720320191101_288000021900000486_100.XML Назначение: D:\SKAD\transmiter\temp\work\SBC217102803_720320191101_2
88000021900000486_100.XML".
Выполнение операции "Копирование файла" над целевым объектом "Элемент: D:\SKAD\transmiter\temp\GNI\SBC217102803_720320191101_288000021900000487_100.XML Назначение: D:\SKAD\transmiter\temp\work\SBC217102803_720320191101_2
88000021900000487_100.XML".

[2019-11-02 15:52:21Z] - INFO - Сохраняем текущею ключевую дискету
[2019-11-02 15:52:21Z] - INFO - Загружаем ключевую дискету d:\SKAD\Floppy\DISKET2019-skad-test\test1
[2019-11-02 15:52:21Z] - INFO - Начинаем преобразование...
[2019-11-02 15:52:21Z] - INFO - Обрабатываем файл SBC217102803_720320191101_288000021900000485_200.XML
[2019-11-02 15:52:22Z] - INFO - Обрабатываем файл SBC217102803_720320191101_288000021900000486_100.XML
[2019-11-02 15:52:23Z] - INFO - Обрабатываем файл SBC217102803_720320191101_288000021900000487_100.XML
[2019-11-02 15:52:24Z] - INFO - Выполнение операции "Удаление файла" над целевым объектом "D:\SKAD\transmiter\temp\work\SBC217102803_720320191101_288000021900000485_200.XML".
Выполнение операции "Удаление файла" над целевым объектом "D:\SKAD\transmiter\temp\work\SBC217102803_720320191101_288000021900000486_100.XML".
Выполнение операции "Удаление файла" над целевым объектом "D:\SKAD\transmiter\temp\work\SBC217102803_720320191101_288000021900000487_100.XML".

[2019-11-02 15:52:24Z] - INFO - Выполнение операции "Переименование файла" над целевым объектом "Элемент: D:\SKAD\transmiter\temp\work\SBC217102803_720320191101_288000021900000485_200.XML.test Назначение: D:\SKAD\transmiter\temp\work\SBC217102803_72032
0191101_288000021900000485_200.XML.tst".
Выполнение операции "Переименование файла" над целевым объектом "Элемент: D:\SKAD\transmiter\temp\work\SBC217102803_720320191101_288000021900000486_100.XML.test Назначение: D:\SKAD\transmiter\temp\work\SBC217102803_72032
0191101_288000021900000486_100.XML.tst".
Выполнение операции "Переименование файла" над целевым объектом "Элемент: D:\SKAD\transmiter\temp\work\SBC217102803_720320191101_288000021900000487_100.XML.test Назначение: D:\SKAD\transmiter\temp\work\SBC217102803_72032
0191101_288000021900000487_100.XML.tst".

[2019-11-02 15:52:24Z] - INFO - Начинаем архивацию AN028031911020004.arj ...
[2019-11-02 15:52:24Z] - INFO - Выполнение операции "Удаление файла" над целевым объектом "D:\SKAD\transmiter\temp\work\SBC217102803_720320191101_288000021900000485_200.XML.tst".
Выполнение операции "Удаление файла" над целевым объектом "D:\SKAD\transmiter\temp\work\SBC217102803_720320191101_288000021900000486_100.XML.tst".
Выполнение операции "Удаление файла" над целевым объектом "D:\SKAD\transmiter\temp\work\SBC217102803_720320191101_288000021900000487_100.XML.tst".

[2019-11-02 15:52:24Z] - INFO - Начинаем преобразование...
[2019-11-02 15:52:24Z] - INFO - Обрабатываем файл AN028031911020004.arj
[2019-11-02 15:52:25Z] - INFO - Выполнение операции "Удаление файла" над целевым объектом "D:\SKAD\transmiter\temp\work\AN028031911020004.arj".

[2019-11-02 15:52:25Z] - INFO - Выполнение операции "Переименование файла" над целевым объектом "Элемент: D:\SKAD\transmiter\temp\work\AN028031911020004.arj.test Назначение: D:\SKAD\transmiter\temp\work\AN028031911020004.arj.tst".

[2019-11-02 15:52:25Z] - INFO - Копируем файл архива AN028031911020004.arj.tst в D:\SKAD\transmiter\temp\311jur\Arhive\02112019
[2019-11-02 15:52:25Z] - INFO - Копируем файл архива AN028031911020004.arj.tst в D:\SKAD\transmiter\temp\Post
[2019-11-02 15:52:25Z] - INFO - Выполнение операции "Удаление файла" над целевым объектом "D:\SKAD\transmiter\temp\work\AN028031911020004.arj.tst".

[2019-11-02 15:52:25Z] - INFO - Отправка почтового сообщения
[2019-11-02 15:52:34Z] - ERRR - Не удалось соединиться с почтовым сервером 191.168.6.50
[2019-11-02 15:52:34Z] - INFO - Отправлено 3 файлов
[2019-11-02 15:52:34Z] - INFO - Загружаем исходную ключевую дискету
[2019-11-02 15:52:34Z] - INFO - Конец работы скрипта!
[2019-11-02 15:52:48Z] - INFO - Начало работы Transmiter SKAD Signature
[2019-11-02 15:52:48Z] - INFO - Выполнение операции "Копирование файла" над целевым объектом "Элемент: D:\SKAD\transmiter\temp\GNI\SBC217102803_720320191101_288000021900000485_200.XML Назначение: D:\SKAD\transmiter\temp\work\SBC217102803_720320191101_2
88000021900000485_200.XML".
Выполнение операции "Копирование файла" над целевым объектом "Элемент: D:\SKAD\transmiter\temp\GNI\SBC217102803_720320191101_288000021900000486_100.XML Назначение: D:\SKAD\transmiter\temp\work\SBC217102803_720320191101_2
88000021900000486_100.XML".
Выполнение операции "Копирование файла" над целевым объектом "Элемент: D:\SKAD\transmiter\temp\GNI\SBC217102803_720320191101_288000021900000487_100.XML Назначение: D:\SKAD\transmiter\temp\work\SBC217102803_720320191101_2
88000021900000487_100.XML".

[2019-11-02 15:52:48Z] - INFO - Сохраняем текущею ключевую дискету
[2019-11-02 15:52:48Z] - INFO - Загружаем ключевую дискету d:\SKAD\Floppy\DISKET2019-skad-test\test1
[2019-11-02 15:52:48Z] - INFO - Начинаем преобразование...
[2019-11-02 15:52:48Z] - INFO - Обрабатываем файл SBC217102803_720320191101_288000021900000485_200.XML
[2019-11-02 15:52:49Z] - INFO - Обрабатываем файл SBC217102803_720320191101_288000021900000486_100.XML
[2019-11-02 15:52:50Z] - INFO - Обрабатываем файл SBC217102803_720320191101_288000021900000487_100.XML
[2019-11-02 15:52:51Z] - INFO - Выполнение операции "Удаление файла" над целевым объектом "D:\SKAD\transmiter\temp\work\SBC217102803_720320191101_288000021900000485_200.XML".
Выполнение операции "Удаление файла" над целевым объектом "D:\SKAD\transmiter\temp\work\SBC217102803_720320191101_288000021900000486_100.XML".
Выполнение операции "Удаление файла" над целевым объектом "D:\SKAD\transmiter\temp\work\SBC217102803_720320191101_288000021900000487_100.XML".

[2019-11-02 15:52:51Z] - INFO - Выполнение операции "Переименование файла" над целевым объектом "Элемент: D:\SKAD\transmiter\temp\work\SBC217102803_720320191101_288000021900000485_200.XML.test Назначение: D:\SKAD\transmiter\temp\work\SBC217102803_72032
0191101_288000021900000485_200.XML.tst".
Выполнение операции "Переименование файла" над целевым объектом "Элемент: D:\SKAD\transmiter\temp\work\SBC217102803_720320191101_288000021900000486_100.XML.test Назначение: D:\SKAD\transmiter\temp\work\SBC217102803_72032
0191101_288000021900000486_100.XML.tst".
Выполнение операции "Переименование файла" над целевым объектом "Элемент: D:\SKAD\transmiter\temp\work\SBC217102803_720320191101_288000021900000487_100.XML.test Назначение: D:\SKAD\transmiter\temp\work\SBC217102803_72032
0191101_288000021900000487_100.XML.tst".

[2019-11-02 15:52:51Z] - INFO - Начинаем архивацию AN028031911020005.arj ...
[2019-11-02 15:52:51Z] - INFO - Выполнение операции "Удаление файла" над целевым объектом "D:\SKAD\transmiter\temp\work\SBC217102803_720320191101_288000021900000485_200.XML.tst".
Выполнение операции "Удаление файла" над целевым объектом "D:\SKAD\transmiter\temp\work\SBC217102803_720320191101_288000021900000486_100.XML.tst".
Выполнение операции "Удаление файла" над целевым объектом "D:\SKAD\transmiter\temp\work\SBC217102803_720320191101_288000021900000487_100.XML.tst".

[2019-11-02 15:52:51Z] - INFO - Начинаем преобразование...
[2019-11-02 15:52:51Z] - INFO - Обрабатываем файл AN028031911020005.arj
[2019-11-02 15:52:52Z] - INFO - Выполнение операции "Удаление файла" над целевым объектом "D:\SKAD\transmiter\temp\work\AN028031911020005.arj".

[2019-11-02 15:52:52Z] - INFO - Выполнение операции "Переименование файла" над целевым объектом "Элемент: D:\SKAD\transmiter\temp\work\AN028031911020005.arj.test Назначение: D:\SKAD\transmiter\temp\work\AN028031911020005.arj.tst".

[2019-11-02 15:52:52Z] - INFO - Копируем файл архива AN028031911020005.arj.tst в D:\SKAD\transmiter\temp\311jur\Arhive\02112019
[2019-11-02 15:52:52Z] - INFO - Копируем файл архива AN028031911020005.arj.tst в D:\SKAD\transmiter\temp\Post
[2019-11-02 15:52:52Z] - INFO - Выполнение операции "Удаление файла" над целевым объектом "D:\SKAD\transmiter\temp\work\AN028031911020005.arj.tst".

[2019-11-02 15:52:52Z] - INFO - Отправка почтового сообщения
[2019-11-02 15:53:01Z] - ERRR - Не удалось соединиться с почтовым сервером 191.168.6.50
[2019-11-02 15:53:01Z] - INFO - Отправлено 3 файлов
[2019-11-02 15:53:01Z] - INFO - Загружаем исходную ключевую дискету
[2019-11-02 15:53:01Z] - INFO - Конец работы скрипта!
