Текущее время: Sat Nov 02 14:36:23 2019
"C:\Program Files\MDPREI\spki\spki1utl.exe" -sign -encrypt -profile OT_TestFOIV -registry -algorithm 1.2.643.7.1.1.2.2 -in D:\SKAD\transmiter\temp\work\SFC017102803_720320191029_288000021900088041_700.XML -out D:\SKAD\transmiter\temp\work\SFC017102803_720320191029_288000021900088041_700.XML.test -reclist D:\SKAD\transmiter\util\Reclist.conf -silent D:\SKAD\transmiter\log\02112019_spki_tr.log 
Инициализация
Установка ЭП и шифрование файла
Результат: OK (00000000)
Текущее время: Sat Nov 02 14:36:27 2019
"C:\Program Files\MDPREI\spki\spki1utl.exe" -sign -encrypt -profile OT_TestFOIV -registry -algorithm 1.2.643.7.1.1.2.2 -in D:\SKAD\transmiter\temp\work\SFC017102803_720320191029_288000021900088042_700.XML -out D:\SKAD\transmiter\temp\work\SFC017102803_720320191029_288000021900088042_700.XML.test -reclist D:\SKAD\transmiter\util\Reclist.conf -silent D:\SKAD\transmiter\log\02112019_spki_tr.log 
Инициализация
Установка ЭП и шифрование файла
Результат: OK (00000000)
Текущее время: Sat Nov 02 14:36:28 2019
"C:\Program Files\MDPREI\spki\spki1utl.exe" -sign -encrypt -profile OT_TestFOIV -registry -algorithm 1.2.643.7.1.1.2.2 -in D:\SKAD\transmiter\temp\work\SFC017102803_720320191029_288000021901061098_700.xml -out D:\SKAD\transmiter\temp\work\SFC017102803_720320191029_288000021901061098_700.xml.test -reclist D:\SKAD\transmiter\util\Reclist.conf -silent D:\SKAD\transmiter\log\02112019_spki_tr.log 
Инициализация
Установка ЭП и шифрование файла
Результат: OK (00000000)
Текущее время: Sat Nov 02 14:36:29 2019
"C:\Program Files\MDPREI\spki\spki1utl.exe" -sign -encrypt -profile OT_TestFOIV -registry -algorithm 1.2.643.7.1.1.2.2 -in D:\SKAD\transmiter\temp\work\SFC017102803_720320191029_288000021901061100_700.xml -out D:\SKAD\transmiter\temp\work\SFC017102803_720320191029_288000021901061100_700.xml.test -reclist D:\SKAD\transmiter\util\Reclist.conf -silent D:\SKAD\transmiter\log\02112019_spki_tr.log 
Инициализация
Установка ЭП и шифрование файла
Результат: OK (00000000)
Текущее время: Sat Nov 02 14:36:31 2019
"C:\Program Files\MDPREI\spki\spki1utl.exe" -sign -profile OT_TestFOIV -registry -algorithm 1.2.643.7.1.1.2.2 -data D:\SKAD\transmiter\temp\work\BN028031911020001.arj -out D:\SKAD\transmiter\temp\work\BN028031911020001.arj.test -reclist D:\SKAD\transmiter\util\Reclist.conf -silent D:\SKAD\transmiter\log\02112019_spki_tr.log 
Инициализация
Установка ЭП файла
Результат: OK (00000000)
Текущее время: Sat Nov 02 14:37:17 2019
"C:\Program Files\MDPREI\spki\spki1utl.exe" -sign -encrypt -profile OT_TestFOIV -registry -algorithm 1.2.643.7.1.1.2.2 -in D:\SKAD\transmiter\temp\work\SFC017102803_720320191029_288000021900088041_700.XML -out D:\SKAD\transmiter\temp\work\SFC017102803_720320191029_288000021900088041_700.XML.test -reclist D:\SKAD\transmiter\util\Reclist.conf -silent D:\SKAD\transmiter\log\02112019_spki_tr.log 
Инициализация
Установка ЭП и шифрование файла
Результат: OK (00000000)
Текущее время: Sat Nov 02 14:37:18 2019
"C:\Program Files\MDPREI\spki\spki1utl.exe" -sign -encrypt -profile OT_TestFOIV -registry -algorithm 1.2.643.7.1.1.2.2 -in D:\SKAD\transmiter\temp\work\SFC017102803_720320191029_288000021900088042_700.XML -out D:\SKAD\transmiter\temp\work\SFC017102803_720320191029_288000021900088042_700.XML.test -reclist D:\SKAD\transmiter\util\Reclist.conf -silent D:\SKAD\transmiter\log\02112019_spki_tr.log 
Инициализация
Установка ЭП и шифрование файла
Результат: OK (00000000)
Текущее время: Sat Nov 02 14:37:19 2019
"C:\Program Files\MDPREI\spki\spki1utl.exe" -sign -encrypt -profile OT_TestFOIV -registry -algorithm 1.2.643.7.1.1.2.2 -in D:\SKAD\transmiter\temp\work\SFC017102803_720320191029_288000021901061098_700.xml -out D:\SKAD\transmiter\temp\work\SFC017102803_720320191029_288000021901061098_700.xml.test -reclist D:\SKAD\transmiter\util\Reclist.conf -silent D:\SKAD\transmiter\log\02112019_spki_tr.log 
Инициализация
Установка ЭП и шифрование файла
Результат: OK (00000000)
Текущее время: Sat Nov 02 14:37:20 2019
"C:\Program Files\MDPREI\spki\spki1utl.exe" -sign -encrypt -profile OT_TestFOIV -registry -algorithm 1.2.643.7.1.1.2.2 -in D:\SKAD\transmiter\temp\work\SFC017102803_720320191029_288000021901061100_700.xml -out D:\SKAD\transmiter\temp\work\SFC017102803_720320191029_288000021901061100_700.xml.test -reclist D:\SKAD\transmiter\util\Reclist.conf -silent D:\SKAD\transmiter\log\02112019_spki_tr.log 
Инициализация
Установка ЭП и шифрование файла
Результат: OK (00000000)
Текущее время: Sat Nov 02 14:37:21 2019
"C:\Program Files\MDPREI\spki\spki1utl.exe" -sign -profile OT_TestFOIV -registry -algorithm 1.2.643.7.1.1.2.2 -data D:\SKAD\transmiter\temp\work\BN028031911020002.arj -out D:\SKAD\transmiter\temp\work\BN028031911020002.arj.test -reclist D:\SKAD\transmiter\util\Reclist.conf -silent D:\SKAD\transmiter\log\02112019_spki_tr.log 
Инициализация
Установка ЭП файла
Результат: OK (00000000)
Текущее время: Sat Nov 02 14:38:35 2019
"C:\Program Files\MDPREI\spki\spki1utl.exe" -sign -encrypt -profile OT_TestFOIV -registry -algorithm 1.2.643.7.1.1.2.2 -in D:\SKAD\transmiter\temp\work\SFC017102803_720320191029_288000021900088041_700.XML -out D:\SKAD\transmiter\temp\work\SFC017102803_720320191029_288000021900088041_700.XML.test -reclist D:\SKAD\transmiter\util\Reclist.conf -silent D:\SKAD\transmiter\log\02112019_spki_tr.log 
Инициализация
Установка ЭП и шифрование файла
Результат: OK (00000000)
Текущее время: Sat Nov 02 14:38:36 2019
"C:\Program Files\MDPREI\spki\spki1utl.exe" -sign -encrypt -profile OT_TestFOIV -registry -algorithm 1.2.643.7.1.1.2.2 -in D:\SKAD\transmiter\temp\work\SFC017102803_720320191029_288000021900088042_700.XML -out D:\SKAD\transmiter\temp\work\SFC017102803_720320191029_288000021900088042_700.XML.test -reclist D:\SKAD\transmiter\util\Reclist.conf -silent D:\SKAD\transmiter\log\02112019_spki_tr.log 
Инициализация
Установка ЭП и шифрование файла
Результат: OK (00000000)
Текущее время: Sat Nov 02 14:38:37 2019
"C:\Program Files\MDPREI\spki\spki1utl.exe" -sign -encrypt -profile OT_TestFOIV -registry -algorithm 1.2.643.7.1.1.2.2 -in D:\SKAD\transmiter\temp\work\SFC017102803_720320191029_288000021901061098_700.xml -out D:\SKAD\transmiter\temp\work\SFC017102803_720320191029_288000021901061098_700.xml.test -reclist D:\SKAD\transmiter\util\Reclist.conf -silent D:\SKAD\transmiter\log\02112019_spki_tr.log 
Инициализация
Установка ЭП и шифрование файла
Результат: OK (00000000)
Текущее время: Sat Nov 02 14:38:38 2019
"C:\Program Files\MDPREI\spki\spki1utl.exe" -sign -encrypt -profile OT_TestFOIV -registry -algorithm 1.2.643.7.1.1.2.2 -in D:\SKAD\transmiter\temp\work\SFC017102803_720320191029_288000021901061100_700.xml -out D:\SKAD\transmiter\temp\work\SFC017102803_720320191029_288000021901061100_700.xml.test -reclist D:\SKAD\transmiter\util\Reclist.conf -silent D:\SKAD\transmiter\log\02112019_spki_tr.log 
Инициализация
Установка ЭП и шифрование файла
Результат: OK (00000000)
Текущее время: Sat Nov 02 14:38:40 2019
"C:\Program Files\MDPREI\spki\spki1utl.exe" -sign -profile OT_TestFOIV -registry -algorithm 1.2.643.7.1.1.2.2 -data D:\SKAD\transmiter\temp\work\BN028031911020003.arj -out D:\SKAD\transmiter\temp\work\BN028031911020003.arj.test -reclist D:\SKAD\transmiter\util\Reclist.conf -silent D:\SKAD\transmiter\log\02112019_spki_tr.log 
Инициализация
Установка ЭП файла
Результат: OK (00000000)
Текущее время: Sat Nov 02 15:44:27 2019
"C:\Program Files\MDPREI\spki\spki1utl.exe" -sign -encrypt -profile OT_TestFOIV -registry -algorithm 1.2.643.7.1.1.2.2 -in D:\SKAD\transmiter\temp\work\SBC217102803_720320191101_288000021900000485_200.XML -out D:\SKAD\transmiter\temp\work\SBC217102803_720320191101_288000021900000485_200.XML.test -reclist D:\SKAD\transmiter\util\Reclist.conf -silent D:\SKAD\transmiter\log\02112019_spki_tr.log 
Инициализация
Установка ЭП и шифрование файла
Результат: OK (00000000)
Текущее время: Sat Nov 02 15:44:28 2019
"C:\Program Files\MDPREI\spki\spki1utl.exe" -sign -encrypt -profile OT_TestFOIV -registry -algorithm 1.2.643.7.1.1.2.2 -in D:\SKAD\transmiter\temp\work\SBC217102803_720320191101_288000021900000486_100.XML -out D:\SKAD\transmiter\temp\work\SBC217102803_720320191101_288000021900000486_100.XML.test -reclist D:\SKAD\transmiter\util\Reclist.conf -silent D:\SKAD\transmiter\log\02112019_spki_tr.log 
Инициализация
Установка ЭП и шифрование файла
Результат: OK (00000000)
Текущее время: Sat Nov 02 15:44:29 2019
"C:\Program Files\MDPREI\spki\spki1utl.exe" -sign -encrypt -profile OT_TestFOIV -registry -algorithm 1.2.643.7.1.1.2.2 -in D:\SKAD\transmiter\temp\work\SBC217102803_720320191101_288000021900000487_100.XML -out D:\SKAD\transmiter\temp\work\SBC217102803_720320191101_288000021900000487_100.XML.test -reclist D:\SKAD\transmiter\util\Reclist.conf -silent D:\SKAD\transmiter\log\02112019_spki_tr.log 
Инициализация
Установка ЭП и шифрование файла
Результат: OK (00000000)
Текущее время: Sat Nov 02 15:44:30 2019
"C:\Program Files\MDPREI\spki\spki1utl.exe" -sign -profile OT_TestFOIV -registry -algorithm 1.2.643.7.1.1.2.2 -data D:\SKAD\transmiter\temp\work\AN028031911020001.arj -out D:\SKAD\transmiter\temp\work\AN028031911020001.arj.test -reclist D:\SKAD\transmiter\util\Reclist.conf -silent D:\SKAD\transmiter\log\02112019_spki_tr.log 
Инициализация
Установка ЭП файла
Результат: OK (00000000)
Текущее время: Sat Nov 02 15:45:38 2019
"C:\Program Files\MDPREI\spki\spki1utl.exe" -sign -encrypt -profile OT_TestFOIV -registry -algorithm 1.2.643.7.1.1.2.2 -in D:\SKAD\transmiter\temp\work\SBC217102803_720320191101_288000021900000485_200.XML -out D:\SKAD\transmiter\temp\work\SBC217102803_720320191101_288000021900000485_200.XML.test -reclist D:\SKAD\transmiter\util\Reclist.conf -silent D:\SKAD\transmiter\log\02112019_spki_tr.log 
Инициализация
Установка ЭП и шифрование файла
Результат: OK (00000000)
Текущее время: Sat Nov 02 15:45:39 2019
"C:\Program Files\MDPREI\spki\spki1utl.exe" -sign -encrypt -profile OT_TestFOIV -registry -algorithm 1.2.643.7.1.1.2.2 -in D:\SKAD\transmiter\temp\work\SBC217102803_720320191101_288000021900000486_100.XML -out D:\SKAD\transmiter\temp\work\SBC217102803_720320191101_288000021900000486_100.XML.test -reclist D:\SKAD\transmiter\util\Reclist.conf -silent D:\SKAD\transmiter\log\02112019_spki_tr.log 
Инициализация
Установка ЭП и шифрование файла
Результат: OK (00000000)
Текущее время: Sat Nov 02 15:45:40 2019
"C:\Program Files\MDPREI\spki\spki1utl.exe" -sign -encrypt -profile OT_TestFOIV -registry -algorithm 1.2.643.7.1.1.2.2 -in D:\SKAD\transmiter\temp\work\SBC217102803_720320191101_288000021900000487_100.XML -out D:\SKAD\transmiter\temp\work\SBC217102803_720320191101_288000021900000487_100.XML.test -reclist D:\SKAD\transmiter\util\Reclist.conf -silent D:\SKAD\transmiter\log\02112019_spki_tr.log 
Инициализация
Установка ЭП и шифрование файла
Результат: OK (00000000)
Текущее время: Sat Nov 02 15:45:41 2019
"C:\Program Files\MDPREI\spki\spki1utl.exe" -sign -profile OT_TestFOIV -registry -algorithm 1.2.643.7.1.1.2.2 -data D:\SKAD\transmiter\temp\work\AN028031911020002.arj -out D:\SKAD\transmiter\temp\work\AN028031911020002.arj.test -reclist D:\SKAD\transmiter\util\Reclist.conf -silent D:\SKAD\transmiter\log\02112019_spki_tr.log 
Инициализация
Установка ЭП файла
Результат: OK (00000000)
Текущее время: Sat Nov 02 15:47:05 2019
"C:\Program Files\MDPREI\spki\spki1utl.exe" -sign -encrypt -profile OT_TestFOIV -registry -algorithm 1.2.643.7.1.1.2.2 -in D:\SKAD\transmiter\temp\work\SBC217102803_720320191101_288000021900000485_200.XML -out D:\SKAD\transmiter\temp\work\SBC217102803_720320191101_288000021900000485_200.XML.test -reclist D:\SKAD\transmiter\util\Reclist.conf -silent D:\SKAD\transmiter\log\02112019_spki_tr.log 
Инициализация
Установка ЭП и шифрование файла
Результат: OK (00000000)
Текущее время: Sat Nov 02 15:47:06 2019
"C:\Program Files\MDPREI\spki\spki1utl.exe" -sign -encrypt -profile OT_TestFOIV -registry -algorithm 1.2.643.7.1.1.2.2 -in D:\SKAD\transmiter\temp\work\SBC217102803_720320191101_288000021900000486_100.XML -out D:\SKAD\transmiter\temp\work\SBC217102803_720320191101_288000021900000486_100.XML.test -reclist D:\SKAD\transmiter\util\Reclist.conf -silent D:\SKAD\transmiter\log\02112019_spki_tr.log 
Инициализация
Установка ЭП и шифрование файла
Результат: OK (00000000)
Текущее время: Sat Nov 02 15:47:07 2019
"C:\Program Files\MDPREI\spki\spki1utl.exe" -sign -encrypt -profile OT_TestFOIV -registry -algorithm 1.2.643.7.1.1.2.2 -in D:\SKAD\transmiter\temp\work\SBC217102803_720320191101_288000021900000487_100.XML -out D:\SKAD\transmiter\temp\work\SBC217102803_720320191101_288000021900000487_100.XML.test -reclist D:\SKAD\transmiter\util\Reclist.conf -silent D:\SKAD\transmiter\log\02112019_spki_tr.log 
Инициализация
Установка ЭП и шифрование файла
Результат: OK (00000000)
Текущее время: Sat Nov 02 15:47:08 2019
"C:\Program Files\MDPREI\spki\spki1utl.exe" -sign -profile OT_TestFOIV -registry -algorithm 1.2.643.7.1.1.2.2 -data D:\SKAD\transmiter\temp\work\AN028031911020003.arj -out D:\SKAD\transmiter\temp\work\AN028031911020003.arj.test -reclist D:\SKAD\transmiter\util\Reclist.conf -silent D:\SKAD\transmiter\log\02112019_spki_tr.log 
Инициализация
Установка ЭП файла
Результат: OK (00000000)
Текущее время: Sat Nov 02 15:48:38 2019
"C:\Program Files\MDPREI\spki\spki1utl.exe" -sign -encrypt -profile OT_TestFOIV -registry -algorithm 1.2.643.7.1.1.2.2 -in D:\SKAD\transmiter\temp\work\SBC217102803_720320191101_288000021900000485_200.XML -out D:\SKAD\transmiter\temp\work\SBC217102803_720320191101_288000021900000485_200.XML.test -reclist D:\SKAD\transmiter\util\Reclist.conf -silent D:\SKAD\transmiter\log\02112019_spki_tr.log 
Инициализация
Установка ЭП и шифрование файла
Результат: OK (00000000)
Текущее время: Sat Nov 02 15:48:40 2019
"C:\Program Files\MDPREI\spki\spki1utl.exe" -sign -encrypt -profile OT_TestFOIV -registry -algorithm 1.2.643.7.1.1.2.2 -in D:\SKAD\transmiter\temp\work\SBC217102803_720320191101_288000021900000486_100.XML -out D:\SKAD\transmiter\temp\work\SBC217102803_720320191101_288000021900000486_100.XML.test -reclist D:\SKAD\transmiter\util\Reclist.conf -silent D:\SKAD\transmiter\log\02112019_spki_tr.log 
Инициализация
Установка ЭП и шифрование файла
Результат: OK (00000000)
Текущее время: Sat Nov 02 15:48:41 2019
"C:\Program Files\MDPREI\spki\spki1utl.exe" -sign -encrypt -profile OT_TestFOIV -registry -algorithm 1.2.643.7.1.1.2.2 -in D:\SKAD\transmiter\temp\work\SBC217102803_720320191101_288000021900000487_100.XML -out D:\SKAD\transmiter\temp\work\SBC217102803_720320191101_288000021900000487_100.XML.test -reclist D:\SKAD\transmiter\util\Reclist.conf -silent D:\SKAD\transmiter\log\02112019_spki_tr.log 
Инициализация
Установка ЭП и шифрование файла
Результат: OK (00000000)
Текущее время: Sat Nov 02 15:48:42 2019
"C:\Program Files\MDPREI\spki\spki1utl.exe" -sign -profile OT_TestFOIV -registry -algorithm 1.2.643.7.1.1.2.2 -data D:\SKAD\transmiter\temp\work\AN028031911020001.arj -out D:\SKAD\transmiter\temp\work\AN028031911020001.arj.test -reclist D:\SKAD\transmiter\util\Reclist.conf -silent D:\SKAD\transmiter\log\02112019_spki_tr.log 
Инициализация
Установка ЭП файла
Результат: OK (00000000)
Текущее время: Sat Nov 02 15:52:21 2019
"C:\Program Files\MDPREI\spki\spki1utl.exe" -sign -encrypt -profile OT_TestFOIV -registry -algorithm 1.2.643.7.1.1.2.2 -in D:\SKAD\transmiter\temp\work\SBC217102803_720320191101_288000021900000485_200.XML -out D:\SKAD\transmiter\temp\work\SBC217102803_720320191101_288000021900000485_200.XML.test -reclist D:\SKAD\transmiter\util\Reclist.conf -silent D:\SKAD\transmiter\log\02112019_spki_tr.log 
Инициализация
Установка ЭП и шифрование файла
Результат: OK (00000000)
Текущее время: Sat Nov 02 15:52:22 2019
"C:\Program Files\MDPREI\spki\spki1utl.exe" -sign -encrypt -profile OT_TestFOIV -registry -algorithm 1.2.643.7.1.1.2.2 -in D:\SKAD\transmiter\temp\work\SBC217102803_720320191101_288000021900000486_100.XML -out D:\SKAD\transmiter\temp\work\SBC217102803_720320191101_288000021900000486_100.XML.test -reclist D:\SKAD\transmiter\util\Reclist.conf -silent D:\SKAD\transmiter\log\02112019_spki_tr.log 
Инициализация
Установка ЭП и шифрование файла
Результат: OK (00000000)
Текущее время: Sat Nov 02 15:52:23 2019
"C:\Program Files\MDPREI\spki\spki1utl.exe" -sign -encrypt -profile OT_TestFOIV -registry -algorithm 1.2.643.7.1.1.2.2 -in D:\SKAD\transmiter\temp\work\SBC217102803_720320191101_288000021900000487_100.XML -out D:\SKAD\transmiter\temp\work\SBC217102803_720320191101_288000021900000487_100.XML.test -reclist D:\SKAD\transmiter\util\Reclist.conf -silent D:\SKAD\transmiter\log\02112019_spki_tr.log 
Инициализация
Установка ЭП и шифрование файла
Результат: OK (00000000)
Текущее время: Sat Nov 02 15:52:24 2019
"C:\Program Files\MDPREI\spki\spki1utl.exe" -sign -profile OT_TestFOIV -registry -algorithm 1.2.643.7.1.1.2.2 -data D:\SKAD\transmiter\temp\work\AN028031911020004.arj -out D:\SKAD\transmiter\temp\work\AN028031911020004.arj.test -reclist D:\SKAD\transmiter\util\Reclist.conf -silent D:\SKAD\transmiter\log\02112019_spki_tr.log 
Инициализация
Установка ЭП файла
Результат: OK (00000000)
Текущее время: Sat Nov 02 15:52:48 2019
"C:\Program Files\MDPREI\spki\spki1utl.exe" -sign -encrypt -profile OT_TestFOIV -registry -algorithm 1.2.643.7.1.1.2.2 -in D:\SKAD\transmiter\temp\work\SBC217102803_720320191101_288000021900000485_200.XML -out D:\SKAD\transmiter\temp\work\SBC217102803_720320191101_288000021900000485_200.XML.test -reclist D:\SKAD\transmiter\util\Reclist.conf -silent D:\SKAD\transmiter\log\02112019_spki_tr.log 
Инициализация
Установка ЭП и шифрование файла
Результат: OK (00000000)
Текущее время: Sat Nov 02 15:52:49 2019
"C:\Program Files\MDPREI\spki\spki1utl.exe" -sign -encrypt -profile OT_TestFOIV -registry -algorithm 1.2.643.7.1.1.2.2 -in D:\SKAD\transmiter\temp\work\SBC217102803_720320191101_288000021900000486_100.XML -out D:\SKAD\transmiter\temp\work\SBC217102803_720320191101_288000021900000486_100.XML.test -reclist D:\SKAD\transmiter\util\Reclist.conf -silent D:\SKAD\transmiter\log\02112019_spki_tr.log 
Инициализация
Установка ЭП и шифрование файла
Результат: OK (00000000)
Текущее время: Sat Nov 02 15:52:50 2019
"C:\Program Files\MDPREI\spki\spki1utl.exe" -sign -encrypt -profile OT_TestFOIV -registry -algorithm 1.2.643.7.1.1.2.2 -in D:\SKAD\transmiter\temp\work\SBC217102803_720320191101_288000021900000487_100.XML -out D:\SKAD\transmiter\temp\work\SBC217102803_720320191101_288000021900000487_100.XML.test -reclist D:\SKAD\transmiter\util\Reclist.conf -silent D:\SKAD\transmiter\log\02112019_spki_tr.log 
Инициализация
Установка ЭП и шифрование файла
Результат: OK (00000000)
Текущее время: Sat Nov 02 15:52:51 2019
"C:\Program Files\MDPREI\spki\spki1utl.exe" -sign -profile OT_TestFOIV -registry -algorithm 1.2.643.7.1.1.2.2 -data D:\SKAD\transmiter\temp\work\AN028031911020005.arj -out D:\SKAD\transmiter\temp\work\AN028031911020005.arj.test -reclist D:\SKAD\transmiter\util\Reclist.conf -silent D:\SKAD\transmiter\log\02112019_spki_tr.log 
Инициализация
Установка ЭП файла
Результат: OK (00000000)
