[2019-12-10 14:54:44Z] - INFO - Начало работы Transmiter SKAD Signature
[2019-12-10 14:54:44Z] - ERRR - Количество вложенных папок в D:\SKAD\transmiter\temp\311pMsk\RBS не равно 1
[2019-12-10 14:54:44Z] - INFO - Начало копирования файлов...
[2019-12-10 14:54:44Z] - INFO - Performing the operation "Copy File" on target "Item: D:\SKAD\transmiter\temp\311pMsk\RBS\SFC017102803_720320191029_288000021900088041_700.XML Destination: D:\SKAD\transmiter\temp\311p\Arhive\10122019\RBS
\SFC017102803_720320191029_288000021900088041_700.XML".
Performing the operation "Copy File" on target "Item: D:\SKAD\transmiter\temp\311pMsk\RBS\SFC017102803_720320191029_288000021900088042_700.XML Destination: D:\SKAD\transmiter\temp\311p\Arhive\10122019\RBS
\SFC017102803_720320191029_288000021900088042_700.XML".

[2019-12-10 14:54:44Z] - INFO - Файл(ы) скопирован(ы) в D:\SKAD\transmiter\temp\311p\Arhive\10122019\RBS
[2019-12-10 14:54:44Z] - INFO - Performing the operation "Copy File" on target "Item: D:\SKAD\transmiter\temp\311pMsk\RBS\SFC017102803_720320191029_288000021900088041_700.XML Destination: D:\SKAD\transmiter\temp\work\SFC017102803_720320
191029_288000021900088041_700.XML".
Performing the operation "Copy File" on target "Item: D:\SKAD\transmiter\temp\311pMsk\RBS\SFC017102803_720320191029_288000021900088042_700.XML Destination: D:\SKAD\transmiter\temp\work\SFC017102803_720320
191029_288000021900088042_700.XML".

[2019-12-10 14:54:44Z] - INFO - Файл(ы) скопирован(ы) в D:\SKAD\transmiter\temp\work
[2019-12-10 14:54:44Z] - INFO - Performing the operation "Remove File" on target "D:\SKAD\transmiter\temp\311pMsk\RBS\SFC017102803_720320191029_288000021900088041_700.XML".
Performing the operation "Remove File" on target "D:\SKAD\transmiter\temp\311pMsk\RBS\SFC017102803_720320191029_288000021900088042_700.XML".

[2019-12-10 14:54:44Z] - INFO - Файл(ы) удален(ы) в D:\SKAD\transmiter\temp\311pMsk\RBS\
[2019-12-10 14:54:44Z] - INFO - Performing the operation "Copy File" on target "Item: D:\SKAD\transmiter\temp\311pMsk\WAY4\SFC017102803_720320191029_288000021901061098_700.xml Destination: D:\SKAD\transmiter\temp\311p\Arhive\10122019\WA
Y4\SFC017102803_720320191029_288000021901061098_700.xml".
Performing the operation "Copy File" on target "Item: D:\SKAD\transmiter\temp\311pMsk\WAY4\SFC017102803_720320191029_288000021901061100_700.xml Destination: D:\SKAD\transmiter\temp\311p\Arhive\10122019\WA
Y4\SFC017102803_720320191029_288000021901061100_700.xml".

[2019-12-10 14:54:44Z] - INFO - Файл(ы) скопирован(ы) в D:\SKAD\transmiter\temp\311p\Arhive\10122019\WAY4
[2019-12-10 14:54:44Z] - INFO - Performing the operation "Copy File" on target "Item: D:\SKAD\transmiter\temp\311pMsk\WAY4\SFC017102803_720320191029_288000021901061098_700.xml Destination: D:\SKAD\transmiter\temp\work\SFC017102803_72032
0191029_288000021901061098_700.xml".
Performing the operation "Copy File" on target "Item: D:\SKAD\transmiter\temp\311pMsk\WAY4\SFC017102803_720320191029_288000021901061100_700.xml Destination: D:\SKAD\transmiter\temp\work\SFC017102803_72032
0191029_288000021901061100_700.xml".

[2019-12-10 14:54:44Z] - INFO - Файл(ы) скопирован(ы) в D:\SKAD\transmiter\temp\work
[2019-12-10 14:54:45Z] - INFO - Performing the operation "Remove File" on target "D:\SKAD\transmiter\temp\311pMsk\WAY4\SFC017102803_720320191029_288000021901061098_700.xml".
Performing the operation "Remove File" on target "D:\SKAD\transmiter\temp\311pMsk\WAY4\SFC017102803_720320191029_288000021901061100_700.xml".

[2019-12-10 14:54:45Z] - INFO - Файл(ы) удален(ы) в D:\SKAD\transmiter\temp\311pMsk\WAY4
[2019-12-10 14:54:45Z] - INFO - Сохраняем текущею ключевую дискету
[2019-12-10 14:54:45Z] - INFO - Загружаем ключевую дискету d:\SKAD\Floppy\DISKET2019-skad-test\test1
[2019-12-10 14:54:45Z] - INFO - Начинаем преобразование...
[2019-12-10 14:54:45Z] - INFO - Обрабатываем файл SFC017102803_720320191029_288000021900088041_700.XML
[2019-12-10 14:54:51Z] - INFO - Обрабатываем файл SFC017102803_720320191029_288000021900088042_700.XML
[2019-12-10 14:54:52Z] - INFO - Обрабатываем файл SFC017102803_720320191029_288000021901061098_700.xml
[2019-12-10 14:54:53Z] - INFO - Обрабатываем файл SFC017102803_720320191029_288000021901061100_700.xml
[2019-12-10 14:54:54Z] - INFO - Performing the operation "Remove File" on target "D:\SKAD\transmiter\temp\work\SFC017102803_720320191029_288000021900088041_700.XML".
Performing the operation "Remove File" on target "D:\SKAD\transmiter\temp\work\SFC017102803_720320191029_288000021900088042_700.XML".
Performing the operation "Remove File" on target "D:\SKAD\transmiter\temp\work\SFC017102803_720320191029_288000021901061098_700.xml".
Performing the operation "Remove File" on target "D:\SKAD\transmiter\temp\work\SFC017102803_720320191029_288000021901061100_700.xml".

[2019-12-10 14:54:54Z] - INFO - Performing the operation "Rename File" on target "Item: D:\SKAD\transmiter\temp\work\SFC017102803_720320191029_288000021900088041_700.XML.test Destination: D:\SKAD\transmiter\temp\work\SFC017102803_720320
191029_288000021900088041_700.XML.tst".
Performing the operation "Rename File" on target "Item: D:\SKAD\transmiter\temp\work\SFC017102803_720320191029_288000021900088042_700.XML.test Destination: D:\SKAD\transmiter\temp\work\SFC017102803_720320
191029_288000021900088042_700.XML.tst".
Performing the operation "Rename File" on target "Item: D:\SKAD\transmiter\temp\work\SFC017102803_720320191029_288000021901061098_700.xml.test Destination: D:\SKAD\transmiter\temp\work\SFC017102803_720320
191029_288000021901061098_700.xml.tst".
Performing the operation "Rename File" on target "Item: D:\SKAD\transmiter\temp\work\SFC017102803_720320191029_288000021901061100_700.xml.test Destination: D:\SKAD\transmiter\temp\work\SFC017102803_720320
191029_288000021901061100_700.xml.tst".

[2019-12-10 14:54:54Z] - INFO - Начинаем архивацию BN028031912100001.arj ...
[2019-12-10 14:54:55Z] - INFO - Performing the operation "Remove File" on target "D:\SKAD\transmiter\temp\work\SFC017102803_720320191029_288000021900088041_700.XML.tst".
Performing the operation "Remove File" on target "D:\SKAD\transmiter\temp\work\SFC017102803_720320191029_288000021900088042_700.XML.tst".
Performing the operation "Remove File" on target "D:\SKAD\transmiter\temp\work\SFC017102803_720320191029_288000021901061098_700.xml.tst".
Performing the operation "Remove File" on target "D:\SKAD\transmiter\temp\work\SFC017102803_720320191029_288000021901061100_700.xml.tst".

[2019-12-10 14:54:55Z] - INFO - Начинаем преобразование...
[2019-12-10 14:54:55Z] - INFO - Обрабатываем файл BN028031912100001.arj
[2019-12-10 14:54:56Z] - INFO - Performing the operation "Remove File" on target "D:\SKAD\transmiter\temp\work\BN028031912100001.arj".

[2019-12-10 14:54:56Z] - INFO - Performing the operation "Rename File" on target "Item: D:\SKAD\transmiter\temp\work\BN028031912100001.arj.test Destination: D:\SKAD\transmiter\temp\work\BN028031912100001.arj.tst".

[2019-12-10 14:54:56Z] - INFO - Копируем файл архива BN028031912100001.arj.tst в D:\SKAD\transmiter\temp\311p\Arhive\10122019
[2019-12-10 14:54:56Z] - INFO - Копируем файл архива BN028031912100001.arj.tst в D:\SKAD\transmiter\temp\Post
[2019-12-10 14:54:56Z] - INFO - Performing the operation "Remove File" on target "D:\SKAD\transmiter\temp\work\BN028031912100001.arj.tst".

[2019-12-10 14:54:56Z] - INFO - Отправка почтового сообщения
[2019-12-10 14:55:06Z] - INFO - Отправлено 4 файлов
[2019-12-10 14:55:06Z] - INFO - Загружаем исходную ключевую дискету
[2019-12-10 14:55:07Z] - INFO - Конец работы скрипта!
[2019-12-10 14:55:43Z] - INFO - Начало работы Transmiter SKAD Signature
[2019-12-10 14:56:04Z] - ERRR - Количество вложенных папок в D:\SKAD\transmiter\temp\311pMsk\RBS не равно 1
[2019-12-10 14:56:04Z] - INFO - Начало копирования файлов...
[2019-12-10 14:56:04Z] - INFO - Performing the operation "Copy File" on target "Item: D:\SKAD\transmiter\temp\311pMsk\RBS\SFC017102803_720320191029_288000021900088041_700.XML Destination: D:\SKAD\transmiter\temp\311p\Arhive\10122019\RBS
\SFC017102803_720320191029_288000021900088041_700.XML".
Performing the operation "Copy File" on target "Item: D:\SKAD\transmiter\temp\311pMsk\RBS\SFC017102803_720320191029_288000021900088042_700.XML Destination: D:\SKAD\transmiter\temp\311p\Arhive\10122019\RBS
\SFC017102803_720320191029_288000021900088042_700.XML".

[2019-12-10 14:56:04Z] - INFO - Файл(ы) скопирован(ы) в D:\SKAD\transmiter\temp\311p\Arhive\10122019\RBS
[2019-12-10 14:56:04Z] - INFO - Performing the operation "Copy File" on target "Item: D:\SKAD\transmiter\temp\311pMsk\RBS\SFC017102803_720320191029_288000021900088041_700.XML Destination: D:\SKAD\transmiter\temp\work\SFC017102803_720320
191029_288000021900088041_700.XML".
Performing the operation "Copy File" on target "Item: D:\SKAD\transmiter\temp\311pMsk\RBS\SFC017102803_720320191029_288000021900088042_700.XML Destination: D:\SKAD\transmiter\temp\work\SFC017102803_720320
191029_288000021900088042_700.XML".

[2019-12-10 14:56:04Z] - INFO - Файл(ы) скопирован(ы) в D:\SKAD\transmiter\temp\work
[2019-12-10 14:56:04Z] - INFO - Performing the operation "Remove File" on target "D:\SKAD\transmiter\temp\311pMsk\RBS\SFC017102803_720320191029_288000021900088041_700.XML".
Performing the operation "Remove File" on target "D:\SKAD\transmiter\temp\311pMsk\RBS\SFC017102803_720320191029_288000021900088042_700.XML".

[2019-12-10 14:56:04Z] - INFO - Файл(ы) удален(ы) в D:\SKAD\transmiter\temp\311pMsk\RBS\
[2019-12-10 14:56:04Z] - INFO - Performing the operation "Copy File" on target "Item: D:\SKAD\transmiter\temp\311pMsk\WAY4\SFC017102803_720320191029_288000021901061098_700.xml Destination: D:\SKAD\transmiter\temp\311p\Arhive\10122019\WA
Y4\SFC017102803_720320191029_288000021901061098_700.xml".
Performing the operation "Copy File" on target "Item: D:\SKAD\transmiter\temp\311pMsk\WAY4\SFC017102803_720320191029_288000021901061100_700.xml Destination: D:\SKAD\transmiter\temp\311p\Arhive\10122019\WA
Y4\SFC017102803_720320191029_288000021901061100_700.xml".

[2019-12-10 14:56:04Z] - INFO - Файл(ы) скопирован(ы) в D:\SKAD\transmiter\temp\311p\Arhive\10122019\WAY4
[2019-12-10 14:56:04Z] - INFO - Performing the operation "Copy File" on target "Item: D:\SKAD\transmiter\temp\311pMsk\WAY4\SFC017102803_720320191029_288000021901061098_700.xml Destination: D:\SKAD\transmiter\temp\work\SFC017102803_72032
0191029_288000021901061098_700.xml".
Performing the operation "Copy File" on target "Item: D:\SKAD\transmiter\temp\311pMsk\WAY4\SFC017102803_720320191029_288000021901061100_700.xml Destination: D:\SKAD\transmiter\temp\work\SFC017102803_72032
0191029_288000021901061100_700.xml".

[2019-12-10 14:56:04Z] - INFO - Файл(ы) скопирован(ы) в D:\SKAD\transmiter\temp\work
[2019-12-10 14:56:04Z] - INFO - Performing the operation "Remove File" on target "D:\SKAD\transmiter\temp\311pMsk\WAY4\SFC017102803_720320191029_288000021901061098_700.xml".
Performing the operation "Remove File" on target "D:\SKAD\transmiter\temp\311pMsk\WAY4\SFC017102803_720320191029_288000021901061100_700.xml".

[2019-12-10 14:56:04Z] - INFO - Файл(ы) удален(ы) в D:\SKAD\transmiter\temp\311pMsk\WAY4
[2019-12-10 14:57:49Z] - INFO - Сохраняем текущею ключевую дискету
[2019-12-10 14:57:54Z] - INFO - Загружаем ключевую дискету d:\SKAD\Floppy\DISKET2019-skad-test\test1
[2019-12-10 15:00:25Z] - INFO - Начинаем преобразование...
[2019-12-10 15:00:25Z] - INFO - Обрабатываем файл SFC017102803_720320191029_288000021900088041_700.XML
[2019-12-10 15:00:26Z] - INFO - Обрабатываем файл SFC017102803_720320191029_288000021900088042_700.XML
[2019-12-10 15:00:27Z] - INFO - Обрабатываем файл SFC017102803_720320191029_288000021901061098_700.xml
[2019-12-10 15:00:28Z] - INFO - Обрабатываем файл SFC017102803_720320191029_288000021901061100_700.xml
[2019-12-10 15:00:29Z] - INFO - Performing the operation "Remove File" on target "D:\SKAD\transmiter\temp\work\SFC017102803_720320191029_288000021900088041_700.XML".
Performing the operation "Remove File" on target "D:\SKAD\transmiter\temp\work\SFC017102803_720320191029_288000021900088042_700.XML".
Performing the operation "Remove File" on target "D:\SKAD\transmiter\temp\work\SFC017102803_720320191029_288000021901061098_700.xml".
Performing the operation "Remove File" on target "D:\SKAD\transmiter\temp\work\SFC017102803_720320191029_288000021901061100_700.xml".

[2019-12-10 15:00:29Z] - INFO - Performing the operation "Rename File" on target "Item: D:\SKAD\transmiter\temp\work\SFC017102803_720320191029_288000021900088041_700.XML.test Destination: D:\SKAD\transmiter\temp\work\SFC017102803_720320
191029_288000021900088041_700.XML.tst".
Performing the operation "Rename File" on target "Item: D:\SKAD\transmiter\temp\work\SFC017102803_720320191029_288000021900088042_700.XML.test Destination: D:\SKAD\transmiter\temp\work\SFC017102803_720320
191029_288000021900088042_700.XML.tst".
Performing the operation "Rename File" on target "Item: D:\SKAD\transmiter\temp\work\SFC017102803_720320191029_288000021901061098_700.xml.test Destination: D:\SKAD\transmiter\temp\work\SFC017102803_720320
191029_288000021901061098_700.xml.tst".
Performing the operation "Rename File" on target "Item: D:\SKAD\transmiter\temp\work\SFC017102803_720320191029_288000021901061100_700.xml.test Destination: D:\SKAD\transmiter\temp\work\SFC017102803_720320
191029_288000021901061100_700.xml.tst".

[2019-12-10 15:06:48Z] - INFO - Начало работы Transmiter SKAD Signature
[2019-12-10 15:06:48Z] - ERRR - Количество вложенных папок в D:\SKAD\transmiter\temp\311pMsk\RBS не равно 1
[2019-12-10 15:06:48Z] - INFO - Начало копирования файлов...
[2019-12-10 15:06:48Z] - INFO - Performing the operation "Copy File" on target "Item: D:\SKAD\transmiter\temp\311pMsk\RBS\SFC017102803_720320191029_288000021900088041_700.XML Destination: D:\SKAD\transmiter\temp\311p\Arhive\10122019\RBS
\SFC017102803_720320191029_288000021900088041_700.XML".
Performing the operation "Copy File" on target "Item: D:\SKAD\transmiter\temp\311pMsk\RBS\SFC017102803_720320191029_288000021900088042_700.XML Destination: D:\SKAD\transmiter\temp\311p\Arhive\10122019\RBS
\SFC017102803_720320191029_288000021900088042_700.XML".

[2019-12-10 15:06:48Z] - INFO - Файл(ы) скопирован(ы) в D:\SKAD\transmiter\temp\311p\Arhive\10122019\RBS
[2019-12-10 15:06:48Z] - INFO - Performing the operation "Copy File" on target "Item: D:\SKAD\transmiter\temp\311pMsk\RBS\SFC017102803_720320191029_288000021900088041_700.XML Destination: D:\SKAD\transmiter\temp\work\SFC017102803_720320
191029_288000021900088041_700.XML".
Performing the operation "Copy File" on target "Item: D:\SKAD\transmiter\temp\311pMsk\RBS\SFC017102803_720320191029_288000021900088042_700.XML Destination: D:\SKAD\transmiter\temp\work\SFC017102803_720320
191029_288000021900088042_700.XML".

[2019-12-10 15:06:48Z] - INFO - Файл(ы) скопирован(ы) в D:\SKAD\transmiter\temp\work
[2019-12-10 15:06:48Z] - INFO - Performing the operation "Remove File" on target "D:\SKAD\transmiter\temp\311pMsk\RBS\SFC017102803_720320191029_288000021900088041_700.XML".
Performing the operation "Remove File" on target "D:\SKAD\transmiter\temp\311pMsk\RBS\SFC017102803_720320191029_288000021900088042_700.XML".

[2019-12-10 15:06:48Z] - INFO - Файл(ы) удален(ы) в D:\SKAD\transmiter\temp\311pMsk\RBS\
[2019-12-10 15:06:48Z] - INFO - Performing the operation "Copy File" on target "Item: D:\SKAD\transmiter\temp\311pMsk\WAY4\SFC017102803_720320191029_288000021901061098_700.xml Destination: D:\SKAD\transmiter\temp\311p\Arhive\10122019\WA
Y4\SFC017102803_720320191029_288000021901061098_700.xml".
Performing the operation "Copy File" on target "Item: D:\SKAD\transmiter\temp\311pMsk\WAY4\SFC017102803_720320191029_288000021901061100_700.xml Destination: D:\SKAD\transmiter\temp\311p\Arhive\10122019\WA
Y4\SFC017102803_720320191029_288000021901061100_700.xml".

[2019-12-10 15:06:48Z] - INFO - Файл(ы) скопирован(ы) в D:\SKAD\transmiter\temp\311p\Arhive\10122019\WAY4
[2019-12-10 15:06:48Z] - INFO - Performing the operation "Copy File" on target "Item: D:\SKAD\transmiter\temp\311pMsk\WAY4\SFC017102803_720320191029_288000021901061098_700.xml Destination: D:\SKAD\transmiter\temp\work\SFC017102803_72032
0191029_288000021901061098_700.xml".
Performing the operation "Copy File" on target "Item: D:\SKAD\transmiter\temp\311pMsk\WAY4\SFC017102803_720320191029_288000021901061100_700.xml Destination: D:\SKAD\transmiter\temp\work\SFC017102803_72032
0191029_288000021901061100_700.xml".

[2019-12-10 15:06:48Z] - INFO - Файл(ы) скопирован(ы) в D:\SKAD\transmiter\temp\work
[2019-12-10 15:06:48Z] - INFO - Performing the operation "Remove File" on target "D:\SKAD\transmiter\temp\311pMsk\WAY4\SFC017102803_720320191029_288000021901061098_700.xml".
Performing the operation "Remove File" on target "D:\SKAD\transmiter\temp\311pMsk\WAY4\SFC017102803_720320191029_288000021901061100_700.xml".

[2019-12-10 15:06:48Z] - INFO - Файл(ы) удален(ы) в D:\SKAD\transmiter\temp\311pMsk\WAY4
[2019-12-10 15:06:48Z] - INFO - Сохраняем текущею ключевую дискету
[2019-12-10 15:06:48Z] - INFO - Загружаем ключевую дискету d:\SKAD\Floppy\DISKET2019-skad-test\test1
[2019-12-10 15:06:48Z] - INFO - Начинаем преобразование...
[2019-12-10 15:06:48Z] - INFO - Обрабатываем файл SFC017102803_720320191029_288000021900088041_700.XML
[2019-12-10 15:06:49Z] - INFO - Обрабатываем файл SFC017102803_720320191029_288000021900088042_700.XML
[2019-12-10 15:06:50Z] - INFO - Обрабатываем файл SFC017102803_720320191029_288000021901061098_700.xml
[2019-12-10 15:06:51Z] - INFO - Обрабатываем файл SFC017102803_720320191029_288000021901061100_700.xml
[2019-12-10 15:06:52Z] - INFO - Performing the operation "Remove File" on target "D:\SKAD\transmiter\temp\work\SFC017102803_720320191029_288000021900088041_700.XML".
Performing the operation "Remove File" on target "D:\SKAD\transmiter\temp\work\SFC017102803_720320191029_288000021900088042_700.XML".
Performing the operation "Remove File" on target "D:\SKAD\transmiter\temp\work\SFC017102803_720320191029_288000021901061098_700.xml".
Performing the operation "Remove File" on target "D:\SKAD\transmiter\temp\work\SFC017102803_720320191029_288000021901061100_700.xml".

[2019-12-10 15:06:52Z] - INFO - Performing the operation "Rename File" on target "Item: D:\SKAD\transmiter\temp\work\SFC017102803_720320191029_288000021900088041_700.XML.test Destination: D:\SKAD\transmiter\temp\work\SFC017102803_720320
191029_288000021900088041_700.XML.tst".
Performing the operation "Rename File" on target "Item: D:\SKAD\transmiter\temp\work\SFC017102803_720320191029_288000021900088042_700.XML.test Destination: D:\SKAD\transmiter\temp\work\SFC017102803_720320
191029_288000021900088042_700.XML.tst".
Performing the operation "Rename File" on target "Item: D:\SKAD\transmiter\temp\work\SFC017102803_720320191029_288000021901061098_700.xml.test Destination: D:\SKAD\transmiter\temp\work\SFC017102803_720320
191029_288000021901061098_700.xml.tst".
Performing the operation "Rename File" on target "Item: D:\SKAD\transmiter\temp\work\SFC017102803_720320191029_288000021901061100_700.xml.test Destination: D:\SKAD\transmiter\temp\work\SFC017102803_720320
191029_288000021901061100_700.xml.tst".

[2019-12-10 15:07:14Z] - INFO - Начало работы Transmiter SKAD Signature
[2019-12-10 15:07:14Z] - ERRR - Количество вложенных папок в D:\SKAD\transmiter\temp\311pMsk\RBS не равно 1
[2019-12-10 15:07:14Z] - INFO - Начало копирования файлов...
[2019-12-10 15:07:14Z] - INFO - Performing the operation "Copy File" on target "Item: D:\SKAD\transmiter\temp\311pMsk\RBS\SFC017102803_720320191029_288000021900088041_700.XML Destination: D:\SKAD\transmiter\temp\311p\Arhive\10122019\RBS
\SFC017102803_720320191029_288000021900088041_700.XML".
Performing the operation "Copy File" on target "Item: D:\SKAD\transmiter\temp\311pMsk\RBS\SFC017102803_720320191029_288000021900088042_700.XML Destination: D:\SKAD\transmiter\temp\311p\Arhive\10122019\RBS
\SFC017102803_720320191029_288000021900088042_700.XML".

[2019-12-10 15:07:14Z] - INFO - Файл(ы) скопирован(ы) в D:\SKAD\transmiter\temp\311p\Arhive\10122019\RBS
[2019-12-10 15:07:14Z] - INFO - Performing the operation "Copy File" on target "Item: D:\SKAD\transmiter\temp\311pMsk\RBS\SFC017102803_720320191029_288000021900088041_700.XML Destination: D:\SKAD\transmiter\temp\work\SFC017102803_720320
191029_288000021900088041_700.XML".
Performing the operation "Copy File" on target "Item: D:\SKAD\transmiter\temp\311pMsk\RBS\SFC017102803_720320191029_288000021900088042_700.XML Destination: D:\SKAD\transmiter\temp\work\SFC017102803_720320
191029_288000021900088042_700.XML".

[2019-12-10 15:07:14Z] - INFO - Файл(ы) скопирован(ы) в D:\SKAD\transmiter\temp\work
[2019-12-10 15:07:14Z] - INFO - Performing the operation "Remove File" on target "D:\SKAD\transmiter\temp\311pMsk\RBS\SFC017102803_720320191029_288000021900088041_700.XML".
Performing the operation "Remove File" on target "D:\SKAD\transmiter\temp\311pMsk\RBS\SFC017102803_720320191029_288000021900088042_700.XML".

[2019-12-10 15:07:14Z] - INFO - Файл(ы) удален(ы) в D:\SKAD\transmiter\temp\311pMsk\RBS\
[2019-12-10 15:07:14Z] - INFO - Performing the operation "Copy File" on target "Item: D:\SKAD\transmiter\temp\311pMsk\WAY4\SFC017102803_720320191029_288000021901061098_700.xml Destination: D:\SKAD\transmiter\temp\311p\Arhive\10122019\WA
Y4\SFC017102803_720320191029_288000021901061098_700.xml".
Performing the operation "Copy File" on target "Item: D:\SKAD\transmiter\temp\311pMsk\WAY4\SFC017102803_720320191029_288000021901061100_700.xml Destination: D:\SKAD\transmiter\temp\311p\Arhive\10122019\WA
Y4\SFC017102803_720320191029_288000021901061100_700.xml".

[2019-12-10 15:07:14Z] - INFO - Файл(ы) скопирован(ы) в D:\SKAD\transmiter\temp\311p\Arhive\10122019\WAY4
[2019-12-10 15:07:14Z] - INFO - Performing the operation "Copy File" on target "Item: D:\SKAD\transmiter\temp\311pMsk\WAY4\SFC017102803_720320191029_288000021901061098_700.xml Destination: D:\SKAD\transmiter\temp\work\SFC017102803_72032
0191029_288000021901061098_700.xml".
Performing the operation "Copy File" on target "Item: D:\SKAD\transmiter\temp\311pMsk\WAY4\SFC017102803_720320191029_288000021901061100_700.xml Destination: D:\SKAD\transmiter\temp\work\SFC017102803_72032
0191029_288000021901061100_700.xml".

[2019-12-10 15:07:14Z] - INFO - Файл(ы) скопирован(ы) в D:\SKAD\transmiter\temp\work
[2019-12-10 15:07:14Z] - INFO - Performing the operation "Remove File" on target "D:\SKAD\transmiter\temp\311pMsk\WAY4\SFC017102803_720320191029_288000021901061098_700.xml".
Performing the operation "Remove File" on target "D:\SKAD\transmiter\temp\311pMsk\WAY4\SFC017102803_720320191029_288000021901061100_700.xml".

[2019-12-10 15:07:14Z] - INFO - Файл(ы) удален(ы) в D:\SKAD\transmiter\temp\311pMsk\WAY4
[2019-12-10 15:07:14Z] - INFO - Сохраняем текущею ключевую дискету
[2019-12-10 15:07:14Z] - INFO - Загружаем ключевую дискету d:\SKAD\Floppy\DISKET2019-skad-test\test1
[2019-12-10 15:07:14Z] - INFO - Начинаем преобразование...
[2019-12-10 15:07:14Z] - INFO - Обрабатываем файл SFC017102803_720320191029_288000021900088041_700.XML
[2019-12-10 15:07:16Z] - INFO - Обрабатываем файл SFC017102803_720320191029_288000021900088042_700.XML
[2019-12-10 15:07:17Z] - INFO - Обрабатываем файл SFC017102803_720320191029_288000021901061098_700.xml
[2019-12-10 15:07:18Z] - INFO - Обрабатываем файл SFC017102803_720320191029_288000021901061100_700.xml
[2019-12-10 15:07:19Z] - INFO - Performing the operation "Remove File" on target "D:\SKAD\transmiter\temp\work\SFC017102803_720320191029_288000021900088041_700.XML".
Performing the operation "Remove File" on target "D:\SKAD\transmiter\temp\work\SFC017102803_720320191029_288000021900088042_700.XML".
Performing the operation "Remove File" on target "D:\SKAD\transmiter\temp\work\SFC017102803_720320191029_288000021901061098_700.xml".
Performing the operation "Remove File" on target "D:\SKAD\transmiter\temp\work\SFC017102803_720320191029_288000021901061100_700.xml".

[2019-12-10 15:07:19Z] - INFO - Performing the operation "Rename File" on target "Item: D:\SKAD\transmiter\temp\work\SFC017102803_720320191029_288000021900088041_700.XML.test Destination: D:\SKAD\transmiter\temp\work\SFC017102803_720320
191029_288000021900088041_700.XML.tst".
Performing the operation "Rename File" on target "Item: D:\SKAD\transmiter\temp\work\SFC017102803_720320191029_288000021900088042_700.XML.test Destination: D:\SKAD\transmiter\temp\work\SFC017102803_720320
191029_288000021900088042_700.XML.tst".
Performing the operation "Rename File" on target "Item: D:\SKAD\transmiter\temp\work\SFC017102803_720320191029_288000021901061098_700.xml.test Destination: D:\SKAD\transmiter\temp\work\SFC017102803_720320
191029_288000021901061098_700.xml.tst".
Performing the operation "Rename File" on target "Item: D:\SKAD\transmiter\temp\work\SFC017102803_720320191029_288000021901061100_700.xml.test Destination: D:\SKAD\transmiter\temp\work\SFC017102803_720320
191029_288000021901061100_700.xml.tst".

[2019-12-10 15:08:31Z] - INFO - Начало работы Transmiter SKAD Signature
[2019-12-10 15:08:31Z] - ERRR - Количество вложенных папок в D:\SKAD\transmiter\temp\311pMsk\RBS не равно 1
[2019-12-10 15:08:31Z] - INFO - Начало копирования файлов...
[2019-12-10 15:08:31Z] - INFO - Performing the operation "Copy File" on target "Item: D:\SKAD\transmiter\temp\311pMsk\RBS\SFC017102803_720320191029_288000021900088041_700.XML Destination: D:\SKAD\transmiter\temp\311p\Arhive\10122019\RBS
\SFC017102803_720320191029_288000021900088041_700.XML".
Performing the operation "Copy File" on target "Item: D:\SKAD\transmiter\temp\311pMsk\RBS\SFC017102803_720320191029_288000021900088042_700.XML Destination: D:\SKAD\transmiter\temp\311p\Arhive\10122019\RBS
\SFC017102803_720320191029_288000021900088042_700.XML".

[2019-12-10 15:08:31Z] - INFO - Файл(ы) скопирован(ы) в D:\SKAD\transmiter\temp\311p\Arhive\10122019\RBS
[2019-12-10 15:08:31Z] - INFO - Performing the operation "Copy File" on target "Item: D:\SKAD\transmiter\temp\311pMsk\RBS\SFC017102803_720320191029_288000021900088041_700.XML Destination: D:\SKAD\transmiter\temp\work\SFC017102803_720320
191029_288000021900088041_700.XML".
Performing the operation "Copy File" on target "Item: D:\SKAD\transmiter\temp\311pMsk\RBS\SFC017102803_720320191029_288000021900088042_700.XML Destination: D:\SKAD\transmiter\temp\work\SFC017102803_720320
191029_288000021900088042_700.XML".

[2019-12-10 15:08:31Z] - INFO - Файл(ы) скопирован(ы) в D:\SKAD\transmiter\temp\work
[2019-12-10 15:08:31Z] - INFO - Performing the operation "Remove File" on target "D:\SKAD\transmiter\temp\311pMsk\RBS\SFC017102803_720320191029_288000021900088041_700.XML".
Performing the operation "Remove File" on target "D:\SKAD\transmiter\temp\311pMsk\RBS\SFC017102803_720320191029_288000021900088042_700.XML".

[2019-12-10 15:08:31Z] - INFO - Файл(ы) удален(ы) в D:\SKAD\transmiter\temp\311pMsk\RBS\
[2019-12-10 15:08:31Z] - INFO - Performing the operation "Copy File" on target "Item: D:\SKAD\transmiter\temp\311pMsk\WAY4\SFC017102803_720320191029_288000021901061098_700.xml Destination: D:\SKAD\transmiter\temp\311p\Arhive\10122019\WA
Y4\SFC017102803_720320191029_288000021901061098_700.xml".
Performing the operation "Copy File" on target "Item: D:\SKAD\transmiter\temp\311pMsk\WAY4\SFC017102803_720320191029_288000021901061100_700.xml Destination: D:\SKAD\transmiter\temp\311p\Arhive\10122019\WA
Y4\SFC017102803_720320191029_288000021901061100_700.xml".

[2019-12-10 15:08:31Z] - INFO - Файл(ы) скопирован(ы) в D:\SKAD\transmiter\temp\311p\Arhive\10122019\WAY4
[2019-12-10 15:08:31Z] - INFO - Performing the operation "Copy File" on target "Item: D:\SKAD\transmiter\temp\311pMsk\WAY4\SFC017102803_720320191029_288000021901061098_700.xml Destination: D:\SKAD\transmiter\temp\work\SFC017102803_72032
0191029_288000021901061098_700.xml".
Performing the operation "Copy File" on target "Item: D:\SKAD\transmiter\temp\311pMsk\WAY4\SFC017102803_720320191029_288000021901061100_700.xml Destination: D:\SKAD\transmiter\temp\work\SFC017102803_72032
0191029_288000021901061100_700.xml".

[2019-12-10 15:08:31Z] - INFO - Файл(ы) скопирован(ы) в D:\SKAD\transmiter\temp\work
[2019-12-10 15:08:31Z] - INFO - Performing the operation "Remove File" on target "D:\SKAD\transmiter\temp\311pMsk\WAY4\SFC017102803_720320191029_288000021901061098_700.xml".
Performing the operation "Remove File" on target "D:\SKAD\transmiter\temp\311pMsk\WAY4\SFC017102803_720320191029_288000021901061100_700.xml".

[2019-12-10 15:08:31Z] - INFO - Файл(ы) удален(ы) в D:\SKAD\transmiter\temp\311pMsk\WAY4
[2019-12-10 15:08:31Z] - INFO - Сохраняем текущею ключевую дискету
[2019-12-10 15:08:31Z] - INFO - Загружаем ключевую дискету d:\SKAD\Floppy\DISKET2019-skad-test\test1
[2019-12-10 15:08:31Z] - INFO - Начинаем преобразование...
[2019-12-10 15:08:31Z] - INFO - Обрабатываем файл SFC017102803_720320191029_288000021900088041_700.XML
[2019-12-10 15:08:33Z] - INFO - Обрабатываем файл SFC017102803_720320191029_288000021900088042_700.XML
[2019-12-10 15:08:34Z] - INFO - Обрабатываем файл SFC017102803_720320191029_288000021901061098_700.xml
[2019-12-10 15:08:35Z] - INFO - Обрабатываем файл SFC017102803_720320191029_288000021901061100_700.xml
[2019-12-10 15:08:36Z] - INFO - Performing the operation "Remove File" on target "D:\SKAD\transmiter\temp\work\SFC017102803_720320191029_288000021900088041_700.XML".
Performing the operation "Remove File" on target "D:\SKAD\transmiter\temp\work\SFC017102803_720320191029_288000021900088042_700.XML".
Performing the operation "Remove File" on target "D:\SKAD\transmiter\temp\work\SFC017102803_720320191029_288000021901061098_700.xml".
Performing the operation "Remove File" on target "D:\SKAD\transmiter\temp\work\SFC017102803_720320191029_288000021901061100_700.xml".

[2019-12-10 15:08:36Z] - INFO - Performing the operation "Rename File" on target "Item: D:\SKAD\transmiter\temp\work\SFC017102803_720320191029_288000021900088041_700.XML.test Destination: D:\SKAD\transmiter\temp\work\SFC017102803_720320
191029_288000021900088041_700.XML.tst".
Performing the operation "Rename File" on target "Item: D:\SKAD\transmiter\temp\work\SFC017102803_720320191029_288000021900088042_700.XML.test Destination: D:\SKAD\transmiter\temp\work\SFC017102803_720320
191029_288000021900088042_700.XML.tst".
Performing the operation "Rename File" on target "Item: D:\SKAD\transmiter\temp\work\SFC017102803_720320191029_288000021901061098_700.xml.test Destination: D:\SKAD\transmiter\temp\work\SFC017102803_720320
191029_288000021901061098_700.xml.tst".
Performing the operation "Rename File" on target "Item: D:\SKAD\transmiter\temp\work\SFC017102803_720320191029_288000021901061100_700.xml.test Destination: D:\SKAD\transmiter\temp\work\SFC017102803_720320
191029_288000021901061100_700.xml.tst".

[2019-12-10 15:08:45Z] - INFO - Начинаем архивацию BN028031912100001.zip ...
[2019-12-10 15:11:08Z] - INFO - Начало работы Transmiter SKAD Signature
[2019-12-10 15:11:08Z] - ERRR - Количество вложенных папок в D:\SKAD\transmiter\temp\311pMsk\RBS не равно 1
[2019-12-10 15:11:08Z] - INFO - Начало копирования файлов...
[2019-12-10 15:11:08Z] - INFO - Performing the operation "Copy File" on target "Item: D:\SKAD\transmiter\temp\311pMsk\RBS\SFC017102803_720320191029_288000021900088041_700.XML Destination: D:\SKAD\transmiter\temp\311p\Arhive\10122019\RBS
\SFC017102803_720320191029_288000021900088041_700.XML".
Performing the operation "Copy File" on target "Item: D:\SKAD\transmiter\temp\311pMsk\RBS\SFC017102803_720320191029_288000021900088042_700.XML Destination: D:\SKAD\transmiter\temp\311p\Arhive\10122019\RBS
\SFC017102803_720320191029_288000021900088042_700.XML".

[2019-12-10 15:11:08Z] - INFO - Файл(ы) скопирован(ы) в D:\SKAD\transmiter\temp\311p\Arhive\10122019\RBS
[2019-12-10 15:11:08Z] - INFO - Performing the operation "Copy File" on target "Item: D:\SKAD\transmiter\temp\311pMsk\RBS\SFC017102803_720320191029_288000021900088041_700.XML Destination: D:\SKAD\transmiter\temp\work\SFC017102803_720320
191029_288000021900088041_700.XML".
Performing the operation "Copy File" on target "Item: D:\SKAD\transmiter\temp\311pMsk\RBS\SFC017102803_720320191029_288000021900088042_700.XML Destination: D:\SKAD\transmiter\temp\work\SFC017102803_720320
191029_288000021900088042_700.XML".

[2019-12-10 15:11:08Z] - INFO - Файл(ы) скопирован(ы) в D:\SKAD\transmiter\temp\work
[2019-12-10 15:11:08Z] - INFO - Performing the operation "Remove File" on target "D:\SKAD\transmiter\temp\311pMsk\RBS\SFC017102803_720320191029_288000021900088041_700.XML".
Performing the operation "Remove File" on target "D:\SKAD\transmiter\temp\311pMsk\RBS\SFC017102803_720320191029_288000021900088042_700.XML".

[2019-12-10 15:11:08Z] - INFO - Файл(ы) удален(ы) в D:\SKAD\transmiter\temp\311pMsk\RBS\
[2019-12-10 15:11:08Z] - INFO - Performing the operation "Copy File" on target "Item: D:\SKAD\transmiter\temp\311pMsk\WAY4\SFC017102803_720320191029_288000021901061098_700.xml Destination: D:\SKAD\transmiter\temp\311p\Arhive\10122019\WA
Y4\SFC017102803_720320191029_288000021901061098_700.xml".
Performing the operation "Copy File" on target "Item: D:\SKAD\transmiter\temp\311pMsk\WAY4\SFC017102803_720320191029_288000021901061100_700.xml Destination: D:\SKAD\transmiter\temp\311p\Arhive\10122019\WA
Y4\SFC017102803_720320191029_288000021901061100_700.xml".

[2019-12-10 15:11:08Z] - INFO - Файл(ы) скопирован(ы) в D:\SKAD\transmiter\temp\311p\Arhive\10122019\WAY4
[2019-12-10 15:11:08Z] - INFO - Performing the operation "Copy File" on target "Item: D:\SKAD\transmiter\temp\311pMsk\WAY4\SFC017102803_720320191029_288000021901061098_700.xml Destination: D:\SKAD\transmiter\temp\work\SFC017102803_72032
0191029_288000021901061098_700.xml".
Performing the operation "Copy File" on target "Item: D:\SKAD\transmiter\temp\311pMsk\WAY4\SFC017102803_720320191029_288000021901061100_700.xml Destination: D:\SKAD\transmiter\temp\work\SFC017102803_72032
0191029_288000021901061100_700.xml".

[2019-12-10 15:11:08Z] - INFO - Файл(ы) скопирован(ы) в D:\SKAD\transmiter\temp\work
[2019-12-10 15:11:08Z] - INFO - Performing the operation "Remove File" on target "D:\SKAD\transmiter\temp\311pMsk\WAY4\SFC017102803_720320191029_288000021901061098_700.xml".
Performing the operation "Remove File" on target "D:\SKAD\transmiter\temp\311pMsk\WAY4\SFC017102803_720320191029_288000021901061100_700.xml".

[2019-12-10 15:11:08Z] - INFO - Файл(ы) удален(ы) в D:\SKAD\transmiter\temp\311pMsk\WAY4
[2019-12-10 15:11:08Z] - INFO - Сохраняем текущею ключевую дискету
[2019-12-10 15:11:08Z] - INFO - Загружаем ключевую дискету d:\SKAD\Floppy\DISKET2019-skad-test\test1
[2019-12-10 15:11:08Z] - INFO - Начинаем преобразование...
[2019-12-10 15:11:08Z] - INFO - Обрабатываем файл SFC017102803_720320191029_288000021900088041_700.XML
[2019-12-10 15:11:09Z] - INFO - Обрабатываем файл SFC017102803_720320191029_288000021900088042_700.XML
[2019-12-10 15:11:10Z] - INFO - Обрабатываем файл SFC017102803_720320191029_288000021901061098_700.xml
[2019-12-10 15:11:11Z] - INFO - Обрабатываем файл SFC017102803_720320191029_288000021901061100_700.xml
[2019-12-10 15:11:12Z] - INFO - Performing the operation "Remove File" on target "D:\SKAD\transmiter\temp\work\SFC017102803_720320191029_288000021900088041_700.XML".
Performing the operation "Remove File" on target "D:\SKAD\transmiter\temp\work\SFC017102803_720320191029_288000021900088042_700.XML".
Performing the operation "Remove File" on target "D:\SKAD\transmiter\temp\work\SFC017102803_720320191029_288000021901061098_700.xml".
Performing the operation "Remove File" on target "D:\SKAD\transmiter\temp\work\SFC017102803_720320191029_288000021901061100_700.xml".

[2019-12-10 15:11:12Z] - INFO - Performing the operation "Rename File" on target "Item: D:\SKAD\transmiter\temp\work\SFC017102803_720320191029_288000021900088041_700.XML.test Destination: D:\SKAD\transmiter\temp\work\SFC017102803_720320
191029_288000021900088041_700.XML.tst".
Performing the operation "Rename File" on target "Item: D:\SKAD\transmiter\temp\work\SFC017102803_720320191029_288000021900088042_700.XML.test Destination: D:\SKAD\transmiter\temp\work\SFC017102803_720320
191029_288000021900088042_700.XML.tst".
Performing the operation "Rename File" on target "Item: D:\SKAD\transmiter\temp\work\SFC017102803_720320191029_288000021901061098_700.xml.test Destination: D:\SKAD\transmiter\temp\work\SFC017102803_720320
191029_288000021901061098_700.xml.tst".
Performing the operation "Rename File" on target "Item: D:\SKAD\transmiter\temp\work\SFC017102803_720320191029_288000021901061100_700.xml.test Destination: D:\SKAD\transmiter\temp\work\SFC017102803_720320
191029_288000021901061100_700.xml.tst".

[2019-12-10 15:11:12Z] - INFO - Начинаем архивацию BN028031912100001.zip ...
[2019-12-10 15:11:29Z] - INFO - Performing the operation "Remove File" on target "D:\SKAD\transmiter\temp\work\SFC017102803_720320191029_288000021900088041_700.XML.tst".
Performing the operation "Remove File" on target "D:\SKAD\transmiter\temp\work\SFC017102803_720320191029_288000021900088042_700.XML.tst".
Performing the operation "Remove File" on target "D:\SKAD\transmiter\temp\work\SFC017102803_720320191029_288000021901061098_700.xml.tst".
Performing the operation "Remove File" on target "D:\SKAD\transmiter\temp\work\SFC017102803_720320191029_288000021901061100_700.xml.tst".

[2019-12-10 15:13:14Z] - INFO - Начинаем преобразование...
[2019-12-10 15:13:14Z] - INFO - Обрабатываем файл BN028031912100001.zip
[2019-12-10 15:13:15Z] - INFO - Performing the operation "Remove File" on target "D:\SKAD\transmiter\temp\work\BN028031912100001.zip".

[2019-12-10 15:13:15Z] - INFO - Performing the operation "Rename File" on target "Item: D:\SKAD\transmiter\temp\work\BN028031912100001.zip.test Destination: D:\SKAD\transmiter\temp\work\BN028031912100001.zip.tst".

[2019-12-10 15:13:29Z] - INFO - Копируем файл архива BN028031912100001.zip.tst в D:\SKAD\transmiter\temp\311p\Arhive\10122019
[2019-12-10 15:14:57Z] - INFO - Копируем файл архива BN028031912100001.zip.tst в D:\SKAD\transmiter\temp\Post
[2019-12-10 15:15:02Z] - INFO - Performing the operation "Remove File" on target "D:\SKAD\transmiter\temp\work\BN028031912100001.zip.tst".

[2019-12-10 15:15:32Z] - INFO - Отправка почтового сообщения
[2019-12-10 15:15:42Z] - INFO - Отправлено 4 файлов
[2019-12-10 15:15:42Z] - INFO - Загружаем исходную ключевую дискету
[2019-12-10 15:15:42Z] - INFO - Конец работы скрипта!
[2019-12-10 15:17:39Z] - INFO - Начало работы Transmiter SKAD Signature
[2019-12-10 15:17:39Z] - INFO - Performing the operation "Copy File" on target "Item: D:\SKAD\transmiter\temp\GNI\SBC217102803_720320191101_288000021900000485_200.XML Destination: D:\SKAD\transmiter\temp\work\SBC217102803_720320191101_2
88000021900000485_200.XML".
Performing the operation "Copy File" on target "Item: D:\SKAD\transmiter\temp\GNI\SBC217102803_720320191101_288000021900000486_100.XML Destination: D:\SKAD\transmiter\temp\work\SBC217102803_720320191101_2
88000021900000486_100.XML".
Performing the operation "Copy File" on target "Item: D:\SKAD\transmiter\temp\GNI\SBC217102803_720320191101_288000021900000487_100.XML Destination: D:\SKAD\transmiter\temp\work\SBC217102803_720320191101_2
88000021900000487_100.XML".

[2019-12-10 15:17:39Z] - INFO - Сохраняем текущею ключевую дискету
[2019-12-10 15:17:39Z] - INFO - Загружаем ключевую дискету d:\SKAD\Floppy\DISKET2019-skad-test\test1
[2019-12-10 15:17:39Z] - INFO - Начинаем преобразование...
[2019-12-10 15:17:39Z] - INFO - Обрабатываем файл SBC217102803_720320191101_288000021900000485_200.XML
[2019-12-10 15:17:40Z] - INFO - Обрабатываем файл SBC217102803_720320191101_288000021900000486_100.XML
[2019-12-10 15:17:41Z] - INFO - Обрабатываем файл SBC217102803_720320191101_288000021900000487_100.XML
[2019-12-10 15:17:42Z] - INFO - Performing the operation "Remove File" on target "D:\SKAD\transmiter\temp\work\SBC217102803_720320191101_288000021900000485_200.XML".
Performing the operation "Remove File" on target "D:\SKAD\transmiter\temp\work\SBC217102803_720320191101_288000021900000486_100.XML".
Performing the operation "Remove File" on target "D:\SKAD\transmiter\temp\work\SBC217102803_720320191101_288000021900000487_100.XML".

[2019-12-10 15:17:42Z] - INFO - Performing the operation "Rename File" on target "Item: D:\SKAD\transmiter\temp\work\SBC217102803_720320191101_288000021900000485_200.XML.test Destination: D:\SKAD\transmiter\temp\work\SBC217102803_720320
191101_288000021900000485_200.XML.tst".
Performing the operation "Rename File" on target "Item: D:\SKAD\transmiter\temp\work\SBC217102803_720320191101_288000021900000486_100.XML.test Destination: D:\SKAD\transmiter\temp\work\SBC217102803_720320
191101_288000021900000486_100.XML.tst".
Performing the operation "Rename File" on target "Item: D:\SKAD\transmiter\temp\work\SBC217102803_720320191101_288000021900000487_100.XML.test Destination: D:\SKAD\transmiter\temp\work\SBC217102803_720320
191101_288000021900000487_100.XML.tst".

[2019-12-10 15:17:42Z] - INFO - Начинаем архивацию AN028031912100001.zip ...
[2019-12-10 15:17:46Z] - INFO - Performing the operation "Remove File" on target "D:\SKAD\transmiter\temp\work\SBC217102803_720320191101_288000021900000485_200.XML.tst".
Performing the operation "Remove File" on target "D:\SKAD\transmiter\temp\work\SBC217102803_720320191101_288000021900000486_100.XML.tst".
Performing the operation "Remove File" on target "D:\SKAD\transmiter\temp\work\SBC217102803_720320191101_288000021900000487_100.XML.tst".

[2019-12-10 15:17:46Z] - INFO - Начинаем преобразование...
[2019-12-10 15:17:46Z] - INFO - Обрабатываем файл AN028031912100001.zip
[2019-12-10 15:17:47Z] - INFO - Performing the operation "Remove File" on target "D:\SKAD\transmiter\temp\work\AN028031912100001.zip".

[2019-12-10 15:17:47Z] - INFO - Performing the operation "Rename File" on target "Item: D:\SKAD\transmiter\temp\work\AN028031912100001.zip.test Destination: D:\SKAD\transmiter\temp\work\AN028031912100001.zip.tst".

[2019-12-10 15:17:47Z] - INFO - Копируем файл архива AN028031912100001.zip.tst в D:\SKAD\transmiter\temp\311jur\Arhive\10122019
[2019-12-10 15:17:47Z] - INFO - Копируем файл архива AN028031912100001.zip.tst в D:\SKAD\transmiter\temp\Post
[2019-12-10 15:17:47Z] - INFO - Performing the operation "Remove File" on target "D:\SKAD\transmiter\temp\work\AN028031912100001.zip.tst".

[2019-12-10 15:17:47Z] - INFO - Отправка почтового сообщения
[2019-12-10 15:17:57Z] - INFO - Отправлено 3 файлов
[2019-12-10 15:17:57Z] - INFO - Загружаем исходную ключевую дискету
[2019-12-10 15:17:58Z] - INFO - Конец работы скрипта!
[2019-12-10 15:20:03Z] - INFO - Начало работы Transmiter SKAD Signature
[2019-12-10 15:20:12Z] - INFO - Обработка отчетности - 311p
[2019-12-10 15:20:37Z] - INFO - Файлы отчетности не будут скопированы в папку D:\SKAD\transmiter\temp\work
[2019-12-10 15:20:37Z] - INFO - Автоматическое копирование в папку D:\SKAD\transmiter\temp\work произведено не было!
[2019-12-10 15:20:37Z] - INFO - Сохраняем текущею ключевую дискету
[2019-12-10 15:20:37Z] - INFO - Загружаем ключевую дискету d:\SKAD\Floppy\DISKET2019-skad-test\test1
[2019-12-10 15:20:37Z] - INFO - Начинаем преобразование...
[2019-12-10 15:20:37Z] - INFO - Обрабатываем файл SFC017102803_720320191029_288000021900088041_700.XML
[2019-12-10 15:20:39Z] - INFO - Обрабатываем файл SFC017102803_720320191029_288000021900088042_700.XML
[2019-12-10 15:20:40Z] - INFO - Обрабатываем файл SFC017102803_720320191029_288000021901061098_700.xml
[2019-12-10 15:20:41Z] - INFO - Обрабатываем файл SFC017102803_720320191029_288000021901061100_700.xml
[2019-12-10 15:20:42Z] - INFO - Performing the operation "Remove File" on target "D:\SKAD\transmiter\temp\work\SFC017102803_720320191029_288000021900088041_700.XML".
Performing the operation "Remove File" on target "D:\SKAD\transmiter\temp\work\SFC017102803_720320191029_288000021900088042_700.XML".
Performing the operation "Remove File" on target "D:\SKAD\transmiter\temp\work\SFC017102803_720320191029_288000021901061098_700.xml".
Performing the operation "Remove File" on target "D:\SKAD\transmiter\temp\work\SFC017102803_720320191029_288000021901061100_700.xml".

[2019-12-10 15:20:42Z] - INFO - Performing the operation "Rename File" on target "Item: D:\SKAD\transmiter\temp\work\SFC017102803_720320191029_288000021900088041_700.XML.test Destination: D:\SKAD\transmiter\temp\work\SFC017102803_720320
191029_288000021900088041_700.XML".
Performing the operation "Rename File" on target "Item: D:\SKAD\transmiter\temp\work\SFC017102803_720320191029_288000021900088042_700.XML.test Destination: D:\SKAD\transmiter\temp\work\SFC017102803_720320
191029_288000021900088042_700.XML".
Performing the operation "Rename File" on target "Item: D:\SKAD\transmiter\temp\work\SFC017102803_720320191029_288000021901061098_700.xml.test Destination: D:\SKAD\transmiter\temp\work\SFC017102803_720320
191029_288000021901061098_700.xml".
Performing the operation "Rename File" on target "Item: D:\SKAD\transmiter\temp\work\SFC017102803_720320191029_288000021901061100_700.xml.test Destination: D:\SKAD\transmiter\temp\work\SFC017102803_720320
191029_288000021901061100_700.xml".

[2019-12-10 15:20:42Z] - INFO - Начинаем архивацию BN028031912100001.zip ...
[2019-12-10 15:20:47Z] - INFO - Performing the operation "Remove File" on target "D:\SKAD\transmiter\temp\work\SFC017102803_720320191029_288000021900088041_700.XML".
Performing the operation "Remove File" on target "D:\SKAD\transmiter\temp\work\SFC017102803_720320191029_288000021900088042_700.XML".
Performing the operation "Remove File" on target "D:\SKAD\transmiter\temp\work\SFC017102803_720320191029_288000021901061098_700.xml".
Performing the operation "Remove File" on target "D:\SKAD\transmiter\temp\work\SFC017102803_720320191029_288000021901061100_700.xml".

[2019-12-10 15:20:47Z] - INFO - Начинаем преобразование...
[2019-12-10 15:20:47Z] - INFO - Обрабатываем файл BN028031912100001.zip
[2019-12-10 15:20:48Z] - INFO - Performing the operation "Remove File" on target "D:\SKAD\transmiter\temp\work\BN028031912100001.zip".

[2019-12-10 15:20:48Z] - INFO - Performing the operation "Rename File" on target "Item: D:\SKAD\transmiter\temp\work\BN028031912100001.zip.test Destination: D:\SKAD\transmiter\temp\work\BN028031912100001.zip".

[2019-12-10 15:20:48Z] - INFO - Копируем файл архива BN028031912100001.zip в D:\SKAD\transmiter\temp\311p\Arhive\10122019
[2019-12-10 15:20:48Z] - INFO - Копируем файл архива BN028031912100001.zip в D:\SKAD\transmiter\temp\Post
[2019-12-10 15:20:48Z] - INFO - Performing the operation "Remove File" on target "D:\SKAD\transmiter\temp\work\BN028031912100001.zip".

[2019-12-10 15:20:48Z] - INFO - Отправка почтового сообщения
[2019-12-10 15:20:58Z] - INFO - Отправлено 4 файлов
[2019-12-10 15:20:58Z] - INFO - Загружаем исходную ключевую дискету
[2019-12-10 15:20:58Z] - INFO - Конец работы скрипта!
[2019-12-10 15:21:39Z] - INFO - Начало работы Transmiter SKAD Signature
[2019-12-10 15:21:45Z] - INFO - Обработка отчетности - nalog
[2019-12-10 15:21:52Z] - INFO - Файлы отчетности не будут скопированы в папку D:\SKAD\transmiter\temp\work
[2019-12-10 15:21:52Z] - INFO - Автоматическое копирование в папку D:\SKAD\transmiter\temp\work произведено не было!
[2019-12-10 15:21:52Z] - INFO - Резервное копирование файлов в D:\SKAD\transmiter\temp\311jur\Arhive\10122019
[2019-12-10 15:21:52Z] - INFO - Performing the operation "Copy File" on target "Item: D:\SKAD\transmiter\temp\work\SBC217102803_720320191101_288000021900000485_200.XML Destination: D:\SKAD\transmiter\temp\311jur\Arhive\10122019\SBC21710
2803_720320191101_288000021900000485_200.XML".
Performing the operation "Copy File" on target "Item: D:\SKAD\transmiter\temp\work\SBC217102803_720320191101_288000021900000486_100.XML Destination: D:\SKAD\transmiter\temp\311jur\Arhive\10122019\SBC21710
2803_720320191101_288000021900000486_100.XML".
Performing the operation "Copy File" on target "Item: D:\SKAD\transmiter\temp\work\SBC217102803_720320191101_288000021900000487_100.XML Destination: D:\SKAD\transmiter\temp\311jur\Arhive\10122019\SBC21710
2803_720320191101_288000021900000487_100.XML".

[2019-12-10 15:21:52Z] - INFO - Файл(ы) скопирован(ы) в D:\SKAD\transmiter\temp\311jur\Arhive\10122019
[2019-12-10 15:21:52Z] - INFO - Сохраняем текущею ключевую дискету
[2019-12-10 15:21:52Z] - INFO - Загружаем ключевую дискету d:\SKAD\Floppy\DISKET2019-skad-test\test1
[2019-12-10 15:21:52Z] - INFO - Начинаем преобразование...
[2019-12-10 15:21:52Z] - INFO - Обрабатываем файл SBC217102803_720320191101_288000021900000485_200.XML
[2019-12-10 15:21:53Z] - INFO - Обрабатываем файл SBC217102803_720320191101_288000021900000486_100.XML
[2019-12-10 15:21:54Z] - INFO - Обрабатываем файл SBC217102803_720320191101_288000021900000487_100.XML
[2019-12-10 15:21:55Z] - INFO - Performing the operation "Remove File" on target "D:\SKAD\transmiter\temp\work\SBC217102803_720320191101_288000021900000485_200.XML".
Performing the operation "Remove File" on target "D:\SKAD\transmiter\temp\work\SBC217102803_720320191101_288000021900000486_100.XML".
Performing the operation "Remove File" on target "D:\SKAD\transmiter\temp\work\SBC217102803_720320191101_288000021900000487_100.XML".

[2019-12-10 15:21:55Z] - INFO - Performing the operation "Rename File" on target "Item: D:\SKAD\transmiter\temp\work\SBC217102803_720320191101_288000021900000485_200.XML.test Destination: D:\SKAD\transmiter\temp\work\SBC217102803_720320
191101_288000021900000485_200.XML".
Performing the operation "Rename File" on target "Item: D:\SKAD\transmiter\temp\work\SBC217102803_720320191101_288000021900000486_100.XML.test Destination: D:\SKAD\transmiter\temp\work\SBC217102803_720320
191101_288000021900000486_100.XML".
Performing the operation "Rename File" on target "Item: D:\SKAD\transmiter\temp\work\SBC217102803_720320191101_288000021900000487_100.XML.test Destination: D:\SKAD\transmiter\temp\work\SBC217102803_720320
191101_288000021900000487_100.XML".

[2019-12-10 15:21:55Z] - INFO - Начинаем архивацию AN028031912100001.zip ...
[2019-12-10 15:21:55Z] - INFO - Performing the operation "Remove File" on target "D:\SKAD\transmiter\temp\work\SBC217102803_720320191101_288000021900000485_200.XML".
Performing the operation "Remove File" on target "D:\SKAD\transmiter\temp\work\SBC217102803_720320191101_288000021900000486_100.XML".
Performing the operation "Remove File" on target "D:\SKAD\transmiter\temp\work\SBC217102803_720320191101_288000021900000487_100.XML".

[2019-12-10 15:21:55Z] - INFO - Начинаем преобразование...
[2019-12-10 15:21:55Z] - INFO - Обрабатываем файл AN028031912100001.zip
[2019-12-10 15:21:57Z] - INFO - Performing the operation "Remove File" on target "D:\SKAD\transmiter\temp\work\AN028031912100001.zip".

[2019-12-10 15:21:57Z] - INFO - Performing the operation "Rename File" on target "Item: D:\SKAD\transmiter\temp\work\AN028031912100001.zip.test Destination: D:\SKAD\transmiter\temp\work\AN028031912100001.zip".

[2019-12-10 15:21:57Z] - INFO - Копируем файл архива AN028031912100001.zip в D:\SKAD\transmiter\temp\311jur\Arhive\10122019
[2019-12-10 15:21:57Z] - INFO - Копируем файл архива AN028031912100001.zip в D:\SKAD\transmiter\temp\Post
[2019-12-10 15:21:57Z] - INFO - Performing the operation "Remove File" on target "D:\SKAD\transmiter\temp\work\AN028031912100001.zip".

[2019-12-10 15:21:57Z] - INFO - Отправка почтового сообщения
[2019-12-10 15:22:06Z] - INFO - Отправлено 3 файлов
[2019-12-10 15:22:06Z] - INFO - Загружаем исходную ключевую дискету
[2019-12-10 15:22:07Z] - INFO - Конец работы скрипта!
