Текущее время: Tue Dec 10 14:54:45 2019
"C:\Program Files\MDPREI\spki\spki1utl.exe" -sign -encrypt -profile OT_TestFOIV -registry -algorithm 1.2.643.7.1.1.2.2 -in D:\SKAD\transmiter\temp\work\SFC017102803_720320191029_288000021900088041_700.XML -out D:\SKAD\transmiter\temp\work\SFC017102803_720320191029_288000021900088041_700.XML.test -reclist D:\SKAD\transmiter\util\Reclist.conf -silent D:\SKAD\transmiter\log\10122019_spki_tr.log 
Инициализация
Установка ЭП и шифрование файла
Результат: OK (00000000)
Текущее время: Tue Dec 10 14:54:51 2019
"C:\Program Files\MDPREI\spki\spki1utl.exe" -sign -encrypt -profile OT_TestFOIV -registry -algorithm 1.2.643.7.1.1.2.2 -in D:\SKAD\transmiter\temp\work\SFC017102803_720320191029_288000021900088042_700.XML -out D:\SKAD\transmiter\temp\work\SFC017102803_720320191029_288000021900088042_700.XML.test -reclist D:\SKAD\transmiter\util\Reclist.conf -silent D:\SKAD\transmiter\log\10122019_spki_tr.log 
Инициализация
Установка ЭП и шифрование файла
Результат: OK (00000000)
Текущее время: Tue Dec 10 14:54:52 2019
"C:\Program Files\MDPREI\spki\spki1utl.exe" -sign -encrypt -profile OT_TestFOIV -registry -algorithm 1.2.643.7.1.1.2.2 -in D:\SKAD\transmiter\temp\work\SFC017102803_720320191029_288000021901061098_700.xml -out D:\SKAD\transmiter\temp\work\SFC017102803_720320191029_288000021901061098_700.xml.test -reclist D:\SKAD\transmiter\util\Reclist.conf -silent D:\SKAD\transmiter\log\10122019_spki_tr.log 
Инициализация
Установка ЭП и шифрование файла
Результат: OK (00000000)
Текущее время: Tue Dec 10 14:54:53 2019
"C:\Program Files\MDPREI\spki\spki1utl.exe" -sign -encrypt -profile OT_TestFOIV -registry -algorithm 1.2.643.7.1.1.2.2 -in D:\SKAD\transmiter\temp\work\SFC017102803_720320191029_288000021901061100_700.xml -out D:\SKAD\transmiter\temp\work\SFC017102803_720320191029_288000021901061100_700.xml.test -reclist D:\SKAD\transmiter\util\Reclist.conf -silent D:\SKAD\transmiter\log\10122019_spki_tr.log 
Инициализация
Установка ЭП и шифрование файла
Результат: OK (00000000)
Текущее время: Tue Dec 10 14:54:55 2019
"C:\Program Files\MDPREI\spki\spki1utl.exe" -sign -profile OT_TestFOIV -registry -algorithm 1.2.643.7.1.1.2.2 -data D:\SKAD\transmiter\temp\work\BN028031912100001.arj -out D:\SKAD\transmiter\temp\work\BN028031912100001.arj.test -reclist D:\SKAD\transmiter\util\Reclist.conf -silent D:\SKAD\transmiter\log\10122019_spki_tr.log 
Инициализация
Установка ЭП файла
Результат: OK (00000000)
Текущее время: Tue Dec 10 15:00:25 2019
"C:\Program Files\MDPREI\spki\spki1utl.exe" -sign -encrypt -profile OT_TestFOIV -registry -algorithm 1.2.643.7.1.1.2.2 -in D:\SKAD\transmiter\temp\work\SFC017102803_720320191029_288000021900088041_700.XML -out D:\SKAD\transmiter\temp\work\SFC017102803_720320191029_288000021900088041_700.XML.test -reclist D:\SKAD\transmiter\util\Reclist.conf -silent D:\SKAD\transmiter\log\10122019_spki_tr.log 
Инициализация
Установка ЭП и шифрование файла
Результат: OK (00000000)
Текущее время: Tue Dec 10 15:00:26 2019
"C:\Program Files\MDPREI\spki\spki1utl.exe" -sign -encrypt -profile OT_TestFOIV -registry -algorithm 1.2.643.7.1.1.2.2 -in D:\SKAD\transmiter\temp\work\SFC017102803_720320191029_288000021900088042_700.XML -out D:\SKAD\transmiter\temp\work\SFC017102803_720320191029_288000021900088042_700.XML.test -reclist D:\SKAD\transmiter\util\Reclist.conf -silent D:\SKAD\transmiter\log\10122019_spki_tr.log 
Инициализация
Установка ЭП и шифрование файла
Результат: OK (00000000)
Текущее время: Tue Dec 10 15:00:27 2019
"C:\Program Files\MDPREI\spki\spki1utl.exe" -sign -encrypt -profile OT_TestFOIV -registry -algorithm 1.2.643.7.1.1.2.2 -in D:\SKAD\transmiter\temp\work\SFC017102803_720320191029_288000021901061098_700.xml -out D:\SKAD\transmiter\temp\work\SFC017102803_720320191029_288000021901061098_700.xml.test -reclist D:\SKAD\transmiter\util\Reclist.conf -silent D:\SKAD\transmiter\log\10122019_spki_tr.log 
Инициализация
Установка ЭП и шифрование файла
Результат: OK (00000000)
Текущее время: Tue Dec 10 15:00:28 2019
"C:\Program Files\MDPREI\spki\spki1utl.exe" -sign -encrypt -profile OT_TestFOIV -registry -algorithm 1.2.643.7.1.1.2.2 -in D:\SKAD\transmiter\temp\work\SFC017102803_720320191029_288000021901061100_700.xml -out D:\SKAD\transmiter\temp\work\SFC017102803_720320191029_288000021901061100_700.xml.test -reclist D:\SKAD\transmiter\util\Reclist.conf -silent D:\SKAD\transmiter\log\10122019_spki_tr.log 
Инициализация
Установка ЭП и шифрование файла
Результат: OK (00000000)
Текущее время: Tue Dec 10 15:06:48 2019
"C:\Program Files\MDPREI\spki\spki1utl.exe" -sign -encrypt -profile OT_TestFOIV -registry -algorithm 1.2.643.7.1.1.2.2 -in D:\SKAD\transmiter\temp\work\SFC017102803_720320191029_288000021900088041_700.XML -out D:\SKAD\transmiter\temp\work\SFC017102803_720320191029_288000021900088041_700.XML.test -reclist D:\SKAD\transmiter\util\Reclist.conf -silent D:\SKAD\transmiter\log\10122019_spki_tr.log 
Инициализация
Установка ЭП и шифрование файла
Результат: OK (00000000)
Текущее время: Tue Dec 10 15:06:49 2019
"C:\Program Files\MDPREI\spki\spki1utl.exe" -sign -encrypt -profile OT_TestFOIV -registry -algorithm 1.2.643.7.1.1.2.2 -in D:\SKAD\transmiter\temp\work\SFC017102803_720320191029_288000021900088042_700.XML -out D:\SKAD\transmiter\temp\work\SFC017102803_720320191029_288000021900088042_700.XML.test -reclist D:\SKAD\transmiter\util\Reclist.conf -silent D:\SKAD\transmiter\log\10122019_spki_tr.log 
Инициализация
Установка ЭП и шифрование файла
Результат: OK (00000000)
Текущее время: Tue Dec 10 15:06:50 2019
"C:\Program Files\MDPREI\spki\spki1utl.exe" -sign -encrypt -profile OT_TestFOIV -registry -algorithm 1.2.643.7.1.1.2.2 -in D:\SKAD\transmiter\temp\work\SFC017102803_720320191029_288000021901061098_700.xml -out D:\SKAD\transmiter\temp\work\SFC017102803_720320191029_288000021901061098_700.xml.test -reclist D:\SKAD\transmiter\util\Reclist.conf -silent D:\SKAD\transmiter\log\10122019_spki_tr.log 
Инициализация
Установка ЭП и шифрование файла
Результат: OK (00000000)
Текущее время: Tue Dec 10 15:06:51 2019
"C:\Program Files\MDPREI\spki\spki1utl.exe" -sign -encrypt -profile OT_TestFOIV -registry -algorithm 1.2.643.7.1.1.2.2 -in D:\SKAD\transmiter\temp\work\SFC017102803_720320191029_288000021901061100_700.xml -out D:\SKAD\transmiter\temp\work\SFC017102803_720320191029_288000021901061100_700.xml.test -reclist D:\SKAD\transmiter\util\Reclist.conf -silent D:\SKAD\transmiter\log\10122019_spki_tr.log 
Инициализация
Установка ЭП и шифрование файла
Результат: OK (00000000)
Текущее время: Tue Dec 10 15:07:15 2019
"C:\Program Files\MDPREI\spki\spki1utl.exe" -sign -encrypt -profile OT_TestFOIV -registry -algorithm 1.2.643.7.1.1.2.2 -in D:\SKAD\transmiter\temp\work\SFC017102803_720320191029_288000021900088041_700.XML -out D:\SKAD\transmiter\temp\work\SFC017102803_720320191029_288000021900088041_700.XML.test -reclist D:\SKAD\transmiter\util\Reclist.conf -silent D:\SKAD\transmiter\log\10122019_spki_tr.log 
Инициализация
Установка ЭП и шифрование файла
Результат: OK (00000000)
Текущее время: Tue Dec 10 15:07:16 2019
"C:\Program Files\MDPREI\spki\spki1utl.exe" -sign -encrypt -profile OT_TestFOIV -registry -algorithm 1.2.643.7.1.1.2.2 -in D:\SKAD\transmiter\temp\work\SFC017102803_720320191029_288000021900088042_700.XML -out D:\SKAD\transmiter\temp\work\SFC017102803_720320191029_288000021900088042_700.XML.test -reclist D:\SKAD\transmiter\util\Reclist.conf -silent D:\SKAD\transmiter\log\10122019_spki_tr.log 
Инициализация
Установка ЭП и шифрование файла
Результат: OK (00000000)
Текущее время: Tue Dec 10 15:07:17 2019
"C:\Program Files\MDPREI\spki\spki1utl.exe" -sign -encrypt -profile OT_TestFOIV -registry -algorithm 1.2.643.7.1.1.2.2 -in D:\SKAD\transmiter\temp\work\SFC017102803_720320191029_288000021901061098_700.xml -out D:\SKAD\transmiter\temp\work\SFC017102803_720320191029_288000021901061098_700.xml.test -reclist D:\SKAD\transmiter\util\Reclist.conf -silent D:\SKAD\transmiter\log\10122019_spki_tr.log 
Инициализация
Установка ЭП и шифрование файла
Результат: OK (00000000)
Текущее время: Tue Dec 10 15:07:18 2019
"C:\Program Files\MDPREI\spki\spki1utl.exe" -sign -encrypt -profile OT_TestFOIV -registry -algorithm 1.2.643.7.1.1.2.2 -in D:\SKAD\transmiter\temp\work\SFC017102803_720320191029_288000021901061100_700.xml -out D:\SKAD\transmiter\temp\work\SFC017102803_720320191029_288000021901061100_700.xml.test -reclist D:\SKAD\transmiter\util\Reclist.conf -silent D:\SKAD\transmiter\log\10122019_spki_tr.log 
Инициализация
Установка ЭП и шифрование файла
Результат: OK (00000000)
Текущее время: Tue Dec 10 15:08:32 2019
"C:\Program Files\MDPREI\spki\spki1utl.exe" -sign -encrypt -profile OT_TestFOIV -registry -algorithm 1.2.643.7.1.1.2.2 -in D:\SKAD\transmiter\temp\work\SFC017102803_720320191029_288000021900088041_700.XML -out D:\SKAD\transmiter\temp\work\SFC017102803_720320191029_288000021900088041_700.XML.test -reclist D:\SKAD\transmiter\util\Reclist.conf -silent D:\SKAD\transmiter\log\10122019_spki_tr.log 
Инициализация
Установка ЭП и шифрование файла
Результат: OK (00000000)
Текущее время: Tue Dec 10 15:08:33 2019
"C:\Program Files\MDPREI\spki\spki1utl.exe" -sign -encrypt -profile OT_TestFOIV -registry -algorithm 1.2.643.7.1.1.2.2 -in D:\SKAD\transmiter\temp\work\SFC017102803_720320191029_288000021900088042_700.XML -out D:\SKAD\transmiter\temp\work\SFC017102803_720320191029_288000021900088042_700.XML.test -reclist D:\SKAD\transmiter\util\Reclist.conf -silent D:\SKAD\transmiter\log\10122019_spki_tr.log 
Инициализация
Установка ЭП и шифрование файла
Результат: OK (00000000)
Текущее время: Tue Dec 10 15:08:34 2019
"C:\Program Files\MDPREI\spki\spki1utl.exe" -sign -encrypt -profile OT_TestFOIV -registry -algorithm 1.2.643.7.1.1.2.2 -in D:\SKAD\transmiter\temp\work\SFC017102803_720320191029_288000021901061098_700.xml -out D:\SKAD\transmiter\temp\work\SFC017102803_720320191029_288000021901061098_700.xml.test -reclist D:\SKAD\transmiter\util\Reclist.conf -silent D:\SKAD\transmiter\log\10122019_spki_tr.log 
Инициализация
Установка ЭП и шифрование файла
Результат: OK (00000000)
Текущее время: Tue Dec 10 15:08:35 2019
"C:\Program Files\MDPREI\spki\spki1utl.exe" -sign -encrypt -profile OT_TestFOIV -registry -algorithm 1.2.643.7.1.1.2.2 -in D:\SKAD\transmiter\temp\work\SFC017102803_720320191029_288000021901061100_700.xml -out D:\SKAD\transmiter\temp\work\SFC017102803_720320191029_288000021901061100_700.xml.test -reclist D:\SKAD\transmiter\util\Reclist.conf -silent D:\SKAD\transmiter\log\10122019_spki_tr.log 
Инициализация
Установка ЭП и шифрование файла
Результат: OK (00000000)
Текущее время: Tue Dec 10 15:11:08 2019
"C:\Program Files\MDPREI\spki\spki1utl.exe" -sign -encrypt -profile OT_TestFOIV -registry -algorithm 1.2.643.7.1.1.2.2 -in D:\SKAD\transmiter\temp\work\SFC017102803_720320191029_288000021900088041_700.XML -out D:\SKAD\transmiter\temp\work\SFC017102803_720320191029_288000021900088041_700.XML.test -reclist D:\SKAD\transmiter\util\Reclist.conf -silent D:\SKAD\transmiter\log\10122019_spki_tr.log 
Инициализация
Установка ЭП и шифрование файла
Результат: OK (00000000)
Текущее время: Tue Dec 10 15:11:09 2019
"C:\Program Files\MDPREI\spki\spki1utl.exe" -sign -encrypt -profile OT_TestFOIV -registry -algorithm 1.2.643.7.1.1.2.2 -in D:\SKAD\transmiter\temp\work\SFC017102803_720320191029_288000021900088042_700.XML -out D:\SKAD\transmiter\temp\work\SFC017102803_720320191029_288000021900088042_700.XML.test -reclist D:\SKAD\transmiter\util\Reclist.conf -silent D:\SKAD\transmiter\log\10122019_spki_tr.log 
Инициализация
Установка ЭП и шифрование файла
Результат: OK (00000000)
Текущее время: Tue Dec 10 15:11:10 2019
"C:\Program Files\MDPREI\spki\spki1utl.exe" -sign -encrypt -profile OT_TestFOIV -registry -algorithm 1.2.643.7.1.1.2.2 -in D:\SKAD\transmiter\temp\work\SFC017102803_720320191029_288000021901061098_700.xml -out D:\SKAD\transmiter\temp\work\SFC017102803_720320191029_288000021901061098_700.xml.test -reclist D:\SKAD\transmiter\util\Reclist.conf -silent D:\SKAD\transmiter\log\10122019_spki_tr.log 
Инициализация
Установка ЭП и шифрование файла
Результат: OK (00000000)
Текущее время: Tue Dec 10 15:11:11 2019
"C:\Program Files\MDPREI\spki\spki1utl.exe" -sign -encrypt -profile OT_TestFOIV -registry -algorithm 1.2.643.7.1.1.2.2 -in D:\SKAD\transmiter\temp\work\SFC017102803_720320191029_288000021901061100_700.xml -out D:\SKAD\transmiter\temp\work\SFC017102803_720320191029_288000021901061100_700.xml.test -reclist D:\SKAD\transmiter\util\Reclist.conf -silent D:\SKAD\transmiter\log\10122019_spki_tr.log 
Инициализация
Установка ЭП и шифрование файла
Результат: OK (00000000)
Текущее время: Tue Dec 10 15:13:14 2019
"C:\Program Files\MDPREI\spki\spki1utl.exe" -sign -profile OT_TestFOIV -registry -algorithm 1.2.643.7.1.1.2.2 -data D:\SKAD\transmiter\temp\work\BN028031912100001.zip -out D:\SKAD\transmiter\temp\work\BN028031912100001.zip.test -reclist D:\SKAD\transmiter\util\Reclist.conf -silent D:\SKAD\transmiter\log\10122019_spki_tr.log 
Инициализация
Установка ЭП файла
Результат: OK (00000000)
Текущее время: Tue Dec 10 15:17:39 2019
"C:\Program Files\MDPREI\spki\spki1utl.exe" -sign -encrypt -profile OT_TestFOIV -registry -algorithm 1.2.643.7.1.1.2.2 -in D:\SKAD\transmiter\temp\work\SBC217102803_720320191101_288000021900000485_200.XML -out D:\SKAD\transmiter\temp\work\SBC217102803_720320191101_288000021900000485_200.XML.test -reclist D:\SKAD\transmiter\util\Reclist.conf -silent D:\SKAD\transmiter\log\10122019_spki_tr.log 
Инициализация
Установка ЭП и шифрование файла
Результат: OK (00000000)
Текущее время: Tue Dec 10 15:17:40 2019
"C:\Program Files\MDPREI\spki\spki1utl.exe" -sign -encrypt -profile OT_TestFOIV -registry -algorithm 1.2.643.7.1.1.2.2 -in D:\SKAD\transmiter\temp\work\SBC217102803_720320191101_288000021900000486_100.XML -out D:\SKAD\transmiter\temp\work\SBC217102803_720320191101_288000021900000486_100.XML.test -reclist D:\SKAD\transmiter\util\Reclist.conf -silent D:\SKAD\transmiter\log\10122019_spki_tr.log 
Инициализация
Установка ЭП и шифрование файла
Результат: OK (00000000)
Текущее время: Tue Dec 10 15:17:41 2019
"C:\Program Files\MDPREI\spki\spki1utl.exe" -sign -encrypt -profile OT_TestFOIV -registry -algorithm 1.2.643.7.1.1.2.2 -in D:\SKAD\transmiter\temp\work\SBC217102803_720320191101_288000021900000487_100.XML -out D:\SKAD\transmiter\temp\work\SBC217102803_720320191101_288000021900000487_100.XML.test -reclist D:\SKAD\transmiter\util\Reclist.conf -silent D:\SKAD\transmiter\log\10122019_spki_tr.log 
Инициализация
Установка ЭП и шифрование файла
Результат: OK (00000000)
Текущее время: Tue Dec 10 15:17:46 2019
"C:\Program Files\MDPREI\spki\spki1utl.exe" -sign -profile OT_TestFOIV -registry -algorithm 1.2.643.7.1.1.2.2 -data D:\SKAD\transmiter\temp\work\AN028031912100001.zip -out D:\SKAD\transmiter\temp\work\AN028031912100001.zip.test -reclist D:\SKAD\transmiter\util\Reclist.conf -silent D:\SKAD\transmiter\log\10122019_spki_tr.log 
Инициализация
Установка ЭП файла
Результат: OK (00000000)
Текущее время: Tue Dec 10 15:20:38 2019
"C:\Program Files\MDPREI\spki\spki1utl.exe" -sign -encrypt -profile OT_TestFOIV -registry -algorithm 1.2.643.7.1.1.2.2 -in D:\SKAD\transmiter\temp\work\SFC017102803_720320191029_288000021900088041_700.XML -out D:\SKAD\transmiter\temp\work\SFC017102803_720320191029_288000021900088041_700.XML.test -reclist D:\SKAD\transmiter\util\Reclist.conf -silent D:\SKAD\transmiter\log\10122019_spki_tr.log 
Инициализация
Установка ЭП и шифрование файла
Результат: OK (00000000)
Текущее время: Tue Dec 10 15:20:39 2019
"C:\Program Files\MDPREI\spki\spki1utl.exe" -sign -encrypt -profile OT_TestFOIV -registry -algorithm 1.2.643.7.1.1.2.2 -in D:\SKAD\transmiter\temp\work\SFC017102803_720320191029_288000021900088042_700.XML -out D:\SKAD\transmiter\temp\work\SFC017102803_720320191029_288000021900088042_700.XML.test -reclist D:\SKAD\transmiter\util\Reclist.conf -silent D:\SKAD\transmiter\log\10122019_spki_tr.log 
Инициализация
Установка ЭП и шифрование файла
Результат: OK (00000000)
Текущее время: Tue Dec 10 15:20:40 2019
"C:\Program Files\MDPREI\spki\spki1utl.exe" -sign -encrypt -profile OT_TestFOIV -registry -algorithm 1.2.643.7.1.1.2.2 -in D:\SKAD\transmiter\temp\work\SFC017102803_720320191029_288000021901061098_700.xml -out D:\SKAD\transmiter\temp\work\SFC017102803_720320191029_288000021901061098_700.xml.test -reclist D:\SKAD\transmiter\util\Reclist.conf -silent D:\SKAD\transmiter\log\10122019_spki_tr.log 
Инициализация
Установка ЭП и шифрование файла
Результат: OK (00000000)
Текущее время: Tue Dec 10 15:20:41 2019
"C:\Program Files\MDPREI\spki\spki1utl.exe" -sign -encrypt -profile OT_TestFOIV -registry -algorithm 1.2.643.7.1.1.2.2 -in D:\SKAD\transmiter\temp\work\SFC017102803_720320191029_288000021901061100_700.xml -out D:\SKAD\transmiter\temp\work\SFC017102803_720320191029_288000021901061100_700.xml.test -reclist D:\SKAD\transmiter\util\Reclist.conf -silent D:\SKAD\transmiter\log\10122019_spki_tr.log 
Инициализация
Установка ЭП и шифрование файла
Результат: OK (00000000)
Текущее время: Tue Dec 10 15:20:47 2019
"C:\Program Files\MDPREI\spki\spki1utl.exe" -sign -profile OT_TestFOIV -registry -algorithm 1.2.643.7.1.1.2.2 -data D:\SKAD\transmiter\temp\work\BN028031912100001.zip -out D:\SKAD\transmiter\temp\work\BN028031912100001.zip.test -reclist D:\SKAD\transmiter\util\Reclist.conf -silent D:\SKAD\transmiter\log\10122019_spki_tr.log 
Инициализация
Установка ЭП файла
Результат: OK (00000000)
Текущее время: Tue Dec 10 15:21:52 2019
"C:\Program Files\MDPREI\spki\spki1utl.exe" -sign -encrypt -profile OT_TestFOIV -registry -algorithm 1.2.643.7.1.1.2.2 -in D:\SKAD\transmiter\temp\work\SBC217102803_720320191101_288000021900000485_200.XML -out D:\SKAD\transmiter\temp\work\SBC217102803_720320191101_288000021900000485_200.XML.test -reclist D:\SKAD\transmiter\util\Reclist.conf -silent D:\SKAD\transmiter\log\10122019_spki_tr.log 
Инициализация
Установка ЭП и шифрование файла
Результат: OK (00000000)
Текущее время: Tue Dec 10 15:21:53 2019
"C:\Program Files\MDPREI\spki\spki1utl.exe" -sign -encrypt -profile OT_TestFOIV -registry -algorithm 1.2.643.7.1.1.2.2 -in D:\SKAD\transmiter\temp\work\SBC217102803_720320191101_288000021900000486_100.XML -out D:\SKAD\transmiter\temp\work\SBC217102803_720320191101_288000021900000486_100.XML.test -reclist D:\SKAD\transmiter\util\Reclist.conf -silent D:\SKAD\transmiter\log\10122019_spki_tr.log 
Инициализация
Установка ЭП и шифрование файла
Результат: OK (00000000)
Текущее время: Tue Dec 10 15:21:54 2019
"C:\Program Files\MDPREI\spki\spki1utl.exe" -sign -encrypt -profile OT_TestFOIV -registry -algorithm 1.2.643.7.1.1.2.2 -in D:\SKAD\transmiter\temp\work\SBC217102803_720320191101_288000021900000487_100.XML -out D:\SKAD\transmiter\temp\work\SBC217102803_720320191101_288000021900000487_100.XML.test -reclist D:\SKAD\transmiter\util\Reclist.conf -silent D:\SKAD\transmiter\log\10122019_spki_tr.log 
Инициализация
Установка ЭП и шифрование файла
Результат: OK (00000000)
Текущее время: Tue Dec 10 15:21:56 2019
"C:\Program Files\MDPREI\spki\spki1utl.exe" -sign -profile OT_TestFOIV -registry -algorithm 1.2.643.7.1.1.2.2 -data D:\SKAD\transmiter\temp\work\AN028031912100001.zip -out D:\SKAD\transmiter\temp\work\AN028031912100001.zip.test -reclist D:\SKAD\transmiter\util\Reclist.conf -silent D:\SKAD\transmiter\log\10122019_spki_tr.log 
Инициализация
Установка ЭП файла
Результат: OK (00000000)
