Текущее время: Thu Dec 19 10:37:51 2019
"C:\Program Files\MDPREI\spki\spki1utl.exe" -sign -profile r2880_2 -registry -algorithm 1.2.643.7.1.1.2.2 -data D:\SKAD\transmiterSKAD\temp\work\SFC017102803_720320191218_288000021900091323_700.XML -out D:\SKAD\transmiterSKAD\temp\work\SFC017102803_720320191218_288000021900091323_700.XML.test -reclist D:\SKAD\transmiterSKAD\util\Reclist.conf -silent D:\SKAD\transmiterSKAD\log\19122019_spki_tr.log 
Инициализация
Установка ЭП файла
Результат: OK (00000000)
Текущее время: Thu Dec 19 10:37:52 2019
"C:\Program Files\MDPREI\spki\spki1utl.exe" -sign -profile r2880_2 -registry -algorithm 1.2.643.7.1.1.2.2 -data D:\SKAD\transmiterSKAD\temp\work\SFC017102803_720320191218_288000021900091325_700.XML -out D:\SKAD\transmiterSKAD\temp\work\SFC017102803_720320191218_288000021900091325_700.XML.test -reclist D:\SKAD\transmiterSKAD\util\Reclist.conf -silent D:\SKAD\transmiterSKAD\log\19122019_spki_tr.log 
Инициализация
Установка ЭП файла
Результат: OK (00000000)
Текущее время: Thu Dec 19 10:37:53 2019
"C:\Program Files\MDPREI\spki\spki1utl.exe" -sign -profile r2880_2 -registry -algorithm 1.2.643.7.1.1.2.2 -data D:\SKAD\transmiterSKAD\temp\work\SFC017102803_720320191218_288000021901062807_700.xml -out D:\SKAD\transmiterSKAD\temp\work\SFC017102803_720320191218_288000021901062807_700.xml.test -reclist D:\SKAD\transmiterSKAD\util\Reclist.conf -silent D:\SKAD\transmiterSKAD\log\19122019_spki_tr.log 
Инициализация
Установка ЭП файла
Результат: OK (00000000)
Текущее время: Thu Dec 19 10:37:54 2019
"C:\Program Files\MDPREI\spki\spki1utl.exe" -sign -profile r2880_2 -registry -algorithm 1.2.643.7.1.1.2.2 -data D:\SKAD\transmiterSKAD\temp\work\SFC017102803_720320191218_288000021901062811_700.xml -out D:\SKAD\transmiterSKAD\temp\work\SFC017102803_720320191218_288000021901062811_700.xml.test -reclist D:\SKAD\transmiterSKAD\util\Reclist.conf -silent D:\SKAD\transmiterSKAD\log\19122019_spki_tr.log 
Инициализация
Установка ЭП файла
Результат: OK (00000000)
Текущее время: Thu Dec 19 10:37:56 2019
"C:\Program Files\MDPREI\spki\spki1utl.exe" -sign -encrypt -profile r2880_2 -registry -algorithm 1.2.643.7.1.1.2.2 -in D:\SKAD\transmiterSKAD\temp\work\SFC017102803_720320191218_288000021900091323_700.XML -out D:\SKAD\transmiterSKAD\temp\work\SFC017102803_720320191218_288000021900091323_700.XML.test -reclist D:\SKAD\transmiterSKAD\util\Reclist.conf -silent D:\SKAD\transmiterSKAD\log\19122019_spki_tr.log 
Инициализация
Установка ЭП и шифрование файла
Результат: OK (00000000)
Текущее время: Thu Dec 19 10:37:57 2019
"C:\Program Files\MDPREI\spki\spki1utl.exe" -sign -encrypt -profile r2880_2 -registry -algorithm 1.2.643.7.1.1.2.2 -in D:\SKAD\transmiterSKAD\temp\work\SFC017102803_720320191218_288000021900091325_700.XML -out D:\SKAD\transmiterSKAD\temp\work\SFC017102803_720320191218_288000021900091325_700.XML.test -reclist D:\SKAD\transmiterSKAD\util\Reclist.conf -silent D:\SKAD\transmiterSKAD\log\19122019_spki_tr.log 
Инициализация
Установка ЭП и шифрование файла
Результат: OK (00000000)
Текущее время: Thu Dec 19 10:37:58 2019
"C:\Program Files\MDPREI\spki\spki1utl.exe" -sign -encrypt -profile r2880_2 -registry -algorithm 1.2.643.7.1.1.2.2 -in D:\SKAD\transmiterSKAD\temp\work\SFC017102803_720320191218_288000021901062807_700.xml -out D:\SKAD\transmiterSKAD\temp\work\SFC017102803_720320191218_288000021901062807_700.xml.test -reclist D:\SKAD\transmiterSKAD\util\Reclist.conf -silent D:\SKAD\transmiterSKAD\log\19122019_spki_tr.log 
Инициализация
Установка ЭП и шифрование файла
Результат: OK (00000000)
Текущее время: Thu Dec 19 10:37:59 2019
"C:\Program Files\MDPREI\spki\spki1utl.exe" -sign -encrypt -profile r2880_2 -registry -algorithm 1.2.643.7.1.1.2.2 -in D:\SKAD\transmiterSKAD\temp\work\SFC017102803_720320191218_288000021901062811_700.xml -out D:\SKAD\transmiterSKAD\temp\work\SFC017102803_720320191218_288000021901062811_700.xml.test -reclist D:\SKAD\transmiterSKAD\util\Reclist.conf -silent D:\SKAD\transmiterSKAD\log\19122019_spki_tr.log 
Инициализация
Установка ЭП и шифрование файла
Результат: OK (00000000)
Текущее время: Thu Dec 19 10:53:27 2019
"C:\Program Files\MDPREI\spki\spki1utl.exe" -sign -profile r2880_2 -registry -algorithm 1.2.643.7.1.1.2.2 -data D:\SKAD\transmiterSKAD\temp\work\SFC017102803_720320191218_288000021900091323_700.XML -out D:\SKAD\transmiterSKAD\temp\work\SFC017102803_720320191218_288000021900091323_700.XML.test -reclist D:\SKAD\transmiterSKAD\util\Reclist.conf -silent D:\SKAD\transmiterSKAD\log\19122019_spki_tr.log 
Инициализация
Установка ЭП файла
Результат: OK (00000000)
Текущее время: Thu Dec 19 10:53:28 2019
"C:\Program Files\MDPREI\spki\spki1utl.exe" -sign -profile r2880_2 -registry -algorithm 1.2.643.7.1.1.2.2 -data D:\SKAD\transmiterSKAD\temp\work\SFC017102803_720320191218_288000021900091325_700.XML -out D:\SKAD\transmiterSKAD\temp\work\SFC017102803_720320191218_288000021900091325_700.XML.test -reclist D:\SKAD\transmiterSKAD\util\Reclist.conf -silent D:\SKAD\transmiterSKAD\log\19122019_spki_tr.log 
Инициализация
Установка ЭП файла
Результат: OK (00000000)
Текущее время: Thu Dec 19 10:53:29 2019
"C:\Program Files\MDPREI\spki\spki1utl.exe" -sign -profile r2880_2 -registry -algorithm 1.2.643.7.1.1.2.2 -data D:\SKAD\transmiterSKAD\temp\work\SFC017102803_720320191218_288000021901062807_700.xml -out D:\SKAD\transmiterSKAD\temp\work\SFC017102803_720320191218_288000021901062807_700.xml.test -reclist D:\SKAD\transmiterSKAD\util\Reclist.conf -silent D:\SKAD\transmiterSKAD\log\19122019_spki_tr.log 
Инициализация
Установка ЭП файла
Результат: OK (00000000)
Текущее время: Thu Dec 19 10:53:30 2019
"C:\Program Files\MDPREI\spki\spki1utl.exe" -sign -profile r2880_2 -registry -algorithm 1.2.643.7.1.1.2.2 -data D:\SKAD\transmiterSKAD\temp\work\SFC017102803_720320191218_288000021901062811_700.xml -out D:\SKAD\transmiterSKAD\temp\work\SFC017102803_720320191218_288000021901062811_700.xml.test -reclist D:\SKAD\transmiterSKAD\util\Reclist.conf -silent D:\SKAD\transmiterSKAD\log\19122019_spki_tr.log 
Инициализация
Установка ЭП файла
Результат: OK (00000000)
Текущее время: Thu Dec 19 10:53:32 2019
"C:\Program Files\MDPREI\spki\spki1utl.exe" -sign -encrypt -profile r2880_2 -registry -algorithm 1.2.643.7.1.1.2.2 -in D:\SKAD\transmiterSKAD\temp\work\SFC017102803_720320191218_288000021900091323_700.XML -out D:\SKAD\transmiterSKAD\temp\work\SFC017102803_720320191218_288000021900091323_700.XML.test -reclist D:\SKAD\transmiterSKAD\util\Reclist.conf -silent D:\SKAD\transmiterSKAD\log\19122019_spki_tr.log 
Инициализация
Установка ЭП и шифрование файла
Результат: OK (00000000)
Текущее время: Thu Dec 19 10:53:33 2019
"C:\Program Files\MDPREI\spki\spki1utl.exe" -sign -encrypt -profile r2880_2 -registry -algorithm 1.2.643.7.1.1.2.2 -in D:\SKAD\transmiterSKAD\temp\work\SFC017102803_720320191218_288000021900091325_700.XML -out D:\SKAD\transmiterSKAD\temp\work\SFC017102803_720320191218_288000021900091325_700.XML.test -reclist D:\SKAD\transmiterSKAD\util\Reclist.conf -silent D:\SKAD\transmiterSKAD\log\19122019_spki_tr.log 
Инициализация
Установка ЭП и шифрование файла
Результат: OK (00000000)
Текущее время: Thu Dec 19 10:53:34 2019
"C:\Program Files\MDPREI\spki\spki1utl.exe" -sign -encrypt -profile r2880_2 -registry -algorithm 1.2.643.7.1.1.2.2 -in D:\SKAD\transmiterSKAD\temp\work\SFC017102803_720320191218_288000021901062807_700.xml -out D:\SKAD\transmiterSKAD\temp\work\SFC017102803_720320191218_288000021901062807_700.xml.test -reclist D:\SKAD\transmiterSKAD\util\Reclist.conf -silent D:\SKAD\transmiterSKAD\log\19122019_spki_tr.log 
Инициализация
Установка ЭП и шифрование файла
Результат: OK (00000000)
Текущее время: Thu Dec 19 10:53:35 2019
"C:\Program Files\MDPREI\spki\spki1utl.exe" -sign -encrypt -profile r2880_2 -registry -algorithm 1.2.643.7.1.1.2.2 -in D:\SKAD\transmiterSKAD\temp\work\SFC017102803_720320191218_288000021901062811_700.xml -out D:\SKAD\transmiterSKAD\temp\work\SFC017102803_720320191218_288000021901062811_700.xml.test -reclist D:\SKAD\transmiterSKAD\util\Reclist.conf -silent D:\SKAD\transmiterSKAD\log\19122019_spki_tr.log 
Инициализация
Установка ЭП и шифрование файла
Результат: OK (00000000)
Текущее время: Thu Dec 19 10:53:37 2019
"C:\Program Files\MDPREI\spki\spki1utl.exe" -sign -profile r2880_2 -registry -algorithm 1.2.643.7.1.1.2.2 -data D:\SKAD\transmiterSKAD\temp\work\BN028031912190001.arj -out D:\SKAD\transmiterSKAD\temp\work\BN028031912190001.arj.test -reclist D:\SKAD\transmiterSKAD\util\Reclist.conf -silent D:\SKAD\transmiterSKAD\log\19122019_spki_tr.log 
Инициализация
Установка ЭП файла
Результат: OK (00000000)
Текущее время: Thu Dec 19 10:56:39 2019
"C:\Program Files\MDPREI\spki\spki1utl.exe" -sign -profile r2880_2 -registry -algorithm 1.2.643.7.1.1.2.2 -data D:\SKAD\transmiterSKAD\temp\work\SFC017102803_720320191218_288000021900091323_700.XML -out D:\SKAD\transmiterSKAD\temp\work\SFC017102803_720320191218_288000021900091323_700.XML.test -reclist D:\SKAD\transmiterSKAD\util\Reclist.conf -silent D:\SKAD\transmiterSKAD\log\19122019_spki_tr.log 
Инициализация
Установка ЭП файла
Результат: OK (00000000)
Текущее время: Thu Dec 19 10:56:40 2019
"C:\Program Files\MDPREI\spki\spki1utl.exe" -sign -profile r2880_2 -registry -algorithm 1.2.643.7.1.1.2.2 -data D:\SKAD\transmiterSKAD\temp\work\SFC017102803_720320191218_288000021900091325_700.XML -out D:\SKAD\transmiterSKAD\temp\work\SFC017102803_720320191218_288000021900091325_700.XML.test -reclist D:\SKAD\transmiterSKAD\util\Reclist.conf -silent D:\SKAD\transmiterSKAD\log\19122019_spki_tr.log 
Инициализация
Установка ЭП файла
Результат: OK (00000000)
Текущее время: Thu Dec 19 10:56:42 2019
"C:\Program Files\MDPREI\spki\spki1utl.exe" -sign -profile r2880_2 -registry -algorithm 1.2.643.7.1.1.2.2 -data D:\SKAD\transmiterSKAD\temp\work\SFC017102803_720320191218_288000021901062807_700.xml -out D:\SKAD\transmiterSKAD\temp\work\SFC017102803_720320191218_288000021901062807_700.xml.test -reclist D:\SKAD\transmiterSKAD\util\Reclist.conf -silent D:\SKAD\transmiterSKAD\log\19122019_spki_tr.log 
Инициализация
Установка ЭП файла
Результат: OK (00000000)
Текущее время: Thu Dec 19 10:56:43 2019
"C:\Program Files\MDPREI\spki\spki1utl.exe" -sign -profile r2880_2 -registry -algorithm 1.2.643.7.1.1.2.2 -data D:\SKAD\transmiterSKAD\temp\work\SFC017102803_720320191218_288000021901062811_700.xml -out D:\SKAD\transmiterSKAD\temp\work\SFC017102803_720320191218_288000021901062811_700.xml.test -reclist D:\SKAD\transmiterSKAD\util\Reclist.conf -silent D:\SKAD\transmiterSKAD\log\19122019_spki_tr.log 
Инициализация
Установка ЭП файла
Результат: OK (00000000)
Текущее время: Thu Dec 19 10:56:45 2019
"C:\Program Files\MDPREI\spki\spki1utl.exe" -sign -encrypt -profile r2880_2 -registry -algorithm 1.2.643.7.1.1.2.2 -in D:\SKAD\transmiterSKAD\temp\work\SFC017102803_720320191218_288000021900091323_700.XML -out D:\SKAD\transmiterSKAD\temp\work\SFC017102803_720320191218_288000021900091323_700.XML.test -reclist D:\SKAD\transmiterSKAD\util\Reclist.conf -silent D:\SKAD\transmiterSKAD\log\19122019_spki_tr.log 
Инициализация
Установка ЭП и шифрование файла
Результат: OK (00000000)
Текущее время: Thu Dec 19 10:56:46 2019
"C:\Program Files\MDPREI\spki\spki1utl.exe" -sign -encrypt -profile r2880_2 -registry -algorithm 1.2.643.7.1.1.2.2 -in D:\SKAD\transmiterSKAD\temp\work\SFC017102803_720320191218_288000021900091325_700.XML -out D:\SKAD\transmiterSKAD\temp\work\SFC017102803_720320191218_288000021900091325_700.XML.test -reclist D:\SKAD\transmiterSKAD\util\Reclist.conf -silent D:\SKAD\transmiterSKAD\log\19122019_spki_tr.log 
Инициализация
Установка ЭП и шифрование файла
Результат: OK (00000000)
Текущее время: Thu Dec 19 10:56:47 2019
"C:\Program Files\MDPREI\spki\spki1utl.exe" -sign -encrypt -profile r2880_2 -registry -algorithm 1.2.643.7.1.1.2.2 -in D:\SKAD\transmiterSKAD\temp\work\SFC017102803_720320191218_288000021901062807_700.xml -out D:\SKAD\transmiterSKAD\temp\work\SFC017102803_720320191218_288000021901062807_700.xml.test -reclist D:\SKAD\transmiterSKAD\util\Reclist.conf -silent D:\SKAD\transmiterSKAD\log\19122019_spki_tr.log 
Инициализация
Установка ЭП и шифрование файла
Результат: OK (00000000)
Текущее время: Thu Dec 19 10:56:48 2019
"C:\Program Files\MDPREI\spki\spki1utl.exe" -sign -encrypt -profile r2880_2 -registry -algorithm 1.2.643.7.1.1.2.2 -in D:\SKAD\transmiterSKAD\temp\work\SFC017102803_720320191218_288000021901062811_700.xml -out D:\SKAD\transmiterSKAD\temp\work\SFC017102803_720320191218_288000021901062811_700.xml.test -reclist D:\SKAD\transmiterSKAD\util\Reclist.conf -silent D:\SKAD\transmiterSKAD\log\19122019_spki_tr.log 
Инициализация
Установка ЭП и шифрование файла
Результат: OK (00000000)
Текущее время: Thu Dec 19 10:56:49 2019
"C:\Program Files\MDPREI\spki\spki1utl.exe" -sign -profile r2880_2 -registry -algorithm 1.2.643.7.1.1.2.2 -data D:\SKAD\transmiterSKAD\temp\work\BN028031912190001.arj -out D:\SKAD\transmiterSKAD\temp\work\BN028031912190001.arj.test -reclist D:\SKAD\transmiterSKAD\util\Reclist.conf -silent D:\SKAD\transmiterSKAD\log\19122019_spki_tr.log 
Инициализация
Установка ЭП файла
Результат: OK (00000000)
Текущее время: Thu Dec 19 12:21:24 2019
"C:\Program Files\MDPREI\spki\spki1utl.exe" -sign -profile r2880_2 -registry -algorithm 1.2.643.7.1.1.2.2 -data D:\SKAD\transmiterSKAD\temp\work\SFC017102803_720320191218_288000021900091323_700.XML -out D:\SKAD\transmiterSKAD\temp\work\SFC017102803_720320191218_288000021900091323_700.XML.test -reclist D:\SKAD\transmiterSKAD\util\Reclist.conf -silent D:\SKAD\transmiterSKAD\log\19122019_spki_tr.log 
Инициализация
Установка ЭП файла
Результат: OK (00000000)
Текущее время: Thu Dec 19 12:21:25 2019
"C:\Program Files\MDPREI\spki\spki1utl.exe" -sign -profile r2880_2 -registry -algorithm 1.2.643.7.1.1.2.2 -data D:\SKAD\transmiterSKAD\temp\work\SFC017102803_720320191218_288000021900091325_700.XML -out D:\SKAD\transmiterSKAD\temp\work\SFC017102803_720320191218_288000021900091325_700.XML.test -reclist D:\SKAD\transmiterSKAD\util\Reclist.conf -silent D:\SKAD\transmiterSKAD\log\19122019_spki_tr.log 
Инициализация
Установка ЭП файла
Результат: OK (00000000)
Текущее время: Thu Dec 19 12:21:26 2019
"C:\Program Files\MDPREI\spki\spki1utl.exe" -sign -profile r2880_2 -registry -algorithm 1.2.643.7.1.1.2.2 -data D:\SKAD\transmiterSKAD\temp\work\SFC017102803_720320191218_288000021900091326_700.XML -out D:\SKAD\transmiterSKAD\temp\work\SFC017102803_720320191218_288000021900091326_700.XML.test -reclist D:\SKAD\transmiterSKAD\util\Reclist.conf -silent D:\SKAD\transmiterSKAD\log\19122019_spki_tr.log 
Инициализация
Установка ЭП файла
Результат: OK (00000000)
Текущее время: Thu Dec 19 12:21:27 2019
"C:\Program Files\MDPREI\spki\spki1utl.exe" -sign -profile r2880_2 -registry -algorithm 1.2.643.7.1.1.2.2 -data D:\SKAD\transmiterSKAD\temp\work\SFC017102803_720320191218_288000021901062807_700.xml -out D:\SKAD\transmiterSKAD\temp\work\SFC017102803_720320191218_288000021901062807_700.xml.test -reclist D:\SKAD\transmiterSKAD\util\Reclist.conf -silent D:\SKAD\transmiterSKAD\log\19122019_spki_tr.log 
Инициализация
Установка ЭП файла
Результат: OK (00000000)
Текущее время: Thu Dec 19 12:21:28 2019
"C:\Program Files\MDPREI\spki\spki1utl.exe" -sign -profile r2880_2 -registry -algorithm 1.2.643.7.1.1.2.2 -data D:\SKAD\transmiterSKAD\temp\work\SFC017102803_720320191218_288000021901062811_700.xml -out D:\SKAD\transmiterSKAD\temp\work\SFC017102803_720320191218_288000021901062811_700.xml.test -reclist D:\SKAD\transmiterSKAD\util\Reclist.conf -silent D:\SKAD\transmiterSKAD\log\19122019_spki_tr.log 
Инициализация
Установка ЭП файла
Результат: OK (00000000)
Текущее время: Thu Dec 19 12:21:29 2019
"C:\Program Files\MDPREI\spki\spki1utl.exe" -sign -profile r2880_2 -registry -algorithm 1.2.643.7.1.1.2.2 -data D:\SKAD\transmiterSKAD\temp\work\SFC017102803_720320191218_288000021901062812_700.xml -out D:\SKAD\transmiterSKAD\temp\work\SFC017102803_720320191218_288000021901062812_700.xml.test -reclist D:\SKAD\transmiterSKAD\util\Reclist.conf -silent D:\SKAD\transmiterSKAD\log\19122019_spki_tr.log 
Инициализация
Установка ЭП файла
Результат: OK (00000000)
Текущее время: Thu Dec 19 12:21:31 2019
"C:\Program Files\MDPREI\spki\spki1utl.exe" -sign -profile r2880_2 -registry -algorithm 1.2.643.7.1.1.2.2 -data D:\SKAD\transmiterSKAD\temp\work\SFC017102803_720320191218_288000021901062815_700.xml -out D:\SKAD\transmiterSKAD\temp\work\SFC017102803_720320191218_288000021901062815_700.xml.test -reclist D:\SKAD\transmiterSKAD\util\Reclist.conf -silent D:\SKAD\transmiterSKAD\log\19122019_spki_tr.log 
Инициализация
Установка ЭП файла
Результат: OK (00000000)
Текущее время: Thu Dec 19 12:21:32 2019
"C:\Program Files\MDPREI\spki\spki1utl.exe" -sign -profile r2880_2 -registry -algorithm 1.2.643.7.1.1.2.2 -data D:\SKAD\transmiterSKAD\temp\work\SFC117102803_720320191218_288000021900091327_700.XML -out D:\SKAD\transmiterSKAD\temp\work\SFC117102803_720320191218_288000021900091327_700.XML.test -reclist D:\SKAD\transmiterSKAD\util\Reclist.conf -silent D:\SKAD\transmiterSKAD\log\19122019_spki_tr.log 
Инициализация
Установка ЭП файла
Результат: OK (00000000)
Текущее время: Thu Dec 19 12:21:33 2019
"C:\Program Files\MDPREI\spki\spki1utl.exe" -sign -profile r2880_2 -registry -algorithm 1.2.643.7.1.1.2.2 -data D:\SKAD\transmiterSKAD\temp\work\SFC117102803_720320191218_288000021901062819_700.xml -out D:\SKAD\transmiterSKAD\temp\work\SFC117102803_720320191218_288000021901062819_700.xml.test -reclist D:\SKAD\transmiterSKAD\util\Reclist.conf -silent D:\SKAD\transmiterSKAD\log\19122019_spki_tr.log 
Инициализация
Установка ЭП файла
Результат: OK (00000000)
Текущее время: Thu Dec 19 12:21:34 2019
"C:\Program Files\MDPREI\spki\spki1utl.exe" -sign -profile r2880_2 -registry -algorithm 1.2.643.7.1.1.2.2 -data D:\SKAD\transmiterSKAD\temp\work\SFC117102803_720320191218_288000021901062823_700.xml -out D:\SKAD\transmiterSKAD\temp\work\SFC117102803_720320191218_288000021901062823_700.xml.test -reclist D:\SKAD\transmiterSKAD\util\Reclist.conf -silent D:\SKAD\transmiterSKAD\log\19122019_spki_tr.log 
Инициализация
Установка ЭП файла
Результат: OK (00000000)
Текущее время: Thu Dec 19 12:21:35 2019
"C:\Program Files\MDPREI\spki\spki1utl.exe" -sign -profile r2880_2 -registry -algorithm 1.2.643.7.1.1.2.2 -data D:\SKAD\transmiterSKAD\temp\work\SFC117102803_720320191218_288000021901062826_700.xml -out D:\SKAD\transmiterSKAD\temp\work\SFC117102803_720320191218_288000021901062826_700.xml.test -reclist D:\SKAD\transmiterSKAD\util\Reclist.conf -silent D:\SKAD\transmiterSKAD\log\19122019_spki_tr.log 
Инициализация
Установка ЭП файла
Результат: OK (00000000)
Текущее время: Thu Dec 19 12:21:36 2019
"C:\Program Files\MDPREI\spki\spki1utl.exe" -sign -profile r2880_2 -registry -algorithm 1.2.643.7.1.1.2.2 -data D:\SKAD\transmiterSKAD\temp\work\SFC117102803_720320191218_288000021901062828_700.xml -out D:\SKAD\transmiterSKAD\temp\work\SFC117102803_720320191218_288000021901062828_700.xml.test -reclist D:\SKAD\transmiterSKAD\util\Reclist.conf -silent D:\SKAD\transmiterSKAD\log\19122019_spki_tr.log 
Инициализация
Установка ЭП файла
Результат: OK (00000000)
Текущее время: Thu Dec 19 12:21:37 2019
"C:\Program Files\MDPREI\spki\spki1utl.exe" -sign -profile r2880_2 -registry -algorithm 1.2.643.7.1.1.2.2 -data D:\SKAD\transmiterSKAD\temp\work\SFC217102803_720320191218_288000021900091328_700.XML -out D:\SKAD\transmiterSKAD\temp\work\SFC217102803_720320191218_288000021900091328_700.XML.test -reclist D:\SKAD\transmiterSKAD\util\Reclist.conf -silent D:\SKAD\transmiterSKAD\log\19122019_spki_tr.log 
Инициализация
Установка ЭП файла
Результат: OK (00000000)
Текущее время: Thu Dec 19 12:21:38 2019
"C:\Program Files\MDPREI\spki\spki1utl.exe" -sign -profile r2880_2 -registry -algorithm 1.2.643.7.1.1.2.2 -data D:\SKAD\transmiterSKAD\temp\work\SFC217102803_720320191218_288000021900091329_700.XML -out D:\SKAD\transmiterSKAD\temp\work\SFC217102803_720320191218_288000021900091329_700.XML.test -reclist D:\SKAD\transmiterSKAD\util\Reclist.conf -silent D:\SKAD\transmiterSKAD\log\19122019_spki_tr.log 
Инициализация
Установка ЭП файла
Результат: OK (00000000)
Текущее время: Thu Dec 19 12:21:39 2019
"C:\Program Files\MDPREI\spki\spki1utl.exe" -sign -profile r2880_2 -registry -algorithm 1.2.643.7.1.1.2.2 -data D:\SKAD\transmiterSKAD\temp\work\SFC217102803_720320191218_288000021900091330_700.XML -out D:\SKAD\transmiterSKAD\temp\work\SFC217102803_720320191218_288000021900091330_700.XML.test -reclist D:\SKAD\transmiterSKAD\util\Reclist.conf -silent D:\SKAD\transmiterSKAD\log\19122019_spki_tr.log 
Инициализация
Установка ЭП файла
Результат: OK (00000000)
Текущее время: Thu Dec 19 12:21:40 2019
"C:\Program Files\MDPREI\spki\spki1utl.exe" -sign -profile r2880_2 -registry -algorithm 1.2.643.7.1.1.2.2 -data D:\SKAD\transmiterSKAD\temp\work\SFC217102803_720320191218_288000021900091331_700.XML -out D:\SKAD\transmiterSKAD\temp\work\SFC217102803_720320191218_288000021900091331_700.XML.test -reclist D:\SKAD\transmiterSKAD\util\Reclist.conf -silent D:\SKAD\transmiterSKAD\log\19122019_spki_tr.log 
Инициализация
Установка ЭП файла
Результат: OK (00000000)
Текущее время: Thu Dec 19 12:21:41 2019
"C:\Program Files\MDPREI\spki\spki1utl.exe" -sign -profile r2880_2 -registry -algorithm 1.2.643.7.1.1.2.2 -data D:\SKAD\transmiterSKAD\temp\work\SFC217102803_720320191218_288000021900091332_700.XML -out D:\SKAD\transmiterSKAD\temp\work\SFC217102803_720320191218_288000021900091332_700.XML.test -reclist D:\SKAD\transmiterSKAD\util\Reclist.conf -silent D:\SKAD\transmiterSKAD\log\19122019_spki_tr.log 
Инициализация
Установка ЭП файла
Результат: OK (00000000)
Текущее время: Thu Dec 19 12:21:42 2019
"C:\Program Files\MDPREI\spki\spki1utl.exe" -sign -profile r2880_2 -registry -algorithm 1.2.643.7.1.1.2.2 -data D:\SKAD\transmiterSKAD\temp\work\SFC217102803_720320191218_288000021900091333_700.XML -out D:\SKAD\transmiterSKAD\temp\work\SFC217102803_720320191218_288000021900091333_700.XML.test -reclist D:\SKAD\transmiterSKAD\util\Reclist.conf -silent D:\SKAD\transmiterSKAD\log\19122019_spki_tr.log 
Инициализация
Установка ЭП файла
Результат: OK (00000000)
Текущее время: Thu Dec 19 12:21:43 2019
"C:\Program Files\MDPREI\spki\spki1utl.exe" -sign -profile r2880_2 -registry -algorithm 1.2.643.7.1.1.2.2 -data D:\SKAD\transmiterSKAD\temp\work\SFC217102803_720320191218_288000021900091334_700.XML -out D:\SKAD\transmiterSKAD\temp\work\SFC217102803_720320191218_288000021900091334_700.XML.test -reclist D:\SKAD\transmiterSKAD\util\Reclist.conf -silent D:\SKAD\transmiterSKAD\log\19122019_spki_tr.log 
Инициализация
Установка ЭП файла
Результат: OK (00000000)
Текущее время: Thu Dec 19 12:21:44 2019
"C:\Program Files\MDPREI\spki\spki1utl.exe" -sign -profile r2880_2 -registry -algorithm 1.2.643.7.1.1.2.2 -data D:\SKAD\transmiterSKAD\temp\work\SFC217102803_720320191218_288000021900091335_700.XML -out D:\SKAD\transmiterSKAD\temp\work\SFC217102803_720320191218_288000021900091335_700.XML.test -reclist D:\SKAD\transmiterSKAD\util\Reclist.conf -silent D:\SKAD\transmiterSKAD\log\19122019_spki_tr.log 
Инициализация
Установка ЭП файла
Результат: OK (00000000)
Текущее время: Thu Dec 19 12:21:45 2019
"C:\Program Files\MDPREI\spki\spki1utl.exe" -sign -profile r2880_2 -registry -algorithm 1.2.643.7.1.1.2.2 -data D:\SKAD\transmiterSKAD\temp\work\SFC217102803_720320191218_288000021900091336_700.XML -out D:\SKAD\transmiterSKAD\temp\work\SFC217102803_720320191218_288000021900091336_700.XML.test -reclist D:\SKAD\transmiterSKAD\util\Reclist.conf -silent D:\SKAD\transmiterSKAD\log\19122019_spki_tr.log 
Инициализация
Установка ЭП файла
Результат: OK (00000000)
Текущее время: Thu Dec 19 12:21:46 2019
"C:\Program Files\MDPREI\spki\spki1utl.exe" -sign -profile r2880_2 -registry -algorithm 1.2.643.7.1.1.2.2 -data D:\SKAD\transmiterSKAD\temp\work\SFC217102803_720320191218_288000021900091337_700.XML -out D:\SKAD\transmiterSKAD\temp\work\SFC217102803_720320191218_288000021900091337_700.XML.test -reclist D:\SKAD\transmiterSKAD\util\Reclist.conf -silent D:\SKAD\transmiterSKAD\log\19122019_spki_tr.log 
Инициализация
Установка ЭП файла
Результат: OK (00000000)
Текущее время: Thu Dec 19 12:21:47 2019
"C:\Program Files\MDPREI\spki\spki1utl.exe" -sign -profile r2880_2 -registry -algorithm 1.2.643.7.1.1.2.2 -data D:\SKAD\transmiterSKAD\temp\work\SFC217102803_720320191218_288000021900091338_700.XML -out D:\SKAD\transmiterSKAD\temp\work\SFC217102803_720320191218_288000021900091338_700.XML.test -reclist D:\SKAD\transmiterSKAD\util\Reclist.conf -silent D:\SKAD\transmiterSKAD\log\19122019_spki_tr.log 
Инициализация
Установка ЭП файла
Результат: OK (00000000)
Текущее время: Thu Dec 19 12:21:48 2019
"C:\Program Files\MDPREI\spki\spki1utl.exe" -sign -profile r2880_2 -registry -algorithm 1.2.643.7.1.1.2.2 -data D:\SKAD\transmiterSKAD\temp\work\SFC217102803_720320191218_288000021900091339_700.XML -out D:\SKAD\transmiterSKAD\temp\work\SFC217102803_720320191218_288000021900091339_700.XML.test -reclist D:\SKAD\transmiterSKAD\util\Reclist.conf -silent D:\SKAD\transmiterSKAD\log\19122019_spki_tr.log 
Инициализация
Установка ЭП файла
Результат: OK (00000000)
Текущее время: Thu Dec 19 12:21:50 2019
"C:\Program Files\MDPREI\spki\spki1utl.exe" -sign -profile r2880_2 -registry -algorithm 1.2.643.7.1.1.2.2 -data D:\SKAD\transmiterSKAD\temp\work\SFC217102803_720320191218_288000021900091340_700.XML -out D:\SKAD\transmiterSKAD\temp\work\SFC217102803_720320191218_288000021900091340_700.XML.test -reclist D:\SKAD\transmiterSKAD\util\Reclist.conf -silent D:\SKAD\transmiterSKAD\log\19122019_spki_tr.log 
Инициализация
Установка ЭП файла
Результат: OK (00000000)
Текущее время: Thu Dec 19 12:21:51 2019
"C:\Program Files\MDPREI\spki\spki1utl.exe" -sign -profile r2880_2 -registry -algorithm 1.2.643.7.1.1.2.2 -data D:\SKAD\transmiterSKAD\temp\work\SFC217102803_720320191218_288000021900091341_700.XML -out D:\SKAD\transmiterSKAD\temp\work\SFC217102803_720320191218_288000021900091341_700.XML.test -reclist D:\SKAD\transmiterSKAD\util\Reclist.conf -silent D:\SKAD\transmiterSKAD\log\19122019_spki_tr.log 
Инициализация
Установка ЭП файла
Результат: OK (00000000)
Текущее время: Thu Dec 19 12:21:52 2019
"C:\Program Files\MDPREI\spki\spki1utl.exe" -sign -profile r2880_2 -registry -algorithm 1.2.643.7.1.1.2.2 -data D:\SKAD\transmiterSKAD\temp\work\SFC217102803_720320191218_288000021900091342_700.XML -out D:\SKAD\transmiterSKAD\temp\work\SFC217102803_720320191218_288000021900091342_700.XML.test -reclist D:\SKAD\transmiterSKAD\util\Reclist.conf -silent D:\SKAD\transmiterSKAD\log\19122019_spki_tr.log 
Инициализация
Установка ЭП файла
Результат: OK (00000000)
Текущее время: Thu Dec 19 12:21:53 2019
"C:\Program Files\MDPREI\spki\spki1utl.exe" -sign -profile r2880_2 -registry -algorithm 1.2.643.7.1.1.2.2 -data D:\SKAD\transmiterSKAD\temp\work\SFC217102803_720320191218_288000021900091343_700.XML -out D:\SKAD\transmiterSKAD\temp\work\SFC217102803_720320191218_288000021900091343_700.XML.test -reclist D:\SKAD\transmiterSKAD\util\Reclist.conf -silent D:\SKAD\transmiterSKAD\log\19122019_spki_tr.log 
Инициализация
Установка ЭП файла
Результат: OK (00000000)
Текущее время: Thu Dec 19 12:21:55 2019
"C:\Program Files\MDPREI\spki\spki1utl.exe" -sign -encrypt -profile r2880_2 -registry -algorithm 1.2.643.7.1.1.2.2 -in D:\SKAD\transmiterSKAD\temp\work\SFC017102803_720320191218_288000021900091323_700.XML -out D:\SKAD\transmiterSKAD\temp\work\SFC017102803_720320191218_288000021900091323_700.XML.test -reclist D:\SKAD\transmiterSKAD\util\Reclist.conf -silent D:\SKAD\transmiterSKAD\log\19122019_spki_tr.log 
Инициализация
Установка ЭП и шифрование файла
Результат: OK (00000000)
Текущее время: Thu Dec 19 12:21:56 2019
"C:\Program Files\MDPREI\spki\spki1utl.exe" -sign -encrypt -profile r2880_2 -registry -algorithm 1.2.643.7.1.1.2.2 -in D:\SKAD\transmiterSKAD\temp\work\SFC017102803_720320191218_288000021900091325_700.XML -out D:\SKAD\transmiterSKAD\temp\work\SFC017102803_720320191218_288000021900091325_700.XML.test -reclist D:\SKAD\transmiterSKAD\util\Reclist.conf -silent D:\SKAD\transmiterSKAD\log\19122019_spki_tr.log 
Инициализация
Установка ЭП и шифрование файла
Результат: OK (00000000)
Текущее время: Thu Dec 19 12:21:57 2019
"C:\Program Files\MDPREI\spki\spki1utl.exe" -sign -encrypt -profile r2880_2 -registry -algorithm 1.2.643.7.1.1.2.2 -in D:\SKAD\transmiterSKAD\temp\work\SFC017102803_720320191218_288000021900091326_700.XML -out D:\SKAD\transmiterSKAD\temp\work\SFC017102803_720320191218_288000021900091326_700.XML.test -reclist D:\SKAD\transmiterSKAD\util\Reclist.conf -silent D:\SKAD\transmiterSKAD\log\19122019_spki_tr.log 
Инициализация
Установка ЭП и шифрование файла
Результат: OK (00000000)
Текущее время: Thu Dec 19 12:21:58 2019
"C:\Program Files\MDPREI\spki\spki1utl.exe" -sign -encrypt -profile r2880_2 -registry -algorithm 1.2.643.7.1.1.2.2 -in D:\SKAD\transmiterSKAD\temp\work\SFC017102803_720320191218_288000021901062807_700.xml -out D:\SKAD\transmiterSKAD\temp\work\SFC017102803_720320191218_288000021901062807_700.xml.test -reclist D:\SKAD\transmiterSKAD\util\Reclist.conf -silent D:\SKAD\transmiterSKAD\log\19122019_spki_tr.log 
Инициализация
Установка ЭП и шифрование файла
Результат: OK (00000000)
Текущее время: Thu Dec 19 12:21:59 2019
"C:\Program Files\MDPREI\spki\spki1utl.exe" -sign -encrypt -profile r2880_2 -registry -algorithm 1.2.643.7.1.1.2.2 -in D:\SKAD\transmiterSKAD\temp\work\SFC017102803_720320191218_288000021901062811_700.xml -out D:\SKAD\transmiterSKAD\temp\work\SFC017102803_720320191218_288000021901062811_700.xml.test -reclist D:\SKAD\transmiterSKAD\util\Reclist.conf -silent D:\SKAD\transmiterSKAD\log\19122019_spki_tr.log 
Инициализация
Установка ЭП и шифрование файла
Результат: OK (00000000)
Текущее время: Thu Dec 19 12:22:00 2019
"C:\Program Files\MDPREI\spki\spki1utl.exe" -sign -encrypt -profile r2880_2 -registry -algorithm 1.2.643.7.1.1.2.2 -in D:\SKAD\transmiterSKAD\temp\work\SFC017102803_720320191218_288000021901062812_700.xml -out D:\SKAD\transmiterSKAD\temp\work\SFC017102803_720320191218_288000021901062812_700.xml.test -reclist D:\SKAD\transmiterSKAD\util\Reclist.conf -silent D:\SKAD\transmiterSKAD\log\19122019_spki_tr.log 
Инициализация
Установка ЭП и шифрование файла
Результат: OK (00000000)
Текущее время: Thu Dec 19 12:22:01 2019
"C:\Program Files\MDPREI\spki\spki1utl.exe" -sign -encrypt -profile r2880_2 -registry -algorithm 1.2.643.7.1.1.2.2 -in D:\SKAD\transmiterSKAD\temp\work\SFC017102803_720320191218_288000021901062815_700.xml -out D:\SKAD\transmiterSKAD\temp\work\SFC017102803_720320191218_288000021901062815_700.xml.test -reclist D:\SKAD\transmiterSKAD\util\Reclist.conf -silent D:\SKAD\transmiterSKAD\log\19122019_spki_tr.log 
Инициализация
Установка ЭП и шифрование файла
Результат: OK (00000000)
Текущее время: Thu Dec 19 12:22:02 2019
"C:\Program Files\MDPREI\spki\spki1utl.exe" -sign -encrypt -profile r2880_2 -registry -algorithm 1.2.643.7.1.1.2.2 -in D:\SKAD\transmiterSKAD\temp\work\SFC117102803_720320191218_288000021900091327_700.XML -out D:\SKAD\transmiterSKAD\temp\work\SFC117102803_720320191218_288000021900091327_700.XML.test -reclist D:\SKAD\transmiterSKAD\util\Reclist.conf -silent D:\SKAD\transmiterSKAD\log\19122019_spki_tr.log 
Инициализация
Установка ЭП и шифрование файла
Результат: OK (00000000)
Текущее время: Thu Dec 19 12:22:04 2019
"C:\Program Files\MDPREI\spki\spki1utl.exe" -sign -encrypt -profile r2880_2 -registry -algorithm 1.2.643.7.1.1.2.2 -in D:\SKAD\transmiterSKAD\temp\work\SFC117102803_720320191218_288000021901062819_700.xml -out D:\SKAD\transmiterSKAD\temp\work\SFC117102803_720320191218_288000021901062819_700.xml.test -reclist D:\SKAD\transmiterSKAD\util\Reclist.conf -silent D:\SKAD\transmiterSKAD\log\19122019_spki_tr.log 
Инициализация
Установка ЭП и шифрование файла
Результат: OK (00000000)
Текущее время: Thu Dec 19 12:22:05 2019
"C:\Program Files\MDPREI\spki\spki1utl.exe" -sign -encrypt -profile r2880_2 -registry -algorithm 1.2.643.7.1.1.2.2 -in D:\SKAD\transmiterSKAD\temp\work\SFC117102803_720320191218_288000021901062823_700.xml -out D:\SKAD\transmiterSKAD\temp\work\SFC117102803_720320191218_288000021901062823_700.xml.test -reclist D:\SKAD\transmiterSKAD\util\Reclist.conf -silent D:\SKAD\transmiterSKAD\log\19122019_spki_tr.log 
Инициализация
Установка ЭП и шифрование файла
Результат: OK (00000000)
Текущее время: Thu Dec 19 12:22:06 2019
"C:\Program Files\MDPREI\spki\spki1utl.exe" -sign -encrypt -profile r2880_2 -registry -algorithm 1.2.643.7.1.1.2.2 -in D:\SKAD\transmiterSKAD\temp\work\SFC117102803_720320191218_288000021901062826_700.xml -out D:\SKAD\transmiterSKAD\temp\work\SFC117102803_720320191218_288000021901062826_700.xml.test -reclist D:\SKAD\transmiterSKAD\util\Reclist.conf -silent D:\SKAD\transmiterSKAD\log\19122019_spki_tr.log 
Инициализация
Установка ЭП и шифрование файла
Результат: OK (00000000)
Текущее время: Thu Dec 19 12:22:07 2019
"C:\Program Files\MDPREI\spki\spki1utl.exe" -sign -encrypt -profile r2880_2 -registry -algorithm 1.2.643.7.1.1.2.2 -in D:\SKAD\transmiterSKAD\temp\work\SFC117102803_720320191218_288000021901062828_700.xml -out D:\SKAD\transmiterSKAD\temp\work\SFC117102803_720320191218_288000021901062828_700.xml.test -reclist D:\SKAD\transmiterSKAD\util\Reclist.conf -silent D:\SKAD\transmiterSKAD\log\19122019_spki_tr.log 
Инициализация
Установка ЭП и шифрование файла
Результат: OK (00000000)
Текущее время: Thu Dec 19 12:22:08 2019
"C:\Program Files\MDPREI\spki\spki1utl.exe" -sign -encrypt -profile r2880_2 -registry -algorithm 1.2.643.7.1.1.2.2 -in D:\SKAD\transmiterSKAD\temp\work\SFC217102803_720320191218_288000021900091328_700.XML -out D:\SKAD\transmiterSKAD\temp\work\SFC217102803_720320191218_288000021900091328_700.XML.test -reclist D:\SKAD\transmiterSKAD\util\Reclist.conf -silent D:\SKAD\transmiterSKAD\log\19122019_spki_tr.log 
Инициализация
Установка ЭП и шифрование файла
Результат: OK (00000000)
Текущее время: Thu Dec 19 12:22:09 2019
"C:\Program Files\MDPREI\spki\spki1utl.exe" -sign -encrypt -profile r2880_2 -registry -algorithm 1.2.643.7.1.1.2.2 -in D:\SKAD\transmiterSKAD\temp\work\SFC217102803_720320191218_288000021900091329_700.XML -out D:\SKAD\transmiterSKAD\temp\work\SFC217102803_720320191218_288000021900091329_700.XML.test -reclist D:\SKAD\transmiterSKAD\util\Reclist.conf -silent D:\SKAD\transmiterSKAD\log\19122019_spki_tr.log 
Инициализация
Установка ЭП и шифрование файла
Результат: OK (00000000)
Текущее время: Thu Dec 19 12:22:10 2019
"C:\Program Files\MDPREI\spki\spki1utl.exe" -sign -encrypt -profile r2880_2 -registry -algorithm 1.2.643.7.1.1.2.2 -in D:\SKAD\transmiterSKAD\temp\work\SFC217102803_720320191218_288000021900091330_700.XML -out D:\SKAD\transmiterSKAD\temp\work\SFC217102803_720320191218_288000021900091330_700.XML.test -reclist D:\SKAD\transmiterSKAD\util\Reclist.conf -silent D:\SKAD\transmiterSKAD\log\19122019_spki_tr.log 
Инициализация
Установка ЭП и шифрование файла
Результат: OK (00000000)
Текущее время: Thu Dec 19 12:22:11 2019
"C:\Program Files\MDPREI\spki\spki1utl.exe" -sign -encrypt -profile r2880_2 -registry -algorithm 1.2.643.7.1.1.2.2 -in D:\SKAD\transmiterSKAD\temp\work\SFC217102803_720320191218_288000021900091331_700.XML -out D:\SKAD\transmiterSKAD\temp\work\SFC217102803_720320191218_288000021900091331_700.XML.test -reclist D:\SKAD\transmiterSKAD\util\Reclist.conf -silent D:\SKAD\transmiterSKAD\log\19122019_spki_tr.log 
Инициализация
Установка ЭП и шифрование файла
Результат: OK (00000000)
Текущее время: Thu Dec 19 12:22:12 2019
"C:\Program Files\MDPREI\spki\spki1utl.exe" -sign -encrypt -profile r2880_2 -registry -algorithm 1.2.643.7.1.1.2.2 -in D:\SKAD\transmiterSKAD\temp\work\SFC217102803_720320191218_288000021900091332_700.XML -out D:\SKAD\transmiterSKAD\temp\work\SFC217102803_720320191218_288000021900091332_700.XML.test -reclist D:\SKAD\transmiterSKAD\util\Reclist.conf -silent D:\SKAD\transmiterSKAD\log\19122019_spki_tr.log 
Инициализация
Установка ЭП и шифрование файла
Результат: OK (00000000)
Текущее время: Thu Dec 19 12:22:13 2019
"C:\Program Files\MDPREI\spki\spki1utl.exe" -sign -encrypt -profile r2880_2 -registry -algorithm 1.2.643.7.1.1.2.2 -in D:\SKAD\transmiterSKAD\temp\work\SFC217102803_720320191218_288000021900091333_700.XML -out D:\SKAD\transmiterSKAD\temp\work\SFC217102803_720320191218_288000021900091333_700.XML.test -reclist D:\SKAD\transmiterSKAD\util\Reclist.conf -silent D:\SKAD\transmiterSKAD\log\19122019_spki_tr.log 
Инициализация
Установка ЭП и шифрование файла
Результат: OK (00000000)
Текущее время: Thu Dec 19 12:22:14 2019
"C:\Program Files\MDPREI\spki\spki1utl.exe" -sign -encrypt -profile r2880_2 -registry -algorithm 1.2.643.7.1.1.2.2 -in D:\SKAD\transmiterSKAD\temp\work\SFC217102803_720320191218_288000021900091334_700.XML -out D:\SKAD\transmiterSKAD\temp\work\SFC217102803_720320191218_288000021900091334_700.XML.test -reclist D:\SKAD\transmiterSKAD\util\Reclist.conf -silent D:\SKAD\transmiterSKAD\log\19122019_spki_tr.log 
Инициализация
Установка ЭП и шифрование файла
Результат: OK (00000000)
Текущее время: Thu Dec 19 12:22:15 2019
"C:\Program Files\MDPREI\spki\spki1utl.exe" -sign -encrypt -profile r2880_2 -registry -algorithm 1.2.643.7.1.1.2.2 -in D:\SKAD\transmiterSKAD\temp\work\SFC217102803_720320191218_288000021900091335_700.XML -out D:\SKAD\transmiterSKAD\temp\work\SFC217102803_720320191218_288000021900091335_700.XML.test -reclist D:\SKAD\transmiterSKAD\util\Reclist.conf -silent D:\SKAD\transmiterSKAD\log\19122019_spki_tr.log 
Инициализация
Установка ЭП и шифрование файла
Результат: OK (00000000)
Текущее время: Thu Dec 19 12:22:16 2019
"C:\Program Files\MDPREI\spki\spki1utl.exe" -sign -encrypt -profile r2880_2 -registry -algorithm 1.2.643.7.1.1.2.2 -in D:\SKAD\transmiterSKAD\temp\work\SFC217102803_720320191218_288000021900091336_700.XML -out D:\SKAD\transmiterSKAD\temp\work\SFC217102803_720320191218_288000021900091336_700.XML.test -reclist D:\SKAD\transmiterSKAD\util\Reclist.conf -silent D:\SKAD\transmiterSKAD\log\19122019_spki_tr.log 
Инициализация
Установка ЭП и шифрование файла
Результат: OK (00000000)
Текущее время: Thu Dec 19 12:22:17 2019
"C:\Program Files\MDPREI\spki\spki1utl.exe" -sign -encrypt -profile r2880_2 -registry -algorithm 1.2.643.7.1.1.2.2 -in D:\SKAD\transmiterSKAD\temp\work\SFC217102803_720320191218_288000021900091337_700.XML -out D:\SKAD\transmiterSKAD\temp\work\SFC217102803_720320191218_288000021900091337_700.XML.test -reclist D:\SKAD\transmiterSKAD\util\Reclist.conf -silent D:\SKAD\transmiterSKAD\log\19122019_spki_tr.log 
Инициализация
Установка ЭП и шифрование файла
Результат: OK (00000000)
Текущее время: Thu Dec 19 12:22:18 2019
"C:\Program Files\MDPREI\spki\spki1utl.exe" -sign -encrypt -profile r2880_2 -registry -algorithm 1.2.643.7.1.1.2.2 -in D:\SKAD\transmiterSKAD\temp\work\SFC217102803_720320191218_288000021900091338_700.XML -out D:\SKAD\transmiterSKAD\temp\work\SFC217102803_720320191218_288000021900091338_700.XML.test -reclist D:\SKAD\transmiterSKAD\util\Reclist.conf -silent D:\SKAD\transmiterSKAD\log\19122019_spki_tr.log 
Инициализация
Установка ЭП и шифрование файла
Результат: OK (00000000)
Текущее время: Thu Dec 19 12:22:19 2019
"C:\Program Files\MDPREI\spki\spki1utl.exe" -sign -encrypt -profile r2880_2 -registry -algorithm 1.2.643.7.1.1.2.2 -in D:\SKAD\transmiterSKAD\temp\work\SFC217102803_720320191218_288000021900091339_700.XML -out D:\SKAD\transmiterSKAD\temp\work\SFC217102803_720320191218_288000021900091339_700.XML.test -reclist D:\SKAD\transmiterSKAD\util\Reclist.conf -silent D:\SKAD\transmiterSKAD\log\19122019_spki_tr.log 
Инициализация
Установка ЭП и шифрование файла
Результат: OK (00000000)
Текущее время: Thu Dec 19 12:22:21 2019
"C:\Program Files\MDPREI\spki\spki1utl.exe" -sign -encrypt -profile r2880_2 -registry -algorithm 1.2.643.7.1.1.2.2 -in D:\SKAD\transmiterSKAD\temp\work\SFC217102803_720320191218_288000021900091340_700.XML -out D:\SKAD\transmiterSKAD\temp\work\SFC217102803_720320191218_288000021900091340_700.XML.test -reclist D:\SKAD\transmiterSKAD\util\Reclist.conf -silent D:\SKAD\transmiterSKAD\log\19122019_spki_tr.log 
Инициализация
Установка ЭП и шифрование файла
Результат: OK (00000000)
Текущее время: Thu Dec 19 12:22:22 2019
"C:\Program Files\MDPREI\spki\spki1utl.exe" -sign -encrypt -profile r2880_2 -registry -algorithm 1.2.643.7.1.1.2.2 -in D:\SKAD\transmiterSKAD\temp\work\SFC217102803_720320191218_288000021900091341_700.XML -out D:\SKAD\transmiterSKAD\temp\work\SFC217102803_720320191218_288000021900091341_700.XML.test -reclist D:\SKAD\transmiterSKAD\util\Reclist.conf -silent D:\SKAD\transmiterSKAD\log\19122019_spki_tr.log 
Инициализация
Установка ЭП и шифрование файла
Результат: OK (00000000)
Текущее время: Thu Dec 19 12:22:23 2019
"C:\Program Files\MDPREI\spki\spki1utl.exe" -sign -encrypt -profile r2880_2 -registry -algorithm 1.2.643.7.1.1.2.2 -in D:\SKAD\transmiterSKAD\temp\work\SFC217102803_720320191218_288000021900091342_700.XML -out D:\SKAD\transmiterSKAD\temp\work\SFC217102803_720320191218_288000021900091342_700.XML.test -reclist D:\SKAD\transmiterSKAD\util\Reclist.conf -silent D:\SKAD\transmiterSKAD\log\19122019_spki_tr.log 
Инициализация
Установка ЭП и шифрование файла
Результат: OK (00000000)
Текущее время: Thu Dec 19 12:22:24 2019
"C:\Program Files\MDPREI\spki\spki1utl.exe" -sign -encrypt -profile r2880_2 -registry -algorithm 1.2.643.7.1.1.2.2 -in D:\SKAD\transmiterSKAD\temp\work\SFC217102803_720320191218_288000021900091343_700.XML -out D:\SKAD\transmiterSKAD\temp\work\SFC217102803_720320191218_288000021900091343_700.XML.test -reclist D:\SKAD\transmiterSKAD\util\Reclist.conf -silent D:\SKAD\transmiterSKAD\log\19122019_spki_tr.log 
Инициализация
Установка ЭП и шифрование файла
Результат: OK (00000000)
Текущее время: Thu Dec 19 12:22:25 2019
"C:\Program Files\MDPREI\spki\spki1utl.exe" -sign -profile r2880_2 -registry -algorithm 1.2.643.7.1.1.2.2 -data D:\SKAD\transmiterSKAD\temp\work\BN028031912190002.arj -out D:\SKAD\transmiterSKAD\temp\work\BN028031912190002.arj.test -reclist D:\SKAD\transmiterSKAD\util\Reclist.conf -silent D:\SKAD\transmiterSKAD\log\19122019_spki_tr.log 
Инициализация
Установка ЭП файла
Результат: OK (00000000)
Текущее время: Thu Dec 19 12:52:42 2019
"C:\Program Files\MDPREI\spki\spki1utl.exe" -sign -profile r2880_2 -registry -algorithm 1.2.643.7.1.1.2.2 -data D:\SKAD\transmiterSKAD\temp\work\SBC217102803_720320191101_288000021900000485_200.XML -out D:\SKAD\transmiterSKAD\temp\work\SBC217102803_720320191101_288000021900000485_200.XML.test -reclist D:\SKAD\transmiterSKAD\util\Reclist.conf -silent D:\SKAD\transmiterSKAD\log\19122019_spki_tr.log 
Инициализация
Установка ЭП файла
Результат: OK (00000000)
Текущее время: Thu Dec 19 12:52:43 2019
"C:\Program Files\MDPREI\spki\spki1utl.exe" -sign -profile r2880_2 -registry -algorithm 1.2.643.7.1.1.2.2 -data D:\SKAD\transmiterSKAD\temp\work\SBC217102803_720320191101_288000021900000486_100.XML -out D:\SKAD\transmiterSKAD\temp\work\SBC217102803_720320191101_288000021900000486_100.XML.test -reclist D:\SKAD\transmiterSKAD\util\Reclist.conf -silent D:\SKAD\transmiterSKAD\log\19122019_spki_tr.log 
Инициализация
Установка ЭП файла
Результат: OK (00000000)
Текущее время: Thu Dec 19 12:52:44 2019
"C:\Program Files\MDPREI\spki\spki1utl.exe" -sign -profile r2880_2 -registry -algorithm 1.2.643.7.1.1.2.2 -data D:\SKAD\transmiterSKAD\temp\work\SBC217102803_720320191101_288000021900000487_100.XML -out D:\SKAD\transmiterSKAD\temp\work\SBC217102803_720320191101_288000021900000487_100.XML.test -reclist D:\SKAD\transmiterSKAD\util\Reclist.conf -silent D:\SKAD\transmiterSKAD\log\19122019_spki_tr.log 
Инициализация
Установка ЭП файла
Результат: OK (00000000)
Текущее время: Thu Dec 19 12:52:46 2019
"C:\Program Files\MDPREI\spki\spki1utl.exe" -sign -encrypt -profile r2880_2 -registry -algorithm 1.2.643.7.1.1.2.2 -in D:\SKAD\transmiterSKAD\temp\work\SBC217102803_720320191101_288000021900000485_200.XML -out D:\SKAD\transmiterSKAD\temp\work\SBC217102803_720320191101_288000021900000485_200.XML.test -reclist D:\SKAD\transmiterSKAD\util\Reclist.conf -silent D:\SKAD\transmiterSKAD\log\19122019_spki_tr.log 
Инициализация
Установка ЭП и шифрование файла
Результат: OK (00000000)
Текущее время: Thu Dec 19 12:52:47 2019
"C:\Program Files\MDPREI\spki\spki1utl.exe" -sign -encrypt -profile r2880_2 -registry -algorithm 1.2.643.7.1.1.2.2 -in D:\SKAD\transmiterSKAD\temp\work\SBC217102803_720320191101_288000021900000486_100.XML -out D:\SKAD\transmiterSKAD\temp\work\SBC217102803_720320191101_288000021900000486_100.XML.test -reclist D:\SKAD\transmiterSKAD\util\Reclist.conf -silent D:\SKAD\transmiterSKAD\log\19122019_spki_tr.log 
Инициализация
Установка ЭП и шифрование файла
Результат: OK (00000000)
Текущее время: Thu Dec 19 12:52:48 2019
"C:\Program Files\MDPREI\spki\spki1utl.exe" -sign -encrypt -profile r2880_2 -registry -algorithm 1.2.643.7.1.1.2.2 -in D:\SKAD\transmiterSKAD\temp\work\SBC217102803_720320191101_288000021900000487_100.XML -out D:\SKAD\transmiterSKAD\temp\work\SBC217102803_720320191101_288000021900000487_100.XML.test -reclist D:\SKAD\transmiterSKAD\util\Reclist.conf -silent D:\SKAD\transmiterSKAD\log\19122019_spki_tr.log 
Инициализация
Установка ЭП и шифрование файла
Результат: OK (00000000)
Текущее время: Thu Dec 19 12:52:49 2019
"C:\Program Files\MDPREI\spki\spki1utl.exe" -sign -profile r2880_2 -registry -algorithm 1.2.643.7.1.1.2.2 -data D:\SKAD\transmiterSKAD\temp\work\AN028031912190001.arj -out D:\SKAD\transmiterSKAD\temp\work\AN028031912190001.arj.test -reclist D:\SKAD\transmiterSKAD\util\Reclist.conf -silent D:\SKAD\transmiterSKAD\log\19122019_spki_tr.log 
Инициализация
Установка ЭП файла
Результат: OK (00000000)
Текущее время: Thu Dec 19 13:11:00 2019
"C:\Program Files\MDPREI\spki\spki1utl.exe" -sign -profile r2880_2 -registry -algorithm 1.2.643.7.1.1.2.2 -data D:\SKAD\transmiterSKAD\temp\work\SBC217102803_720320191101_288000021900000485_200.XML -out D:\SKAD\transmiterSKAD\temp\work\SBC217102803_720320191101_288000021900000485_200.XML.test -reclist D:\SKAD\transmiterSKAD\util\Reclist.conf -silent D:\SKAD\transmiterSKAD\log\19122019_spki_tr.log 
Инициализация
Установка ЭП файла
Результат: OK (00000000)
Текущее время: Thu Dec 19 13:11:01 2019
"C:\Program Files\MDPREI\spki\spki1utl.exe" -sign -profile r2880_2 -registry -algorithm 1.2.643.7.1.1.2.2 -data D:\SKAD\transmiterSKAD\temp\work\SBC217102803_720320191101_288000021900000486_100.XML -out D:\SKAD\transmiterSKAD\temp\work\SBC217102803_720320191101_288000021900000486_100.XML.test -reclist D:\SKAD\transmiterSKAD\util\Reclist.conf -silent D:\SKAD\transmiterSKAD\log\19122019_spki_tr.log 
Инициализация
Установка ЭП файла
Результат: OK (00000000)
Текущее время: Thu Dec 19 13:11:03 2019
"C:\Program Files\MDPREI\spki\spki1utl.exe" -sign -profile r2880_2 -registry -algorithm 1.2.643.7.1.1.2.2 -data D:\SKAD\transmiterSKAD\temp\work\SBC217102803_720320191101_288000021900000487_100.XML -out D:\SKAD\transmiterSKAD\temp\work\SBC217102803_720320191101_288000021900000487_100.XML.test -reclist D:\SKAD\transmiterSKAD\util\Reclist.conf -silent D:\SKAD\transmiterSKAD\log\19122019_spki_tr.log 
Инициализация
Установка ЭП файла
Результат: OK (00000000)
Текущее время: Thu Dec 19 13:11:04 2019
"C:\Program Files\MDPREI\spki\spki1utl.exe" -sign -profile r2880_2 -registry -algorithm 1.2.643.7.1.1.2.2 -data D:\SKAD\transmiterSKAD\temp\work\SFC017102803_720320191218_288000021900091323_700.XML -out D:\SKAD\transmiterSKAD\temp\work\SFC017102803_720320191218_288000021900091323_700.XML.test -reclist D:\SKAD\transmiterSKAD\util\Reclist.conf -silent D:\SKAD\transmiterSKAD\log\19122019_spki_tr.log 
Инициализация
Установка ЭП файла
Результат: OK (00000000)
Текущее время: Thu Dec 19 13:11:05 2019
"C:\Program Files\MDPREI\spki\spki1utl.exe" -sign -profile r2880_2 -registry -algorithm 1.2.643.7.1.1.2.2 -data D:\SKAD\transmiterSKAD\temp\work\SFC017102803_720320191218_288000021900091325_700.XML -out D:\SKAD\transmiterSKAD\temp\work\SFC017102803_720320191218_288000021900091325_700.XML.test -reclist D:\SKAD\transmiterSKAD\util\Reclist.conf -silent D:\SKAD\transmiterSKAD\log\19122019_spki_tr.log 
Инициализация
Установка ЭП файла
Результат: OK (00000000)
Текущее время: Thu Dec 19 13:11:06 2019
"C:\Program Files\MDPREI\spki\spki1utl.exe" -sign -profile r2880_2 -registry -algorithm 1.2.643.7.1.1.2.2 -data D:\SKAD\transmiterSKAD\temp\work\SFC017102803_720320191218_288000021900091326_700.XML -out D:\SKAD\transmiterSKAD\temp\work\SFC017102803_720320191218_288000021900091326_700.XML.test -reclist D:\SKAD\transmiterSKAD\util\Reclist.conf -silent D:\SKAD\transmiterSKAD\log\19122019_spki_tr.log 
Инициализация
Установка ЭП файла
Результат: OK (00000000)
Текущее время: Thu Dec 19 13:11:07 2019
"C:\Program Files\MDPREI\spki\spki1utl.exe" -sign -profile r2880_2 -registry -algorithm 1.2.643.7.1.1.2.2 -data D:\SKAD\transmiterSKAD\temp\work\SFC017102803_720320191218_288000021901062807_700.xml -out D:\SKAD\transmiterSKAD\temp\work\SFC017102803_720320191218_288000021901062807_700.xml.test -reclist D:\SKAD\transmiterSKAD\util\Reclist.conf -silent D:\SKAD\transmiterSKAD\log\19122019_spki_tr.log 
Инициализация
Установка ЭП файла
Результат: OK (00000000)
Текущее время: Thu Dec 19 13:11:08 2019
"C:\Program Files\MDPREI\spki\spki1utl.exe" -sign -profile r2880_2 -registry -algorithm 1.2.643.7.1.1.2.2 -data D:\SKAD\transmiterSKAD\temp\work\SFC017102803_720320191218_288000021901062811_700.xml -out D:\SKAD\transmiterSKAD\temp\work\SFC017102803_720320191218_288000021901062811_700.xml.test -reclist D:\SKAD\transmiterSKAD\util\Reclist.conf -silent D:\SKAD\transmiterSKAD\log\19122019_spki_tr.log 
Инициализация
Установка ЭП файла
Результат: OK (00000000)
Текущее время: Thu Dec 19 13:11:09 2019
"C:\Program Files\MDPREI\spki\spki1utl.exe" -sign -profile r2880_2 -registry -algorithm 1.2.643.7.1.1.2.2 -data D:\SKAD\transmiterSKAD\temp\work\SFC017102803_720320191218_288000021901062812_700.xml -out D:\SKAD\transmiterSKAD\temp\work\SFC017102803_720320191218_288000021901062812_700.xml.test -reclist D:\SKAD\transmiterSKAD\util\Reclist.conf -silent D:\SKAD\transmiterSKAD\log\19122019_spki_tr.log 
Инициализация
Установка ЭП файла
Результат: OK (00000000)
Текущее время: Thu Dec 19 13:11:10 2019
"C:\Program Files\MDPREI\spki\spki1utl.exe" -sign -profile r2880_2 -registry -algorithm 1.2.643.7.1.1.2.2 -data D:\SKAD\transmiterSKAD\temp\work\SFC017102803_720320191218_288000021901062815_700.xml -out D:\SKAD\transmiterSKAD\temp\work\SFC017102803_720320191218_288000021901062815_700.xml.test -reclist D:\SKAD\transmiterSKAD\util\Reclist.conf -silent D:\SKAD\transmiterSKAD\log\19122019_spki_tr.log 
Инициализация
Установка ЭП файла
Результат: OK (00000000)
Текущее время: Thu Dec 19 13:11:11 2019
"C:\Program Files\MDPREI\spki\spki1utl.exe" -sign -profile r2880_2 -registry -algorithm 1.2.643.7.1.1.2.2 -data D:\SKAD\transmiterSKAD\temp\work\SFC117102803_720320191218_288000021900091327_700.XML -out D:\SKAD\transmiterSKAD\temp\work\SFC117102803_720320191218_288000021900091327_700.XML.test -reclist D:\SKAD\transmiterSKAD\util\Reclist.conf -silent D:\SKAD\transmiterSKAD\log\19122019_spki_tr.log 
Инициализация
Установка ЭП файла
Результат: OK (00000000)
Текущее время: Thu Dec 19 13:11:12 2019
"C:\Program Files\MDPREI\spki\spki1utl.exe" -sign -profile r2880_2 -registry -algorithm 1.2.643.7.1.1.2.2 -data D:\SKAD\transmiterSKAD\temp\work\SFC117102803_720320191218_288000021901062819_700.xml -out D:\SKAD\transmiterSKAD\temp\work\SFC117102803_720320191218_288000021901062819_700.xml.test -reclist D:\SKAD\transmiterSKAD\util\Reclist.conf -silent D:\SKAD\transmiterSKAD\log\19122019_spki_tr.log 
Инициализация
Установка ЭП файла
Результат: OK (00000000)
Текущее время: Thu Dec 19 13:11:13 2019
"C:\Program Files\MDPREI\spki\spki1utl.exe" -sign -profile r2880_2 -registry -algorithm 1.2.643.7.1.1.2.2 -data D:\SKAD\transmiterSKAD\temp\work\SFC117102803_720320191218_288000021901062823_700.xml -out D:\SKAD\transmiterSKAD\temp\work\SFC117102803_720320191218_288000021901062823_700.xml.test -reclist D:\SKAD\transmiterSKAD\util\Reclist.conf -silent D:\SKAD\transmiterSKAD\log\19122019_spki_tr.log 
Инициализация
Установка ЭП файла
Результат: OK (00000000)
Текущее время: Thu Dec 19 13:11:14 2019
"C:\Program Files\MDPREI\spki\spki1utl.exe" -sign -profile r2880_2 -registry -algorithm 1.2.643.7.1.1.2.2 -data D:\SKAD\transmiterSKAD\temp\work\SFC117102803_720320191218_288000021901062826_700.xml -out D:\SKAD\transmiterSKAD\temp\work\SFC117102803_720320191218_288000021901062826_700.xml.test -reclist D:\SKAD\transmiterSKAD\util\Reclist.conf -silent D:\SKAD\transmiterSKAD\log\19122019_spki_tr.log 
Инициализация
Установка ЭП файла
Результат: OK (00000000)
Текущее время: Thu Dec 19 13:11:15 2019
"C:\Program Files\MDPREI\spki\spki1utl.exe" -sign -profile r2880_2 -registry -algorithm 1.2.643.7.1.1.2.2 -data D:\SKAD\transmiterSKAD\temp\work\SFC117102803_720320191218_288000021901062828_700.xml -out D:\SKAD\transmiterSKAD\temp\work\SFC117102803_720320191218_288000021901062828_700.xml.test -reclist D:\SKAD\transmiterSKAD\util\Reclist.conf -silent D:\SKAD\transmiterSKAD\log\19122019_spki_tr.log 
Инициализация
Установка ЭП файла
Результат: OK (00000000)
Текущее время: Thu Dec 19 13:11:16 2019
"C:\Program Files\MDPREI\spki\spki1utl.exe" -sign -profile r2880_2 -registry -algorithm 1.2.643.7.1.1.2.2 -data D:\SKAD\transmiterSKAD\temp\work\SFC217102803_720320191218_288000021900091328_700.XML -out D:\SKAD\transmiterSKAD\temp\work\SFC217102803_720320191218_288000021900091328_700.XML.test -reclist D:\SKAD\transmiterSKAD\util\Reclist.conf -silent D:\SKAD\transmiterSKAD\log\19122019_spki_tr.log 
Инициализация
Установка ЭП файла
Результат: OK (00000000)
Текущее время: Thu Dec 19 13:11:17 2019
"C:\Program Files\MDPREI\spki\spki1utl.exe" -sign -profile r2880_2 -registry -algorithm 1.2.643.7.1.1.2.2 -data D:\SKAD\transmiterSKAD\temp\work\SFC217102803_720320191218_288000021900091329_700.XML -out D:\SKAD\transmiterSKAD\temp\work\SFC217102803_720320191218_288000021900091329_700.XML.test -reclist D:\SKAD\transmiterSKAD\util\Reclist.conf -silent D:\SKAD\transmiterSKAD\log\19122019_spki_tr.log 
Инициализация
Установка ЭП файла
Результат: OK (00000000)
Текущее время: Thu Dec 19 13:11:18 2019
"C:\Program Files\MDPREI\spki\spki1utl.exe" -sign -profile r2880_2 -registry -algorithm 1.2.643.7.1.1.2.2 -data D:\SKAD\transmiterSKAD\temp\work\SFC217102803_720320191218_288000021900091330_700.XML -out D:\SKAD\transmiterSKAD\temp\work\SFC217102803_720320191218_288000021900091330_700.XML.test -reclist D:\SKAD\transmiterSKAD\util\Reclist.conf -silent D:\SKAD\transmiterSKAD\log\19122019_spki_tr.log 
Инициализация
Установка ЭП файла
Результат: OK (00000000)
Текущее время: Thu Dec 19 13:11:19 2019
"C:\Program Files\MDPREI\spki\spki1utl.exe" -sign -profile r2880_2 -registry -algorithm 1.2.643.7.1.1.2.2 -data D:\SKAD\transmiterSKAD\temp\work\SFC217102803_720320191218_288000021900091331_700.XML -out D:\SKAD\transmiterSKAD\temp\work\SFC217102803_720320191218_288000021900091331_700.XML.test -reclist D:\SKAD\transmiterSKAD\util\Reclist.conf -silent D:\SKAD\transmiterSKAD\log\19122019_spki_tr.log 
Инициализация
Установка ЭП файла
Результат: OK (00000000)
Текущее время: Thu Dec 19 13:11:21 2019
"C:\Program Files\MDPREI\spki\spki1utl.exe" -sign -profile r2880_2 -registry -algorithm 1.2.643.7.1.1.2.2 -data D:\SKAD\transmiterSKAD\temp\work\SFC217102803_720320191218_288000021900091332_700.XML -out D:\SKAD\transmiterSKAD\temp\work\SFC217102803_720320191218_288000021900091332_700.XML.test -reclist D:\SKAD\transmiterSKAD\util\Reclist.conf -silent D:\SKAD\transmiterSKAD\log\19122019_spki_tr.log 
Инициализация
Установка ЭП файла
Результат: OK (00000000)
Текущее время: Thu Dec 19 13:11:22 2019
"C:\Program Files\MDPREI\spki\spki1utl.exe" -sign -profile r2880_2 -registry -algorithm 1.2.643.7.1.1.2.2 -data D:\SKAD\transmiterSKAD\temp\work\SFC217102803_720320191218_288000021900091333_700.XML -out D:\SKAD\transmiterSKAD\temp\work\SFC217102803_720320191218_288000021900091333_700.XML.test -reclist D:\SKAD\transmiterSKAD\util\Reclist.conf -silent D:\SKAD\transmiterSKAD\log\19122019_spki_tr.log 
Инициализация
Установка ЭП файла
Результат: OK (00000000)
Текущее время: Thu Dec 19 13:11:23 2019
"C:\Program Files\MDPREI\spki\spki1utl.exe" -sign -profile r2880_2 -registry -algorithm 1.2.643.7.1.1.2.2 -data D:\SKAD\transmiterSKAD\temp\work\SFC217102803_720320191218_288000021900091334_700.XML -out D:\SKAD\transmiterSKAD\temp\work\SFC217102803_720320191218_288000021900091334_700.XML.test -reclist D:\SKAD\transmiterSKAD\util\Reclist.conf -silent D:\SKAD\transmiterSKAD\log\19122019_spki_tr.log 
Инициализация
Установка ЭП файла
Результат: OK (00000000)
Текущее время: Thu Dec 19 13:11:24 2019
"C:\Program Files\MDPREI\spki\spki1utl.exe" -sign -profile r2880_2 -registry -algorithm 1.2.643.7.1.1.2.2 -data D:\SKAD\transmiterSKAD\temp\work\SFC217102803_720320191218_288000021900091335_700.XML -out D:\SKAD\transmiterSKAD\temp\work\SFC217102803_720320191218_288000021900091335_700.XML.test -reclist D:\SKAD\transmiterSKAD\util\Reclist.conf -silent D:\SKAD\transmiterSKAD\log\19122019_spki_tr.log 
Инициализация
Установка ЭП файла
Результат: OK (00000000)
Текущее время: Thu Dec 19 13:11:25 2019
"C:\Program Files\MDPREI\spki\spki1utl.exe" -sign -profile r2880_2 -registry -algorithm 1.2.643.7.1.1.2.2 -data D:\SKAD\transmiterSKAD\temp\work\SFC217102803_720320191218_288000021900091336_700.XML -out D:\SKAD\transmiterSKAD\temp\work\SFC217102803_720320191218_288000021900091336_700.XML.test -reclist D:\SKAD\transmiterSKAD\util\Reclist.conf -silent D:\SKAD\transmiterSKAD\log\19122019_spki_tr.log 
Инициализация
Установка ЭП файла
Результат: OK (00000000)
Текущее время: Thu Dec 19 13:11:26 2019
"C:\Program Files\MDPREI\spki\spki1utl.exe" -sign -profile r2880_2 -registry -algorithm 1.2.643.7.1.1.2.2 -data D:\SKAD\transmiterSKAD\temp\work\SFC217102803_720320191218_288000021900091337_700.XML -out D:\SKAD\transmiterSKAD\temp\work\SFC217102803_720320191218_288000021900091337_700.XML.test -reclist D:\SKAD\transmiterSKAD\util\Reclist.conf -silent D:\SKAD\transmiterSKAD\log\19122019_spki_tr.log 
Инициализация
Установка ЭП файла
Результат: OK (00000000)
Текущее время: Thu Dec 19 13:11:27 2019
"C:\Program Files\MDPREI\spki\spki1utl.exe" -sign -profile r2880_2 -registry -algorithm 1.2.643.7.1.1.2.2 -data D:\SKAD\transmiterSKAD\temp\work\SFC217102803_720320191218_288000021900091338_700.XML -out D:\SKAD\transmiterSKAD\temp\work\SFC217102803_720320191218_288000021900091338_700.XML.test -reclist D:\SKAD\transmiterSKAD\util\Reclist.conf -silent D:\SKAD\transmiterSKAD\log\19122019_spki_tr.log 
Инициализация
Установка ЭП файла
Результат: OK (00000000)
Текущее время: Thu Dec 19 13:11:28 2019
"C:\Program Files\MDPREI\spki\spki1utl.exe" -sign -profile r2880_2 -registry -algorithm 1.2.643.7.1.1.2.2 -data D:\SKAD\transmiterSKAD\temp\work\SFC217102803_720320191218_288000021900091339_700.XML -out D:\SKAD\transmiterSKAD\temp\work\SFC217102803_720320191218_288000021900091339_700.XML.test -reclist D:\SKAD\transmiterSKAD\util\Reclist.conf -silent D:\SKAD\transmiterSKAD\log\19122019_spki_tr.log 
Инициализация
Установка ЭП файла
Результат: OK (00000000)
Текущее время: Thu Dec 19 13:11:29 2019
"C:\Program Files\MDPREI\spki\spki1utl.exe" -sign -profile r2880_2 -registry -algorithm 1.2.643.7.1.1.2.2 -data D:\SKAD\transmiterSKAD\temp\work\SFC217102803_720320191218_288000021900091340_700.XML -out D:\SKAD\transmiterSKAD\temp\work\SFC217102803_720320191218_288000021900091340_700.XML.test -reclist D:\SKAD\transmiterSKAD\util\Reclist.conf -silent D:\SKAD\transmiterSKAD\log\19122019_spki_tr.log 
Инициализация
Установка ЭП файла
Результат: OK (00000000)
Текущее время: Thu Dec 19 13:11:30 2019
"C:\Program Files\MDPREI\spki\spki1utl.exe" -sign -profile r2880_2 -registry -algorithm 1.2.643.7.1.1.2.2 -data D:\SKAD\transmiterSKAD\temp\work\SFC217102803_720320191218_288000021900091341_700.XML -out D:\SKAD\transmiterSKAD\temp\work\SFC217102803_720320191218_288000021900091341_700.XML.test -reclist D:\SKAD\transmiterSKAD\util\Reclist.conf -silent D:\SKAD\transmiterSKAD\log\19122019_spki_tr.log 
Инициализация
Установка ЭП файла
Результат: OK (00000000)
Текущее время: Thu Dec 19 13:11:31 2019
"C:\Program Files\MDPREI\spki\spki1utl.exe" -sign -profile r2880_2 -registry -algorithm 1.2.643.7.1.1.2.2 -data D:\SKAD\transmiterSKAD\temp\work\SFC217102803_720320191218_288000021900091342_700.XML -out D:\SKAD\transmiterSKAD\temp\work\SFC217102803_720320191218_288000021900091342_700.XML.test -reclist D:\SKAD\transmiterSKAD\util\Reclist.conf -silent D:\SKAD\transmiterSKAD\log\19122019_spki_tr.log 
Инициализация
Установка ЭП файла
Результат: OK (00000000)
Текущее время: Thu Dec 19 13:11:32 2019
"C:\Program Files\MDPREI\spki\spki1utl.exe" -sign -profile r2880_2 -registry -algorithm 1.2.643.7.1.1.2.2 -data D:\SKAD\transmiterSKAD\temp\work\SFC217102803_720320191218_288000021900091343_700.XML -out D:\SKAD\transmiterSKAD\temp\work\SFC217102803_720320191218_288000021900091343_700.XML.test -reclist D:\SKAD\transmiterSKAD\util\Reclist.conf -silent D:\SKAD\transmiterSKAD\log\19122019_spki_tr.log 
Инициализация
Установка ЭП файла
Результат: OK (00000000)
Текущее время: Thu Dec 19 13:11:34 2019
"C:\Program Files\MDPREI\spki\spki1utl.exe" -sign -encrypt -profile r2880_2 -registry -algorithm 1.2.643.7.1.1.2.2 -in D:\SKAD\transmiterSKAD\temp\work\SBC217102803_720320191101_288000021900000485_200.XML -out D:\SKAD\transmiterSKAD\temp\work\SBC217102803_720320191101_288000021900000485_200.XML.test -reclist D:\SKAD\transmiterSKAD\util\Reclist.conf -silent D:\SKAD\transmiterSKAD\log\19122019_spki_tr.log 
Инициализация
Установка ЭП и шифрование файла
Результат: OK (00000000)
Текущее время: Thu Dec 19 13:11:35 2019
"C:\Program Files\MDPREI\spki\spki1utl.exe" -sign -encrypt -profile r2880_2 -registry -algorithm 1.2.643.7.1.1.2.2 -in D:\SKAD\transmiterSKAD\temp\work\SBC217102803_720320191101_288000021900000486_100.XML -out D:\SKAD\transmiterSKAD\temp\work\SBC217102803_720320191101_288000021900000486_100.XML.test -reclist D:\SKAD\transmiterSKAD\util\Reclist.conf -silent D:\SKAD\transmiterSKAD\log\19122019_spki_tr.log 
Инициализация
Установка ЭП и шифрование файла
Результат: OK (00000000)
Текущее время: Thu Dec 19 13:11:37 2019
"C:\Program Files\MDPREI\spki\spki1utl.exe" -sign -encrypt -profile r2880_2 -registry -algorithm 1.2.643.7.1.1.2.2 -in D:\SKAD\transmiterSKAD\temp\work\SBC217102803_720320191101_288000021900000487_100.XML -out D:\SKAD\transmiterSKAD\temp\work\SBC217102803_720320191101_288000021900000487_100.XML.test -reclist D:\SKAD\transmiterSKAD\util\Reclist.conf -silent D:\SKAD\transmiterSKAD\log\19122019_spki_tr.log 
Инициализация
Установка ЭП и шифрование файла
Результат: OK (00000000)
Текущее время: Thu Dec 19 13:11:38 2019
"C:\Program Files\MDPREI\spki\spki1utl.exe" -sign -encrypt -profile r2880_2 -registry -algorithm 1.2.643.7.1.1.2.2 -in D:\SKAD\transmiterSKAD\temp\work\SFC017102803_720320191218_288000021900091323_700.XML -out D:\SKAD\transmiterSKAD\temp\work\SFC017102803_720320191218_288000021900091323_700.XML.test -reclist D:\SKAD\transmiterSKAD\util\Reclist.conf -silent D:\SKAD\transmiterSKAD\log\19122019_spki_tr.log 
Инициализация
Установка ЭП и шифрование файла
Результат: OK (00000000)
Текущее время: Thu Dec 19 13:11:39 2019
"C:\Program Files\MDPREI\spki\spki1utl.exe" -sign -encrypt -profile r2880_2 -registry -algorithm 1.2.643.7.1.1.2.2 -in D:\SKAD\transmiterSKAD\temp\work\SFC017102803_720320191218_288000021900091325_700.XML -out D:\SKAD\transmiterSKAD\temp\work\SFC017102803_720320191218_288000021900091325_700.XML.test -reclist D:\SKAD\transmiterSKAD\util\Reclist.conf -silent D:\SKAD\transmiterSKAD\log\19122019_spki_tr.log 
Инициализация
Установка ЭП и шифрование файла
Результат: OK (00000000)
Текущее время: Thu Dec 19 13:11:40 2019
"C:\Program Files\MDPREI\spki\spki1utl.exe" -sign -encrypt -profile r2880_2 -registry -algorithm 1.2.643.7.1.1.2.2 -in D:\SKAD\transmiterSKAD\temp\work\SFC017102803_720320191218_288000021900091326_700.XML -out D:\SKAD\transmiterSKAD\temp\work\SFC017102803_720320191218_288000021900091326_700.XML.test -reclist D:\SKAD\transmiterSKAD\util\Reclist.conf -silent D:\SKAD\transmiterSKAD\log\19122019_spki_tr.log 
Инициализация
Установка ЭП и шифрование файла
Результат: OK (00000000)
Текущее время: Thu Dec 19 13:11:41 2019
"C:\Program Files\MDPREI\spki\spki1utl.exe" -sign -encrypt -profile r2880_2 -registry -algorithm 1.2.643.7.1.1.2.2 -in D:\SKAD\transmiterSKAD\temp\work\SFC017102803_720320191218_288000021901062807_700.xml -out D:\SKAD\transmiterSKAD\temp\work\SFC017102803_720320191218_288000021901062807_700.xml.test -reclist D:\SKAD\transmiterSKAD\util\Reclist.conf -silent D:\SKAD\transmiterSKAD\log\19122019_spki_tr.log 
Инициализация
Установка ЭП и шифрование файла
Результат: OK (00000000)
Текущее время: Thu Dec 19 13:11:42 2019
"C:\Program Files\MDPREI\spki\spki1utl.exe" -sign -encrypt -profile r2880_2 -registry -algorithm 1.2.643.7.1.1.2.2 -in D:\SKAD\transmiterSKAD\temp\work\SFC017102803_720320191218_288000021901062811_700.xml -out D:\SKAD\transmiterSKAD\temp\work\SFC017102803_720320191218_288000021901062811_700.xml.test -reclist D:\SKAD\transmiterSKAD\util\Reclist.conf -silent D:\SKAD\transmiterSKAD\log\19122019_spki_tr.log 
Инициализация
Установка ЭП и шифрование файла
Результат: OK (00000000)
Текущее время: Thu Dec 19 13:11:43 2019
"C:\Program Files\MDPREI\spki\spki1utl.exe" -sign -encrypt -profile r2880_2 -registry -algorithm 1.2.643.7.1.1.2.2 -in D:\SKAD\transmiterSKAD\temp\work\SFC017102803_720320191218_288000021901062812_700.xml -out D:\SKAD\transmiterSKAD\temp\work\SFC017102803_720320191218_288000021901062812_700.xml.test -reclist D:\SKAD\transmiterSKAD\util\Reclist.conf -silent D:\SKAD\transmiterSKAD\log\19122019_spki_tr.log 
Инициализация
Установка ЭП и шифрование файла
Результат: OK (00000000)
Текущее время: Thu Dec 19 13:11:44 2019
"C:\Program Files\MDPREI\spki\spki1utl.exe" -sign -encrypt -profile r2880_2 -registry -algorithm 1.2.643.7.1.1.2.2 -in D:\SKAD\transmiterSKAD\temp\work\SFC017102803_720320191218_288000021901062815_700.xml -out D:\SKAD\transmiterSKAD\temp\work\SFC017102803_720320191218_288000021901062815_700.xml.test -reclist D:\SKAD\transmiterSKAD\util\Reclist.conf -silent D:\SKAD\transmiterSKAD\log\19122019_spki_tr.log 
Инициализация
Установка ЭП и шифрование файла
Результат: OK (00000000)
Текущее время: Thu Dec 19 13:11:45 2019
"C:\Program Files\MDPREI\spki\spki1utl.exe" -sign -encrypt -profile r2880_2 -registry -algorithm 1.2.643.7.1.1.2.2 -in D:\SKAD\transmiterSKAD\temp\work\SFC117102803_720320191218_288000021900091327_700.XML -out D:\SKAD\transmiterSKAD\temp\work\SFC117102803_720320191218_288000021900091327_700.XML.test -reclist D:\SKAD\transmiterSKAD\util\Reclist.conf -silent D:\SKAD\transmiterSKAD\log\19122019_spki_tr.log 
Инициализация
Установка ЭП и шифрование файла
Результат: OK (00000000)
Текущее время: Thu Dec 19 13:11:46 2019
"C:\Program Files\MDPREI\spki\spki1utl.exe" -sign -encrypt -profile r2880_2 -registry -algorithm 1.2.643.7.1.1.2.2 -in D:\SKAD\transmiterSKAD\temp\work\SFC117102803_720320191218_288000021901062819_700.xml -out D:\SKAD\transmiterSKAD\temp\work\SFC117102803_720320191218_288000021901062819_700.xml.test -reclist D:\SKAD\transmiterSKAD\util\Reclist.conf -silent D:\SKAD\transmiterSKAD\log\19122019_spki_tr.log 
Инициализация
Установка ЭП и шифрование файла
Результат: OK (00000000)
Текущее время: Thu Dec 19 13:11:47 2019
"C:\Program Files\MDPREI\spki\spki1utl.exe" -sign -encrypt -profile r2880_2 -registry -algorithm 1.2.643.7.1.1.2.2 -in D:\SKAD\transmiterSKAD\temp\work\SFC117102803_720320191218_288000021901062823_700.xml -out D:\SKAD\transmiterSKAD\temp\work\SFC117102803_720320191218_288000021901062823_700.xml.test -reclist D:\SKAD\transmiterSKAD\util\Reclist.conf -silent D:\SKAD\transmiterSKAD\log\19122019_spki_tr.log 
Инициализация
Установка ЭП и шифрование файла
Результат: OK (00000000)
Текущее время: Thu Dec 19 13:11:48 2019
"C:\Program Files\MDPREI\spki\spki1utl.exe" -sign -encrypt -profile r2880_2 -registry -algorithm 1.2.643.7.1.1.2.2 -in D:\SKAD\transmiterSKAD\temp\work\SFC117102803_720320191218_288000021901062826_700.xml -out D:\SKAD\transmiterSKAD\temp\work\SFC117102803_720320191218_288000021901062826_700.xml.test -reclist D:\SKAD\transmiterSKAD\util\Reclist.conf -silent D:\SKAD\transmiterSKAD\log\19122019_spki_tr.log 
Инициализация
Установка ЭП и шифрование файла
Результат: OK (00000000)
Текущее время: Thu Dec 19 13:11:49 2019
"C:\Program Files\MDPREI\spki\spki1utl.exe" -sign -encrypt -profile r2880_2 -registry -algorithm 1.2.643.7.1.1.2.2 -in D:\SKAD\transmiterSKAD\temp\work\SFC117102803_720320191218_288000021901062828_700.xml -out D:\SKAD\transmiterSKAD\temp\work\SFC117102803_720320191218_288000021901062828_700.xml.test -reclist D:\SKAD\transmiterSKAD\util\Reclist.conf -silent D:\SKAD\transmiterSKAD\log\19122019_spki_tr.log 
Инициализация
Установка ЭП и шифрование файла
Результат: OK (00000000)
Текущее время: Thu Dec 19 13:11:50 2019
"C:\Program Files\MDPREI\spki\spki1utl.exe" -sign -encrypt -profile r2880_2 -registry -algorithm 1.2.643.7.1.1.2.2 -in D:\SKAD\transmiterSKAD\temp\work\SFC217102803_720320191218_288000021900091328_700.XML -out D:\SKAD\transmiterSKAD\temp\work\SFC217102803_720320191218_288000021900091328_700.XML.test -reclist D:\SKAD\transmiterSKAD\util\Reclist.conf -silent D:\SKAD\transmiterSKAD\log\19122019_spki_tr.log 
Инициализация
Установка ЭП и шифрование файла
Результат: OK (00000000)
Текущее время: Thu Dec 19 13:11:51 2019
"C:\Program Files\MDPREI\spki\spki1utl.exe" -sign -encrypt -profile r2880_2 -registry -algorithm 1.2.643.7.1.1.2.2 -in D:\SKAD\transmiterSKAD\temp\work\SFC217102803_720320191218_288000021900091329_700.XML -out D:\SKAD\transmiterSKAD\temp\work\SFC217102803_720320191218_288000021900091329_700.XML.test -reclist D:\SKAD\transmiterSKAD\util\Reclist.conf -silent D:\SKAD\transmiterSKAD\log\19122019_spki_tr.log 
Инициализация
Установка ЭП и шифрование файла
Результат: OK (00000000)
Текущее время: Thu Dec 19 13:11:52 2019
"C:\Program Files\MDPREI\spki\spki1utl.exe" -sign -encrypt -profile r2880_2 -registry -algorithm 1.2.643.7.1.1.2.2 -in D:\SKAD\transmiterSKAD\temp\work\SFC217102803_720320191218_288000021900091330_700.XML -out D:\SKAD\transmiterSKAD\temp\work\SFC217102803_720320191218_288000021900091330_700.XML.test -reclist D:\SKAD\transmiterSKAD\util\Reclist.conf -silent D:\SKAD\transmiterSKAD\log\19122019_spki_tr.log 
Инициализация
Установка ЭП и шифрование файла
Результат: OK (00000000)
Текущее время: Thu Dec 19 13:11:54 2019
"C:\Program Files\MDPREI\spki\spki1utl.exe" -sign -encrypt -profile r2880_2 -registry -algorithm 1.2.643.7.1.1.2.2 -in D:\SKAD\transmiterSKAD\temp\work\SFC217102803_720320191218_288000021900091331_700.XML -out D:\SKAD\transmiterSKAD\temp\work\SFC217102803_720320191218_288000021900091331_700.XML.test -reclist D:\SKAD\transmiterSKAD\util\Reclist.conf -silent D:\SKAD\transmiterSKAD\log\19122019_spki_tr.log 
Инициализация
Установка ЭП и шифрование файла
Результат: OK (00000000)
Текущее время: Thu Dec 19 13:11:55 2019
"C:\Program Files\MDPREI\spki\spki1utl.exe" -sign -encrypt -profile r2880_2 -registry -algorithm 1.2.643.7.1.1.2.2 -in D:\SKAD\transmiterSKAD\temp\work\SFC217102803_720320191218_288000021900091332_700.XML -out D:\SKAD\transmiterSKAD\temp\work\SFC217102803_720320191218_288000021900091332_700.XML.test -reclist D:\SKAD\transmiterSKAD\util\Reclist.conf -silent D:\SKAD\transmiterSKAD\log\19122019_spki_tr.log 
Инициализация
Установка ЭП и шифрование файла
Результат: OK (00000000)
Текущее время: Thu Dec 19 13:11:56 2019
"C:\Program Files\MDPREI\spki\spki1utl.exe" -sign -encrypt -profile r2880_2 -registry -algorithm 1.2.643.7.1.1.2.2 -in D:\SKAD\transmiterSKAD\temp\work\SFC217102803_720320191218_288000021900091333_700.XML -out D:\SKAD\transmiterSKAD\temp\work\SFC217102803_720320191218_288000021900091333_700.XML.test -reclist D:\SKAD\transmiterSKAD\util\Reclist.conf -silent D:\SKAD\transmiterSKAD\log\19122019_spki_tr.log 
Инициализация
Установка ЭП и шифрование файла
Результат: OK (00000000)
Текущее время: Thu Dec 19 13:11:57 2019
"C:\Program Files\MDPREI\spki\spki1utl.exe" -sign -encrypt -profile r2880_2 -registry -algorithm 1.2.643.7.1.1.2.2 -in D:\SKAD\transmiterSKAD\temp\work\SFC217102803_720320191218_288000021900091334_700.XML -out D:\SKAD\transmiterSKAD\temp\work\SFC217102803_720320191218_288000021900091334_700.XML.test -reclist D:\SKAD\transmiterSKAD\util\Reclist.conf -silent D:\SKAD\transmiterSKAD\log\19122019_spki_tr.log 
Инициализация
Установка ЭП и шифрование файла
Результат: OK (00000000)
Текущее время: Thu Dec 19 13:11:58 2019
"C:\Program Files\MDPREI\spki\spki1utl.exe" -sign -encrypt -profile r2880_2 -registry -algorithm 1.2.643.7.1.1.2.2 -in D:\SKAD\transmiterSKAD\temp\work\SFC217102803_720320191218_288000021900091335_700.XML -out D:\SKAD\transmiterSKAD\temp\work\SFC217102803_720320191218_288000021900091335_700.XML.test -reclist D:\SKAD\transmiterSKAD\util\Reclist.conf -silent D:\SKAD\transmiterSKAD\log\19122019_spki_tr.log 
Инициализация
Установка ЭП и шифрование файла
Результат: OK (00000000)
Текущее время: Thu Dec 19 13:11:59 2019
"C:\Program Files\MDPREI\spki\spki1utl.exe" -sign -encrypt -profile r2880_2 -registry -algorithm 1.2.643.7.1.1.2.2 -in D:\SKAD\transmiterSKAD\temp\work\SFC217102803_720320191218_288000021900091336_700.XML -out D:\SKAD\transmiterSKAD\temp\work\SFC217102803_720320191218_288000021900091336_700.XML.test -reclist D:\SKAD\transmiterSKAD\util\Reclist.conf -silent D:\SKAD\transmiterSKAD\log\19122019_spki_tr.log 
Инициализация
Установка ЭП и шифрование файла
Результат: OK (00000000)
Текущее время: Thu Dec 19 13:12:00 2019
"C:\Program Files\MDPREI\spki\spki1utl.exe" -sign -encrypt -profile r2880_2 -registry -algorithm 1.2.643.7.1.1.2.2 -in D:\SKAD\transmiterSKAD\temp\work\SFC217102803_720320191218_288000021900091337_700.XML -out D:\SKAD\transmiterSKAD\temp\work\SFC217102803_720320191218_288000021900091337_700.XML.test -reclist D:\SKAD\transmiterSKAD\util\Reclist.conf -silent D:\SKAD\transmiterSKAD\log\19122019_spki_tr.log 
Инициализация
Установка ЭП и шифрование файла
Результат: OK (00000000)
Текущее время: Thu Dec 19 13:12:01 2019
"C:\Program Files\MDPREI\spki\spki1utl.exe" -sign -encrypt -profile r2880_2 -registry -algorithm 1.2.643.7.1.1.2.2 -in D:\SKAD\transmiterSKAD\temp\work\SFC217102803_720320191218_288000021900091338_700.XML -out D:\SKAD\transmiterSKAD\temp\work\SFC217102803_720320191218_288000021900091338_700.XML.test -reclist D:\SKAD\transmiterSKAD\util\Reclist.conf -silent D:\SKAD\transmiterSKAD\log\19122019_spki_tr.log 
Инициализация
Установка ЭП и шифрование файла
Результат: OK (00000000)
Текущее время: Thu Dec 19 13:12:02 2019
"C:\Program Files\MDPREI\spki\spki1utl.exe" -sign -encrypt -profile r2880_2 -registry -algorithm 1.2.643.7.1.1.2.2 -in D:\SKAD\transmiterSKAD\temp\work\SFC217102803_720320191218_288000021900091339_700.XML -out D:\SKAD\transmiterSKAD\temp\work\SFC217102803_720320191218_288000021900091339_700.XML.test -reclist D:\SKAD\transmiterSKAD\util\Reclist.conf -silent D:\SKAD\transmiterSKAD\log\19122019_spki_tr.log 
Инициализация
Установка ЭП и шифрование файла
Результат: OK (00000000)
Текущее время: Thu Dec 19 13:12:03 2019
"C:\Program Files\MDPREI\spki\spki1utl.exe" -sign -encrypt -profile r2880_2 -registry -algorithm 1.2.643.7.1.1.2.2 -in D:\SKAD\transmiterSKAD\temp\work\SFC217102803_720320191218_288000021900091340_700.XML -out D:\SKAD\transmiterSKAD\temp\work\SFC217102803_720320191218_288000021900091340_700.XML.test -reclist D:\SKAD\transmiterSKAD\util\Reclist.conf -silent D:\SKAD\transmiterSKAD\log\19122019_spki_tr.log 
Инициализация
Установка ЭП и шифрование файла
Результат: OK (00000000)
Текущее время: Thu Dec 19 13:12:04 2019
"C:\Program Files\MDPREI\spki\spki1utl.exe" -sign -encrypt -profile r2880_2 -registry -algorithm 1.2.643.7.1.1.2.2 -in D:\SKAD\transmiterSKAD\temp\work\SFC217102803_720320191218_288000021900091341_700.XML -out D:\SKAD\transmiterSKAD\temp\work\SFC217102803_720320191218_288000021900091341_700.XML.test -reclist D:\SKAD\transmiterSKAD\util\Reclist.conf -silent D:\SKAD\transmiterSKAD\log\19122019_spki_tr.log 
Инициализация
Установка ЭП и шифрование файла
Результат: OK (00000000)
Текущее время: Thu Dec 19 13:12:05 2019
"C:\Program Files\MDPREI\spki\spki1utl.exe" -sign -encrypt -profile r2880_2 -registry -algorithm 1.2.643.7.1.1.2.2 -in D:\SKAD\transmiterSKAD\temp\work\SFC217102803_720320191218_288000021900091342_700.XML -out D:\SKAD\transmiterSKAD\temp\work\SFC217102803_720320191218_288000021900091342_700.XML.test -reclist D:\SKAD\transmiterSKAD\util\Reclist.conf -silent D:\SKAD\transmiterSKAD\log\19122019_spki_tr.log 
Инициализация
Установка ЭП и шифрование файла
Результат: OK (00000000)
Текущее время: Thu Dec 19 13:12:06 2019
"C:\Program Files\MDPREI\spki\spki1utl.exe" -sign -encrypt -profile r2880_2 -registry -algorithm 1.2.643.7.1.1.2.2 -in D:\SKAD\transmiterSKAD\temp\work\SFC217102803_720320191218_288000021900091343_700.XML -out D:\SKAD\transmiterSKAD\temp\work\SFC217102803_720320191218_288000021900091343_700.XML.test -reclist D:\SKAD\transmiterSKAD\util\Reclist.conf -silent D:\SKAD\transmiterSKAD\log\19122019_spki_tr.log 
Инициализация
Установка ЭП и шифрование файла
Результат: OK (00000000)
Текущее время: Thu Dec 19 13:12:07 2019
"C:\Program Files\MDPREI\spki\spki1utl.exe" -sign -profile r2880_2 -registry -algorithm 1.2.643.7.1.1.2.2 -data D:\SKAD\transmiterSKAD\temp\work\BN028031912190003.arj -out D:\SKAD\transmiterSKAD\temp\work\BN028031912190003.arj.test -reclist D:\SKAD\transmiterSKAD\util\Reclist.conf -silent D:\SKAD\transmiterSKAD\log\19122019_spki_tr.log 
Инициализация
Установка ЭП файла
Результат: OK (00000000)
