[2019-12-19 10:37:50Z] - INFO - Начало работы Transmiter SKAD Signature
[2019-12-19 10:37:50Z] - ERRR - Количество вложенных папок в D:\SKAD\transmiterSKAD\temp\311pMsk\RBS не равно 1
[2019-12-19 10:37:50Z] - INFO - Начало копирования файлов...
[2019-12-19 10:37:50Z] - INFO - Performing the operation "Copy File" on target "Item: D:\SKAD\transmiterSKAD\temp\311pMsk\RBS\SFC017102803_720320191218_288000021900091323_700.XML Destination: D:\SKAD\transmiterSKAD\temp
\311p\Arhive\19122019\RBS\SFC017102803_720320191218_288000021900091323_700.XML".
Performing the operation "Copy File" on target "Item: D:\SKAD\transmiterSKAD\temp\311pMsk\RBS\SFC017102803_720320191218_288000021900091325_700.XML Destination: D:\SKAD\transmiterSKAD\temp
\311p\Arhive\19122019\RBS\SFC017102803_720320191218_288000021900091325_700.XML".

[2019-12-19 10:37:50Z] - INFO - Файл(ы) скопирован(ы) в D:\SKAD\transmiterSKAD\temp\311p\Arhive\19122019\RBS
[2019-12-19 10:37:50Z] - INFO - Performing the operation "Copy File" on target "Item: D:\SKAD\transmiterSKAD\temp\311pMsk\RBS\SFC017102803_720320191218_288000021900091323_700.XML Destination: D:\SKAD\transmiterSKAD\temp
\work\SFC017102803_720320191218_288000021900091323_700.XML".
Performing the operation "Copy File" on target "Item: D:\SKAD\transmiterSKAD\temp\311pMsk\RBS\SFC017102803_720320191218_288000021900091325_700.XML Destination: D:\SKAD\transmiterSKAD\temp
\work\SFC017102803_720320191218_288000021900091325_700.XML".

[2019-12-19 10:37:50Z] - INFO - Файл(ы) скопирован(ы) в D:\SKAD\transmiterSKAD\temp\work
[2019-12-19 10:37:50Z] - INFO - Performing the operation "Remove File" on target "D:\SKAD\transmiterSKAD\temp\311pMsk\RBS\SFC017102803_720320191218_288000021900091323_700.XML".
Performing the operation "Remove File" on target "D:\SKAD\transmiterSKAD\temp\311pMsk\RBS\SFC017102803_720320191218_288000021900091325_700.XML".

[2019-12-19 10:37:50Z] - INFO - Файл(ы) удален(ы) в D:\SKAD\transmiterSKAD\temp\311pMsk\RBS\
[2019-12-19 10:37:50Z] - INFO - Performing the operation "Copy File" on target "Item: D:\SKAD\transmiterSKAD\temp\311pMsk\WAY4\SFC017102803_720320191218_288000021901062807_700.xml Destination: D:\SKAD\transmiterSKAD\tem
p\311p\Arhive\19122019\WAY4\SFC017102803_720320191218_288000021901062807_700.xml".
Performing the operation "Copy File" on target "Item: D:\SKAD\transmiterSKAD\temp\311pMsk\WAY4\SFC017102803_720320191218_288000021901062811_700.xml Destination: D:\SKAD\transmiterSKAD\tem
p\311p\Arhive\19122019\WAY4\SFC017102803_720320191218_288000021901062811_700.xml".

[2019-12-19 10:37:50Z] - INFO - Файл(ы) скопирован(ы) в D:\SKAD\transmiterSKAD\temp\311p\Arhive\19122019\WAY4
[2019-12-19 10:37:51Z] - INFO - Performing the operation "Copy File" on target "Item: D:\SKAD\transmiterSKAD\temp\311pMsk\WAY4\SFC017102803_720320191218_288000021901062807_700.xml Destination: D:\SKAD\transmiterSKAD\tem
p\work\SFC017102803_720320191218_288000021901062807_700.xml".
Performing the operation "Copy File" on target "Item: D:\SKAD\transmiterSKAD\temp\311pMsk\WAY4\SFC017102803_720320191218_288000021901062811_700.xml Destination: D:\SKAD\transmiterSKAD\tem
p\work\SFC017102803_720320191218_288000021901062811_700.xml".

[2019-12-19 10:37:51Z] - INFO - Файл(ы) скопирован(ы) в D:\SKAD\transmiterSKAD\temp\work
[2019-12-19 10:37:51Z] - INFO - Performing the operation "Remove File" on target "D:\SKAD\transmiterSKAD\temp\311pMsk\WAY4\SFC017102803_720320191218_288000021901062807_700.xml".
Performing the operation "Remove File" on target "D:\SKAD\transmiterSKAD\temp\311pMsk\WAY4\SFC017102803_720320191218_288000021901062811_700.xml".

[2019-12-19 10:37:51Z] - INFO - Файл(ы) удален(ы) в D:\SKAD\transmiterSKAD\temp\311pMsk\WAY4
[2019-12-19 10:37:51Z] - INFO - Сохраняем текущею ключевую дискету
[2019-12-19 10:37:51Z] - INFO - Загружаем ключевую дискету d:\SKAD\Floppy\foiv
[2019-12-19 10:37:51Z] - INFO - Подписываем файлы
[2019-12-19 10:37:51Z] - INFO - Обрабатываем файл SFC017102803_720320191218_288000021900091323_700.XML
[2019-12-19 10:37:52Z] - INFO - Обрабатываем файл SFC017102803_720320191218_288000021900091325_700.XML
[2019-12-19 10:37:53Z] - INFO - Обрабатываем файл SFC017102803_720320191218_288000021901062807_700.xml
[2019-12-19 10:37:54Z] - INFO - Обрабатываем файл SFC017102803_720320191218_288000021901062811_700.xml
[2019-12-19 10:37:55Z] - INFO - Performing the operation "Remove File" on target "D:\SKAD\transmiterSKAD\temp\work\SFC017102803_720320191218_288000021900091323_700.XML".
Performing the operation "Remove File" on target "D:\SKAD\transmiterSKAD\temp\work\SFC017102803_720320191218_288000021900091325_700.XML".
Performing the operation "Remove File" on target "D:\SKAD\transmiterSKAD\temp\work\SFC017102803_720320191218_288000021901062807_700.xml".
Performing the operation "Remove File" on target "D:\SKAD\transmiterSKAD\temp\work\SFC017102803_720320191218_288000021901062811_700.xml".

[2019-12-19 10:37:55Z] - INFO - Performing the operation "Rename File" on target "Item: D:\SKAD\transmiterSKAD\temp\work\SFC017102803_720320191218_288000021900091323_700.XML.test Destination: D:\SKAD\transmiterSKAD\temp
\work\SFC017102803_720320191218_288000021900091323_700.XML".
Performing the operation "Rename File" on target "Item: D:\SKAD\transmiterSKAD\temp\work\SFC017102803_720320191218_288000021900091325_700.XML.test Destination: D:\SKAD\transmiterSKAD\temp
\work\SFC017102803_720320191218_288000021900091325_700.XML".
Performing the operation "Rename File" on target "Item: D:\SKAD\transmiterSKAD\temp\work\SFC017102803_720320191218_288000021901062807_700.xml.test Destination: D:\SKAD\transmiterSKAD\temp
\work\SFC017102803_720320191218_288000021901062807_700.xml".
Performing the operation "Rename File" on target "Item: D:\SKAD\transmiterSKAD\temp\work\SFC017102803_720320191218_288000021901062811_700.xml.test Destination: D:\SKAD\transmiterSKAD\temp
\work\SFC017102803_720320191218_288000021901062811_700.xml".

[2019-12-19 10:37:55Z] - INFO - Архивируем файлы
[2019-12-19 10:37:56Z] - INFO - Performing the operation "Remove File" on target "D:\SKAD\transmiterSKAD\temp\work\SFC017102803_720320191218_288000021900091323_700.XML".
Performing the operation "Remove File" on target "D:\SKAD\transmiterSKAD\temp\work\SFC017102803_720320191218_288000021900091325_700.XML".
Performing the operation "Remove File" on target "D:\SKAD\transmiterSKAD\temp\work\SFC017102803_720320191218_288000021901062807_700.xml".
Performing the operation "Remove File" on target "D:\SKAD\transmiterSKAD\temp\work\SFC017102803_720320191218_288000021901062811_700.xml".

[2019-12-19 10:37:56Z] - INFO - Performing the operation "Rename File" on target "Item: D:\SKAD\transmiterSKAD\temp\work\SFC017102803_720320191218_288000021900091323_700.XML.gz Destination: D:\SKAD\transmiterSKAD\temp\w
ork\SFC017102803_720320191218_288000021900091323_700.XML".
Performing the operation "Rename File" on target "Item: D:\SKAD\transmiterSKAD\temp\work\SFC017102803_720320191218_288000021900091325_700.XML.gz Destination: D:\SKAD\transmiterSKAD\temp\w
ork\SFC017102803_720320191218_288000021900091325_700.XML".
Performing the operation "Rename File" on target "Item: D:\SKAD\transmiterSKAD\temp\work\SFC017102803_720320191218_288000021901062807_700.xml.gz Destination: D:\SKAD\transmiterSKAD\temp\w
ork\SFC017102803_720320191218_288000021901062807_700.xml".
Performing the operation "Rename File" on target "Item: D:\SKAD\transmiterSKAD\temp\work\SFC017102803_720320191218_288000021901062811_700.xml.gz Destination: D:\SKAD\transmiterSKAD\temp\w
ork\SFC017102803_720320191218_288000021901062811_700.xml".

[2019-12-19 10:37:56Z] - INFO - Шифруем файлы
[2019-12-19 10:37:56Z] - INFO - Обрабатываем файл SFC017102803_720320191218_288000021900091323_700.XML
[2019-12-19 10:37:57Z] - INFO - Обрабатываем файл SFC017102803_720320191218_288000021900091325_700.XML
[2019-12-19 10:37:58Z] - INFO - Обрабатываем файл SFC017102803_720320191218_288000021901062807_700.xml
[2019-12-19 10:37:59Z] - INFO - Обрабатываем файл SFC017102803_720320191218_288000021901062811_700.xml
[2019-12-19 10:38:00Z] - INFO - Performing the operation "Remove File" on target "D:\SKAD\transmiterSKAD\temp\work\SFC017102803_720320191218_288000021900091323_700.XML".
Performing the operation "Remove File" on target "D:\SKAD\transmiterSKAD\temp\work\SFC017102803_720320191218_288000021900091325_700.XML".
Performing the operation "Remove File" on target "D:\SKAD\transmiterSKAD\temp\work\SFC017102803_720320191218_288000021901062807_700.xml".
Performing the operation "Remove File" on target "D:\SKAD\transmiterSKAD\temp\work\SFC017102803_720320191218_288000021901062811_700.xml".

[2019-12-19 10:38:00Z] - INFO - Performing the operation "Rename File" on target "Item: D:\SKAD\transmiterSKAD\temp\work\SFC017102803_720320191218_288000021900091323_700.XML.test Destination: D:\SKAD\transmiterSKAD\temp
\work\SFC017102803_720320191218_288000021900091323_700.XML".
Performing the operation "Rename File" on target "Item: D:\SKAD\transmiterSKAD\temp\work\SFC017102803_720320191218_288000021900091325_700.XML.test Destination: D:\SKAD\transmiterSKAD\temp
\work\SFC017102803_720320191218_288000021900091325_700.XML".
Performing the operation "Rename File" on target "Item: D:\SKAD\transmiterSKAD\temp\work\SFC017102803_720320191218_288000021901062807_700.xml.test Destination: D:\SKAD\transmiterSKAD\temp
\work\SFC017102803_720320191218_288000021901062807_700.xml".
Performing the operation "Rename File" on target "Item: D:\SKAD\transmiterSKAD\temp\work\SFC017102803_720320191218_288000021901062811_700.xml.test Destination: D:\SKAD\transmiterSKAD\temp
\work\SFC017102803_720320191218_288000021901062811_700.xml".

[2019-12-19 10:53:26Z] - INFO - Начало работы Transmiter SKAD Signature
[2019-12-19 10:53:26Z] - ERRR - Количество вложенных папок в D:\SKAD\transmiterSKAD\temp\311pMsk\RBS не равно 1
[2019-12-19 10:53:26Z] - INFO - Начало копирования файлов...
[2019-12-19 10:53:26Z] - INFO - Performing the operation "Copy File" on target "Item: D:\SKAD\transmiterSKAD\temp\311pMsk\RBS\SFC017102803_720320191218_288000021900091323_700.XML Destination: D:\SKAD\transmiterSKAD\temp
\311p\Arhive\19122019\RBS\SFC017102803_720320191218_288000021900091323_700.XML".
Performing the operation "Copy File" on target "Item: D:\SKAD\transmiterSKAD\temp\311pMsk\RBS\SFC017102803_720320191218_288000021900091325_700.XML Destination: D:\SKAD\transmiterSKAD\temp
\311p\Arhive\19122019\RBS\SFC017102803_720320191218_288000021900091325_700.XML".

[2019-12-19 10:53:26Z] - INFO - Файл(ы) скопирован(ы) в D:\SKAD\transmiterSKAD\temp\311p\Arhive\19122019\RBS
[2019-12-19 10:53:26Z] - INFO - Performing the operation "Copy File" on target "Item: D:\SKAD\transmiterSKAD\temp\311pMsk\RBS\SFC017102803_720320191218_288000021900091323_700.XML Destination: D:\SKAD\transmiterSKAD\temp
\work\SFC017102803_720320191218_288000021900091323_700.XML".
Performing the operation "Copy File" on target "Item: D:\SKAD\transmiterSKAD\temp\311pMsk\RBS\SFC017102803_720320191218_288000021900091325_700.XML Destination: D:\SKAD\transmiterSKAD\temp
\work\SFC017102803_720320191218_288000021900091325_700.XML".

[2019-12-19 10:53:26Z] - INFO - Файл(ы) скопирован(ы) в D:\SKAD\transmiterSKAD\temp\work
[2019-12-19 10:53:26Z] - INFO - Performing the operation "Remove File" on target "D:\SKAD\transmiterSKAD\temp\311pMsk\RBS\SFC017102803_720320191218_288000021900091323_700.XML".
Performing the operation "Remove File" on target "D:\SKAD\transmiterSKAD\temp\311pMsk\RBS\SFC017102803_720320191218_288000021900091325_700.XML".

[2019-12-19 10:53:26Z] - INFO - Файл(ы) удален(ы) в D:\SKAD\transmiterSKAD\temp\311pMsk\RBS\
[2019-12-19 10:53:26Z] - INFO - Performing the operation "Copy File" on target "Item: D:\SKAD\transmiterSKAD\temp\311pMsk\WAY4\SFC017102803_720320191218_288000021901062807_700.xml Destination: D:\SKAD\transmiterSKAD\tem
p\311p\Arhive\19122019\WAY4\SFC017102803_720320191218_288000021901062807_700.xml".
Performing the operation "Copy File" on target "Item: D:\SKAD\transmiterSKAD\temp\311pMsk\WAY4\SFC017102803_720320191218_288000021901062811_700.xml Destination: D:\SKAD\transmiterSKAD\tem
p\311p\Arhive\19122019\WAY4\SFC017102803_720320191218_288000021901062811_700.xml".

[2019-12-19 10:53:26Z] - INFO - Файл(ы) скопирован(ы) в D:\SKAD\transmiterSKAD\temp\311p\Arhive\19122019\WAY4
[2019-12-19 10:53:26Z] - INFO - Performing the operation "Copy File" on target "Item: D:\SKAD\transmiterSKAD\temp\311pMsk\WAY4\SFC017102803_720320191218_288000021901062807_700.xml Destination: D:\SKAD\transmiterSKAD\tem
p\work\SFC017102803_720320191218_288000021901062807_700.xml".
Performing the operation "Copy File" on target "Item: D:\SKAD\transmiterSKAD\temp\311pMsk\WAY4\SFC017102803_720320191218_288000021901062811_700.xml Destination: D:\SKAD\transmiterSKAD\tem
p\work\SFC017102803_720320191218_288000021901062811_700.xml".

[2019-12-19 10:53:26Z] - INFO - Файл(ы) скопирован(ы) в D:\SKAD\transmiterSKAD\temp\work
[2019-12-19 10:53:26Z] - INFO - Performing the operation "Remove File" on target "D:\SKAD\transmiterSKAD\temp\311pMsk\WAY4\SFC017102803_720320191218_288000021901062807_700.xml".
Performing the operation "Remove File" on target "D:\SKAD\transmiterSKAD\temp\311pMsk\WAY4\SFC017102803_720320191218_288000021901062811_700.xml".

[2019-12-19 10:53:26Z] - INFO - Файл(ы) удален(ы) в D:\SKAD\transmiterSKAD\temp\311pMsk\WAY4
[2019-12-19 10:53:26Z] - INFO - Сохраняем текущею ключевую дискету
[2019-12-19 10:53:26Z] - INFO - Загружаем ключевую дискету d:\SKAD\Floppy\foiv
[2019-12-19 10:53:27Z] - INFO - Подписываем файлы
[2019-12-19 10:53:27Z] - INFO - Обрабатываем файл SFC017102803_720320191218_288000021900091323_700.XML
[2019-12-19 10:53:28Z] - INFO - Обрабатываем файл SFC017102803_720320191218_288000021900091325_700.XML
[2019-12-19 10:53:29Z] - INFO - Обрабатываем файл SFC017102803_720320191218_288000021901062807_700.xml
[2019-12-19 10:53:30Z] - INFO - Обрабатываем файл SFC017102803_720320191218_288000021901062811_700.xml
[2019-12-19 10:53:31Z] - INFO - Performing the operation "Remove File" on target "D:\SKAD\transmiterSKAD\temp\work\SFC017102803_720320191218_288000021900091323_700.XML".
Performing the operation "Remove File" on target "D:\SKAD\transmiterSKAD\temp\work\SFC017102803_720320191218_288000021900091325_700.XML".
Performing the operation "Remove File" on target "D:\SKAD\transmiterSKAD\temp\work\SFC017102803_720320191218_288000021901062807_700.xml".
Performing the operation "Remove File" on target "D:\SKAD\transmiterSKAD\temp\work\SFC017102803_720320191218_288000021901062811_700.xml".

[2019-12-19 10:53:31Z] - INFO - Performing the operation "Rename File" on target "Item: D:\SKAD\transmiterSKAD\temp\work\SFC017102803_720320191218_288000021900091323_700.XML.test Destination: D:\SKAD\transmiterSKAD\temp
\work\SFC017102803_720320191218_288000021900091323_700.XML".
Performing the operation "Rename File" on target "Item: D:\SKAD\transmiterSKAD\temp\work\SFC017102803_720320191218_288000021900091325_700.XML.test Destination: D:\SKAD\transmiterSKAD\temp
\work\SFC017102803_720320191218_288000021900091325_700.XML".
Performing the operation "Rename File" on target "Item: D:\SKAD\transmiterSKAD\temp\work\SFC017102803_720320191218_288000021901062807_700.xml.test Destination: D:\SKAD\transmiterSKAD\temp
\work\SFC017102803_720320191218_288000021901062807_700.xml".
Performing the operation "Rename File" on target "Item: D:\SKAD\transmiterSKAD\temp\work\SFC017102803_720320191218_288000021901062811_700.xml.test Destination: D:\SKAD\transmiterSKAD\temp
\work\SFC017102803_720320191218_288000021901062811_700.xml".

[2019-12-19 10:53:31Z] - INFO - Архивируем файлы
[2019-12-19 10:53:32Z] - INFO - Performing the operation "Remove File" on target "D:\SKAD\transmiterSKAD\temp\work\SFC017102803_720320191218_288000021900091323_700.XML".
Performing the operation "Remove File" on target "D:\SKAD\transmiterSKAD\temp\work\SFC017102803_720320191218_288000021900091325_700.XML".
Performing the operation "Remove File" on target "D:\SKAD\transmiterSKAD\temp\work\SFC017102803_720320191218_288000021901062807_700.xml".
Performing the operation "Remove File" on target "D:\SKAD\transmiterSKAD\temp\work\SFC017102803_720320191218_288000021901062811_700.xml".

[2019-12-19 10:53:32Z] - INFO - Performing the operation "Rename File" on target "Item: D:\SKAD\transmiterSKAD\temp\work\SFC017102803_720320191218_288000021900091323_700.XML.gz Destination: D:\SKAD\transmiterSKAD\temp\w
ork\SFC017102803_720320191218_288000021900091323_700.XML".
Performing the operation "Rename File" on target "Item: D:\SKAD\transmiterSKAD\temp\work\SFC017102803_720320191218_288000021900091325_700.XML.gz Destination: D:\SKAD\transmiterSKAD\temp\w
ork\SFC017102803_720320191218_288000021900091325_700.XML".
Performing the operation "Rename File" on target "Item: D:\SKAD\transmiterSKAD\temp\work\SFC017102803_720320191218_288000021901062807_700.xml.gz Destination: D:\SKAD\transmiterSKAD\temp\w
ork\SFC017102803_720320191218_288000021901062807_700.xml".
Performing the operation "Rename File" on target "Item: D:\SKAD\transmiterSKAD\temp\work\SFC017102803_720320191218_288000021901062811_700.xml.gz Destination: D:\SKAD\transmiterSKAD\temp\w
ork\SFC017102803_720320191218_288000021901062811_700.xml".

[2019-12-19 10:53:32Z] - INFO - Шифруем файлы
[2019-12-19 10:53:32Z] - INFO - Обрабатываем файл SFC017102803_720320191218_288000021900091323_700.XML
[2019-12-19 10:53:33Z] - INFO - Обрабатываем файл SFC017102803_720320191218_288000021900091325_700.XML
[2019-12-19 10:53:34Z] - INFO - Обрабатываем файл SFC017102803_720320191218_288000021901062807_700.xml
[2019-12-19 10:53:35Z] - INFO - Обрабатываем файл SFC017102803_720320191218_288000021901062811_700.xml
[2019-12-19 10:53:36Z] - INFO - Performing the operation "Remove File" on target "D:\SKAD\transmiterSKAD\temp\work\SFC017102803_720320191218_288000021900091323_700.XML".
Performing the operation "Remove File" on target "D:\SKAD\transmiterSKAD\temp\work\SFC017102803_720320191218_288000021900091325_700.XML".
Performing the operation "Remove File" on target "D:\SKAD\transmiterSKAD\temp\work\SFC017102803_720320191218_288000021901062807_700.xml".
Performing the operation "Remove File" on target "D:\SKAD\transmiterSKAD\temp\work\SFC017102803_720320191218_288000021901062811_700.xml".

[2019-12-19 10:53:36Z] - INFO - Performing the operation "Rename File" on target "Item: D:\SKAD\transmiterSKAD\temp\work\SFC017102803_720320191218_288000021900091323_700.XML.test Destination: D:\SKAD\transmiterSKAD\temp
\work\SFC017102803_720320191218_288000021900091323_700.XML".
Performing the operation "Rename File" on target "Item: D:\SKAD\transmiterSKAD\temp\work\SFC017102803_720320191218_288000021900091325_700.XML.test Destination: D:\SKAD\transmiterSKAD\temp
\work\SFC017102803_720320191218_288000021900091325_700.XML".
Performing the operation "Rename File" on target "Item: D:\SKAD\transmiterSKAD\temp\work\SFC017102803_720320191218_288000021901062807_700.xml.test Destination: D:\SKAD\transmiterSKAD\temp
\work\SFC017102803_720320191218_288000021901062807_700.xml".
Performing the operation "Rename File" on target "Item: D:\SKAD\transmiterSKAD\temp\work\SFC017102803_720320191218_288000021901062811_700.xml.test Destination: D:\SKAD\transmiterSKAD\temp
\work\SFC017102803_720320191218_288000021901062811_700.xml".

[2019-12-19 10:53:36Z] - INFO - Начинаем архивацию BN028031912190001.arj ...
[2019-12-19 10:53:37Z] - INFO - Performing the operation "Remove File" on target "D:\SKAD\transmiterSKAD\temp\work\SFC017102803_720320191218_288000021900091323_700.XML".
Performing the operation "Remove File" on target "D:\SKAD\transmiterSKAD\temp\work\SFC017102803_720320191218_288000021900091325_700.XML".
Performing the operation "Remove File" on target "D:\SKAD\transmiterSKAD\temp\work\SFC017102803_720320191218_288000021901062807_700.xml".
Performing the operation "Remove File" on target "D:\SKAD\transmiterSKAD\temp\work\SFC017102803_720320191218_288000021901062811_700.xml".

[2019-12-19 10:53:37Z] - INFO - Обрабатываем файл BN028031912190001.arj
[2019-12-19 10:53:38Z] - INFO - Performing the operation "Remove File" on target "D:\SKAD\transmiterSKAD\temp\work\BN028031912190001.arj".

[2019-12-19 10:53:38Z] - INFO - Performing the operation "Rename File" on target "Item: D:\SKAD\transmiterSKAD\temp\work\BN028031912190001.arj.test Destination: D:\SKAD\transmiterSKAD\temp\work\BN028031912190001.arj".

[2019-12-19 10:56:39Z] - INFO - Начало работы Transmiter SKAD Signature
[2019-12-19 10:56:39Z] - ERRR - Количество вложенных папок в D:\SKAD\transmiterSKAD\temp\311pMsk\RBS не равно 1
[2019-12-19 10:56:39Z] - INFO - Начало копирования файлов...
[2019-12-19 10:56:39Z] - INFO - Performing the operation "Copy File" on target "Item: D:\SKAD\transmiterSKAD\temp\311pMsk\RBS\SFC017102803_720320191218_288000021900091323_700.XML Destination: D:\SKAD\transmiterSKAD\temp
\311p\Arhive\19122019\RBS\SFC017102803_720320191218_288000021900091323_700.XML".
Performing the operation "Copy File" on target "Item: D:\SKAD\transmiterSKAD\temp\311pMsk\RBS\SFC017102803_720320191218_288000021900091325_700.XML Destination: D:\SKAD\transmiterSKAD\temp
\311p\Arhive\19122019\RBS\SFC017102803_720320191218_288000021900091325_700.XML".

[2019-12-19 10:56:39Z] - INFO - Файл(ы) скопирован(ы) в D:\SKAD\transmiterSKAD\temp\311p\Arhive\19122019\RBS
[2019-12-19 10:56:39Z] - INFO - Performing the operation "Copy File" on target "Item: D:\SKAD\transmiterSKAD\temp\311pMsk\RBS\SFC017102803_720320191218_288000021900091323_700.XML Destination: D:\SKAD\transmiterSKAD\temp
\work\SFC017102803_720320191218_288000021900091323_700.XML".
Performing the operation "Copy File" on target "Item: D:\SKAD\transmiterSKAD\temp\311pMsk\RBS\SFC017102803_720320191218_288000021900091325_700.XML Destination: D:\SKAD\transmiterSKAD\temp
\work\SFC017102803_720320191218_288000021900091325_700.XML".

[2019-12-19 10:56:39Z] - INFO - Файл(ы) скопирован(ы) в D:\SKAD\transmiterSKAD\temp\work
[2019-12-19 10:56:39Z] - INFO - Performing the operation "Remove File" on target "D:\SKAD\transmiterSKAD\temp\311pMsk\RBS\SFC017102803_720320191218_288000021900091323_700.XML".
Performing the operation "Remove File" on target "D:\SKAD\transmiterSKAD\temp\311pMsk\RBS\SFC017102803_720320191218_288000021900091325_700.XML".

[2019-12-19 10:56:39Z] - INFO - Файл(ы) удален(ы) в D:\SKAD\transmiterSKAD\temp\311pMsk\RBS\
[2019-12-19 10:56:39Z] - INFO - Performing the operation "Copy File" on target "Item: D:\SKAD\transmiterSKAD\temp\311pMsk\WAY4\SFC017102803_720320191218_288000021901062807_700.xml Destination: D:\SKAD\transmiterSKAD\tem
p\311p\Arhive\19122019\WAY4\SFC017102803_720320191218_288000021901062807_700.xml".
Performing the operation "Copy File" on target "Item: D:\SKAD\transmiterSKAD\temp\311pMsk\WAY4\SFC017102803_720320191218_288000021901062811_700.xml Destination: D:\SKAD\transmiterSKAD\tem
p\311p\Arhive\19122019\WAY4\SFC017102803_720320191218_288000021901062811_700.xml".

[2019-12-19 10:56:39Z] - INFO - Файл(ы) скопирован(ы) в D:\SKAD\transmiterSKAD\temp\311p\Arhive\19122019\WAY4
[2019-12-19 10:56:39Z] - INFO - Performing the operation "Copy File" on target "Item: D:\SKAD\transmiterSKAD\temp\311pMsk\WAY4\SFC017102803_720320191218_288000021901062807_700.xml Destination: D:\SKAD\transmiterSKAD\tem
p\work\SFC017102803_720320191218_288000021901062807_700.xml".
Performing the operation "Copy File" on target "Item: D:\SKAD\transmiterSKAD\temp\311pMsk\WAY4\SFC017102803_720320191218_288000021901062811_700.xml Destination: D:\SKAD\transmiterSKAD\tem
p\work\SFC017102803_720320191218_288000021901062811_700.xml".

[2019-12-19 10:56:39Z] - INFO - Файл(ы) скопирован(ы) в D:\SKAD\transmiterSKAD\temp\work
[2019-12-19 10:56:39Z] - INFO - Performing the operation "Remove File" on target "D:\SKAD\transmiterSKAD\temp\311pMsk\WAY4\SFC017102803_720320191218_288000021901062807_700.xml".
Performing the operation "Remove File" on target "D:\SKAD\transmiterSKAD\temp\311pMsk\WAY4\SFC017102803_720320191218_288000021901062811_700.xml".

[2019-12-19 10:56:39Z] - INFO - Файл(ы) удален(ы) в D:\SKAD\transmiterSKAD\temp\311pMsk\WAY4
[2019-12-19 10:56:39Z] - INFO - Сохраняем текущею ключевую дискету
[2019-12-19 10:56:39Z] - INFO - Загружаем ключевую дискету d:\SKAD\Floppy\foiv
[2019-12-19 10:56:39Z] - INFO - Подписываем файлы
[2019-12-19 10:56:39Z] - INFO - Обрабатываем файл SFC017102803_720320191218_288000021900091323_700.XML
[2019-12-19 10:56:40Z] - INFO - Обрабатываем файл SFC017102803_720320191218_288000021900091325_700.XML
[2019-12-19 10:56:41Z] - INFO - Обрабатываем файл SFC017102803_720320191218_288000021901062807_700.xml
[2019-12-19 10:56:43Z] - INFO - Обрабатываем файл SFC017102803_720320191218_288000021901062811_700.xml
[2019-12-19 10:56:44Z] - INFO - Performing the operation "Remove File" on target "D:\SKAD\transmiterSKAD\temp\work\SFC017102803_720320191218_288000021900091323_700.XML".
Performing the operation "Remove File" on target "D:\SKAD\transmiterSKAD\temp\work\SFC017102803_720320191218_288000021900091325_700.XML".
Performing the operation "Remove File" on target "D:\SKAD\transmiterSKAD\temp\work\SFC017102803_720320191218_288000021901062807_700.xml".
Performing the operation "Remove File" on target "D:\SKAD\transmiterSKAD\temp\work\SFC017102803_720320191218_288000021901062811_700.xml".

[2019-12-19 10:56:44Z] - INFO - Performing the operation "Rename File" on target "Item: D:\SKAD\transmiterSKAD\temp\work\SFC017102803_720320191218_288000021900091323_700.XML.test Destination: D:\SKAD\transmiterSKAD\temp
\work\SFC017102803_720320191218_288000021900091323_700.XML".
Performing the operation "Rename File" on target "Item: D:\SKAD\transmiterSKAD\temp\work\SFC017102803_720320191218_288000021900091325_700.XML.test Destination: D:\SKAD\transmiterSKAD\temp
\work\SFC017102803_720320191218_288000021900091325_700.XML".
Performing the operation "Rename File" on target "Item: D:\SKAD\transmiterSKAD\temp\work\SFC017102803_720320191218_288000021901062807_700.xml.test Destination: D:\SKAD\transmiterSKAD\temp
\work\SFC017102803_720320191218_288000021901062807_700.xml".
Performing the operation "Rename File" on target "Item: D:\SKAD\transmiterSKAD\temp\work\SFC017102803_720320191218_288000021901062811_700.xml.test Destination: D:\SKAD\transmiterSKAD\temp
\work\SFC017102803_720320191218_288000021901062811_700.xml".

[2019-12-19 10:56:44Z] - INFO - Архивируем файлы
[2019-12-19 10:56:45Z] - INFO - Performing the operation "Remove File" on target "D:\SKAD\transmiterSKAD\temp\work\SFC017102803_720320191218_288000021900091323_700.XML".
Performing the operation "Remove File" on target "D:\SKAD\transmiterSKAD\temp\work\SFC017102803_720320191218_288000021900091325_700.XML".
Performing the operation "Remove File" on target "D:\SKAD\transmiterSKAD\temp\work\SFC017102803_720320191218_288000021901062807_700.xml".
Performing the operation "Remove File" on target "D:\SKAD\transmiterSKAD\temp\work\SFC017102803_720320191218_288000021901062811_700.xml".

[2019-12-19 10:56:45Z] - INFO - Performing the operation "Rename File" on target "Item: D:\SKAD\transmiterSKAD\temp\work\SFC017102803_720320191218_288000021900091323_700.XML.gz Destination: D:\SKAD\transmiterSKAD\temp\w
ork\SFC017102803_720320191218_288000021900091323_700.XML".
Performing the operation "Rename File" on target "Item: D:\SKAD\transmiterSKAD\temp\work\SFC017102803_720320191218_288000021900091325_700.XML.gz Destination: D:\SKAD\transmiterSKAD\temp\w
ork\SFC017102803_720320191218_288000021900091325_700.XML".
Performing the operation "Rename File" on target "Item: D:\SKAD\transmiterSKAD\temp\work\SFC017102803_720320191218_288000021901062807_700.xml.gz Destination: D:\SKAD\transmiterSKAD\temp\w
ork\SFC017102803_720320191218_288000021901062807_700.xml".
Performing the operation "Rename File" on target "Item: D:\SKAD\transmiterSKAD\temp\work\SFC017102803_720320191218_288000021901062811_700.xml.gz Destination: D:\SKAD\transmiterSKAD\temp\w
ork\SFC017102803_720320191218_288000021901062811_700.xml".

[2019-12-19 10:56:45Z] - INFO - Шифруем файлы
[2019-12-19 10:56:45Z] - INFO - Обрабатываем файл SFC017102803_720320191218_288000021900091323_700.XML
[2019-12-19 10:56:46Z] - INFO - Обрабатываем файл SFC017102803_720320191218_288000021900091325_700.XML
[2019-12-19 10:56:47Z] - INFO - Обрабатываем файл SFC017102803_720320191218_288000021901062807_700.xml
[2019-12-19 10:56:48Z] - INFO - Обрабатываем файл SFC017102803_720320191218_288000021901062811_700.xml
[2019-12-19 10:56:49Z] - INFO - Performing the operation "Remove File" on target "D:\SKAD\transmiterSKAD\temp\work\SFC017102803_720320191218_288000021900091323_700.XML".
Performing the operation "Remove File" on target "D:\SKAD\transmiterSKAD\temp\work\SFC017102803_720320191218_288000021900091325_700.XML".
Performing the operation "Remove File" on target "D:\SKAD\transmiterSKAD\temp\work\SFC017102803_720320191218_288000021901062807_700.xml".
Performing the operation "Remove File" on target "D:\SKAD\transmiterSKAD\temp\work\SFC017102803_720320191218_288000021901062811_700.xml".

[2019-12-19 10:56:49Z] - INFO - Performing the operation "Rename File" on target "Item: D:\SKAD\transmiterSKAD\temp\work\SFC017102803_720320191218_288000021900091323_700.XML.test Destination: D:\SKAD\transmiterSKAD\temp
\work\SFC017102803_720320191218_288000021900091323_700.XML".
Performing the operation "Rename File" on target "Item: D:\SKAD\transmiterSKAD\temp\work\SFC017102803_720320191218_288000021900091325_700.XML.test Destination: D:\SKAD\transmiterSKAD\temp
\work\SFC017102803_720320191218_288000021900091325_700.XML".
Performing the operation "Rename File" on target "Item: D:\SKAD\transmiterSKAD\temp\work\SFC017102803_720320191218_288000021901062807_700.xml.test Destination: D:\SKAD\transmiterSKAD\temp
\work\SFC017102803_720320191218_288000021901062807_700.xml".
Performing the operation "Rename File" on target "Item: D:\SKAD\transmiterSKAD\temp\work\SFC017102803_720320191218_288000021901062811_700.xml.test Destination: D:\SKAD\transmiterSKAD\temp
\work\SFC017102803_720320191218_288000021901062811_700.xml".

[2019-12-19 10:56:49Z] - INFO - Начинаем архивацию BN028031912190001.arj ...
[2019-12-19 10:56:49Z] - INFO - Performing the operation "Remove File" on target "D:\SKAD\transmiterSKAD\temp\work\SFC017102803_720320191218_288000021900091323_700.XML".
Performing the operation "Remove File" on target "D:\SKAD\transmiterSKAD\temp\work\SFC017102803_720320191218_288000021900091325_700.XML".
Performing the operation "Remove File" on target "D:\SKAD\transmiterSKAD\temp\work\SFC017102803_720320191218_288000021901062807_700.xml".
Performing the operation "Remove File" on target "D:\SKAD\transmiterSKAD\temp\work\SFC017102803_720320191218_288000021901062811_700.xml".

[2019-12-19 10:56:49Z] - INFO - Обрабатываем файл BN028031912190001.arj
[2019-12-19 10:56:50Z] - INFO - Performing the operation "Remove File" on target "D:\SKAD\transmiterSKAD\temp\work\BN028031912190001.arj".

[2019-12-19 10:56:50Z] - INFO - Performing the operation "Rename File" on target "Item: D:\SKAD\transmiterSKAD\temp\work\BN028031912190001.arj.test Destination: D:\SKAD\transmiterSKAD\temp\work\BN028031912190001.arj".

[2019-12-19 10:56:50Z] - INFO - Копируем файл архива BN028031912190001.arj в D:\SKAD\transmiterSKAD\temp\311p\Arhive\19122019
[2019-12-19 10:56:50Z] - INFO - Копируем файл архива BN028031912190001.arj в D:\SKAD\transmiterSKAD\temp\Post
[2019-12-19 10:56:50Z] - INFO - Performing the operation "Remove File" on target "D:\SKAD\transmiterSKAD\temp\work\BN028031912190001.arj".

[2019-12-19 10:56:50Z] - INFO - Отправка почтового сообщения
[2019-12-19 10:57:00Z] - INFO - Отправлено 4 файлов
[2019-12-19 10:57:00Z] - INFO - Загружаем исходную ключевую дискету
[2019-12-19 10:57:00Z] - INFO - Конец работы скрипта!
