[2019-12-25 23:46:34Z] - INFO - Начало работы Transmiter SKAD Signature
[2019-12-25 23:46:34Z] - INFO - Начало копирования файлов...
[2019-12-25 23:46:34Z] - INFO - Выполнение операции "Копирование файла" над целевым объектом "Элемент: D:\SKAD\transmiter\temp\311pMsk\RBS\BN028031912230001\SFC017102803_720320191223_288000021900091480_700.XML Назначени
е: D:\SKAD\transmiter\temp\311p\Arhive\25122019\RBS\SFC017102803_720320191223_288000021900091480_700.XML".
Выполнение операции "Копирование файла" над целевым объектом "Элемент: D:\SKAD\transmiter\temp\311pMsk\RBS\BN028031912230001\SFC017102803_720320191223_288000021900091481_700.XML Назначени
е: D:\SKAD\transmiter\temp\311p\Arhive\25122019\RBS\SFC017102803_720320191223_288000021900091481_700.XML".

[2019-12-25 23:46:34Z] - INFO - Файл(ы) скопирован(ы) в D:\SKAD\transmiter\temp\311p\Arhive\25122019\RBS
[2019-12-25 23:46:34Z] - INFO - Выполнение операции "Копирование файла" над целевым объектом "Элемент: D:\SKAD\transmiter\temp\311pMsk\RBS\BN028031912230001\SFC017102803_720320191223_288000021900091480_700.XML Назначени
е: D:\SKAD\transmiter\temp\work\SFC017102803_720320191223_288000021900091480_700.XML".
Выполнение операции "Копирование файла" над целевым объектом "Элемент: D:\SKAD\transmiter\temp\311pMsk\RBS\BN028031912230001\SFC017102803_720320191223_288000021900091481_700.XML Назначени
е: D:\SKAD\transmiter\temp\work\SFC017102803_720320191223_288000021900091481_700.XML".

[2019-12-25 23:46:34Z] - INFO - Файл(ы) скопирован(ы) в D:\SKAD\transmiter\temp\work
[2019-12-25 23:46:34Z] - INFO - Выполнение операции "Удаление каталога" над целевым объектом "D:\SKAD\transmiter\temp\311pMsk\RBS\BN028031912230001".
Выполнение операции "Удаление файла" над целевым объектом "D:\SKAD\transmiter\temp\311pMsk\RBS\BN028031912230001\SFC017102803_720320191223_288000021900091480_700.XML".
Выполнение операции "Удаление файла" над целевым объектом "D:\SKAD\transmiter\temp\311pMsk\RBS\BN028031912230001\SFC017102803_720320191223_288000021900091481_700.XML".

[2019-12-25 23:46:34Z] - INFO - Файл(ы) удален(ы) в D:\SKAD\transmiter\temp\311pMsk\RBS\BN028031912230001
[2019-12-25 23:46:34Z] - INFO - Выполнение операции "Копирование файла" над целевым объектом "Элемент: D:\SKAD\transmiter\temp\311pMsk\WAY4\fns.log Назначение: D:\SKAD\transmiter\temp\311p\Arhive\25122019\WAY4\fns.log".
Выполнение операции "Копирование файла" над целевым объектом "Элемент: D:\SKAD\transmiter\temp\311pMsk\WAY4\SFC017102803_720320191218_288000021901062807_700.xml Назначение: D:\SKAD\transm
iter\temp\311p\Arhive\25122019\WAY4\SFC017102803_720320191218_288000021901062807_700.xml".
Выполнение операции "Копирование файла" над целевым объектом "Элемент: D:\SKAD\transmiter\temp\311pMsk\WAY4\SFC017102803_720320191218_288000021901062811_700.xml Назначение: D:\SKAD\transm
iter\temp\311p\Arhive\25122019\WAY4\SFC017102803_720320191218_288000021901062811_700.xml".

[2019-12-25 23:46:34Z] - INFO - Файл(ы) скопирован(ы) в D:\SKAD\transmiter\temp\311p\Arhive\25122019\WAY4
[2019-12-25 23:46:34Z] - INFO - Выполнение операции "Копирование файла" над целевым объектом "Элемент: D:\SKAD\transmiter\temp\311pMsk\WAY4\SFC017102803_720320191218_288000021901062807_700.xml Назначение: D:\SKAD\transm
iter\temp\work\SFC017102803_720320191218_288000021901062807_700.xml".
Выполнение операции "Копирование файла" над целевым объектом "Элемент: D:\SKAD\transmiter\temp\311pMsk\WAY4\SFC017102803_720320191218_288000021901062811_700.xml Назначение: D:\SKAD\transm
iter\temp\work\SFC017102803_720320191218_288000021901062811_700.xml".

[2019-12-25 23:46:34Z] - INFO - Файл(ы) скопирован(ы) в D:\SKAD\transmiter\temp\work
[2019-12-25 23:46:34Z] - INFO - Выполнение операции "Удаление файла" над целевым объектом "D:\SKAD\transmiter\temp\311pMsk\WAY4\fns.log".
Выполнение операции "Удаление файла" над целевым объектом "D:\SKAD\transmiter\temp\311pMsk\WAY4\SFC017102803_720320191218_288000021901062807_700.xml".
Выполнение операции "Удаление файла" над целевым объектом "D:\SKAD\transmiter\temp\311pMsk\WAY4\SFC017102803_720320191218_288000021901062811_700.xml".

[2019-12-25 23:46:34Z] - INFO - Файл(ы) удален(ы) в D:\SKAD\transmiter\temp\311pMsk\WAY4
[2019-12-25 23:46:34Z] - INFO - Сохраняем текущею ключевую дискету
[2019-12-25 23:46:34Z] - INFO - Загружаем ключевую дискету d:\SKAD\Floppy\foiv
[2019-12-25 23:46:34Z] - INFO - Подписываем файлы
[2019-12-25 23:46:34Z] - INFO - Обрабатываем файл SFC017102803_720320191218_288000021901062807_700.xml
[2019-12-25 23:47:16Z] - INFO - Обрабатываем файл SFC017102803_720320191218_288000021901062811_700.xml
[2019-12-25 23:51:18Z] - INFO - Начало работы Transmiter SKAD Signature
[2019-12-25 23:51:18Z] - INFO - Начало копирования файлов...
[2019-12-25 23:51:18Z] - INFO - Выполнение операции "Копирование файла" над целевым объектом "Элемент: D:\SKAD\transmiter\temp\311pMsk\RBS\BN028031912230001\SFC017102803_720320191223_288000021900091480_700.XML Назначени
е: D:\SKAD\transmiter\temp\311p\Arhive\25122019\RBS\SFC017102803_720320191223_288000021900091480_700.XML".
Выполнение операции "Копирование файла" над целевым объектом "Элемент: D:\SKAD\transmiter\temp\311pMsk\RBS\BN028031912230001\SFC017102803_720320191223_288000021900091481_700.XML Назначени
е: D:\SKAD\transmiter\temp\311p\Arhive\25122019\RBS\SFC017102803_720320191223_288000021900091481_700.XML".

[2019-12-25 23:51:18Z] - INFO - Файл(ы) скопирован(ы) в D:\SKAD\transmiter\temp\311p\Arhive\25122019\RBS
[2019-12-25 23:51:18Z] - INFO - Выполнение операции "Копирование файла" над целевым объектом "Элемент: D:\SKAD\transmiter\temp\311pMsk\RBS\BN028031912230001\SFC017102803_720320191223_288000021900091480_700.XML Назначени
е: D:\SKAD\transmiter\temp\work\SFC017102803_720320191223_288000021900091480_700.XML".
Выполнение операции "Копирование файла" над целевым объектом "Элемент: D:\SKAD\transmiter\temp\311pMsk\RBS\BN028031912230001\SFC017102803_720320191223_288000021900091481_700.XML Назначени
е: D:\SKAD\transmiter\temp\work\SFC017102803_720320191223_288000021900091481_700.XML".

[2019-12-25 23:51:18Z] - INFO - Файл(ы) скопирован(ы) в D:\SKAD\transmiter\temp\work
[2019-12-25 23:51:18Z] - INFO - Выполнение операции "Удаление каталога" над целевым объектом "D:\SKAD\transmiter\temp\311pMsk\RBS\BN028031912230001".
Выполнение операции "Удаление файла" над целевым объектом "D:\SKAD\transmiter\temp\311pMsk\RBS\BN028031912230001\SFC017102803_720320191223_288000021900091480_700.XML".
Выполнение операции "Удаление файла" над целевым объектом "D:\SKAD\transmiter\temp\311pMsk\RBS\BN028031912230001\SFC017102803_720320191223_288000021900091481_700.XML".

[2019-12-25 23:51:18Z] - INFO - Файл(ы) удален(ы) в D:\SKAD\transmiter\temp\311pMsk\RBS\BN028031912230001
[2019-12-25 23:51:18Z] - INFO - Выполнение операции "Копирование файла" над целевым объектом "Элемент: D:\SKAD\transmiter\temp\311pMsk\WAY4\fns.log Назначение: D:\SKAD\transmiter\temp\311p\Arhive\25122019\WAY4\fns.log".
Выполнение операции "Копирование файла" над целевым объектом "Элемент: D:\SKAD\transmiter\temp\311pMsk\WAY4\SFC017102803_720320191218_288000021901062807_700.xml Назначение: D:\SKAD\transm
iter\temp\311p\Arhive\25122019\WAY4\SFC017102803_720320191218_288000021901062807_700.xml".
Выполнение операции "Копирование файла" над целевым объектом "Элемент: D:\SKAD\transmiter\temp\311pMsk\WAY4\SFC017102803_720320191218_288000021901062811_700.xml Назначение: D:\SKAD\transm
iter\temp\311p\Arhive\25122019\WAY4\SFC017102803_720320191218_288000021901062811_700.xml".

[2019-12-25 23:51:18Z] - INFO - Файл(ы) скопирован(ы) в D:\SKAD\transmiter\temp\311p\Arhive\25122019\WAY4
[2019-12-25 23:51:18Z] - INFO - Выполнение операции "Копирование файла" над целевым объектом "Элемент: D:\SKAD\transmiter\temp\311pMsk\WAY4\SFC017102803_720320191218_288000021901062807_700.xml Назначение: D:\SKAD\transm
iter\temp\work\SFC017102803_720320191218_288000021901062807_700.xml".
Выполнение операции "Копирование файла" над целевым объектом "Элемент: D:\SKAD\transmiter\temp\311pMsk\WAY4\SFC017102803_720320191218_288000021901062811_700.xml Назначение: D:\SKAD\transm
iter\temp\work\SFC017102803_720320191218_288000021901062811_700.xml".

[2019-12-25 23:51:18Z] - INFO - Файл(ы) скопирован(ы) в D:\SKAD\transmiter\temp\work
[2019-12-25 23:51:18Z] - INFO - Выполнение операции "Удаление файла" над целевым объектом "D:\SKAD\transmiter\temp\311pMsk\WAY4\fns.log".
Выполнение операции "Удаление файла" над целевым объектом "D:\SKAD\transmiter\temp\311pMsk\WAY4\SFC017102803_720320191218_288000021901062807_700.xml".
Выполнение операции "Удаление файла" над целевым объектом "D:\SKAD\transmiter\temp\311pMsk\WAY4\SFC017102803_720320191218_288000021901062811_700.xml".

[2019-12-25 23:51:18Z] - INFO - Файл(ы) удален(ы) в D:\SKAD\transmiter\temp\311pMsk\WAY4
[2019-12-25 23:51:19Z] - INFO - Сохраняем текущею ключевую дискету
[2019-12-25 23:51:19Z] - INFO - Загружаем ключевую дискету d:\SKAD\Floppy\foiv
[2019-12-25 23:51:19Z] - INFO - Подписываем файлы
[2019-12-25 23:51:19Z] - INFO - Обрабатываем файл SFC017102803_720320191218_288000021901062807_700.xml
[2019-12-25 23:55:20Z] - INFO - Начало работы Transmiter SKAD Signature
[2019-12-25 23:55:20Z] - INFO - Начало копирования файлов...
[2019-12-25 23:55:20Z] - INFO - Выполнение операции "Копирование файла" над целевым объектом "Элемент: D:\SKAD\transmiter\temp\311pMsk\RBS\BN028031912230001\SFC017102803_720320191223_288000021900091480_700.XML Назначени
е: D:\SKAD\transmiter\temp\311p\Arhive\25122019\RBS\SFC017102803_720320191223_288000021900091480_700.XML".
Выполнение операции "Копирование файла" над целевым объектом "Элемент: D:\SKAD\transmiter\temp\311pMsk\RBS\BN028031912230001\SFC017102803_720320191223_288000021900091481_700.XML Назначени
е: D:\SKAD\transmiter\temp\311p\Arhive\25122019\RBS\SFC017102803_720320191223_288000021900091481_700.XML".

[2019-12-25 23:55:20Z] - INFO - Файл(ы) скопирован(ы) в D:\SKAD\transmiter\temp\311p\Arhive\25122019\RBS
[2019-12-25 23:55:20Z] - INFO - Выполнение операции "Копирование файла" над целевым объектом "Элемент: D:\SKAD\transmiter\temp\311pMsk\RBS\BN028031912230001\SFC017102803_720320191223_288000021900091480_700.XML Назначени
е: D:\SKAD\transmiter\temp\work\SFC017102803_720320191223_288000021900091480_700.XML".
Выполнение операции "Копирование файла" над целевым объектом "Элемент: D:\SKAD\transmiter\temp\311pMsk\RBS\BN028031912230001\SFC017102803_720320191223_288000021900091481_700.XML Назначени
е: D:\SKAD\transmiter\temp\work\SFC017102803_720320191223_288000021900091481_700.XML".

[2019-12-25 23:55:20Z] - INFO - Файл(ы) скопирован(ы) в D:\SKAD\transmiter\temp\work
[2019-12-25 23:55:20Z] - INFO - Выполнение операции "Удаление каталога" над целевым объектом "D:\SKAD\transmiter\temp\311pMsk\RBS\BN028031912230001".
Выполнение операции "Удаление файла" над целевым объектом "D:\SKAD\transmiter\temp\311pMsk\RBS\BN028031912230001\SFC017102803_720320191223_288000021900091480_700.XML".
Выполнение операции "Удаление файла" над целевым объектом "D:\SKAD\transmiter\temp\311pMsk\RBS\BN028031912230001\SFC017102803_720320191223_288000021900091481_700.XML".

[2019-12-25 23:55:20Z] - INFO - Файл(ы) удален(ы) в D:\SKAD\transmiter\temp\311pMsk\RBS\BN028031912230001
[2019-12-25 23:55:20Z] - INFO - Выполнение операции "Копирование файла" над целевым объектом "Элемент: D:\SKAD\transmiter\temp\311pMsk\WAY4\fns.log Назначение: D:\SKAD\transmiter\temp\311p\Arhive\25122019\WAY4\fns.log".
Выполнение операции "Копирование файла" над целевым объектом "Элемент: D:\SKAD\transmiter\temp\311pMsk\WAY4\SFC017102803_720320191218_288000021901062807_700.xml Назначение: D:\SKAD\transm
iter\temp\311p\Arhive\25122019\WAY4\SFC017102803_720320191218_288000021901062807_700.xml".
Выполнение операции "Копирование файла" над целевым объектом "Элемент: D:\SKAD\transmiter\temp\311pMsk\WAY4\SFC017102803_720320191218_288000021901062811_700.xml Назначение: D:\SKAD\transm
iter\temp\311p\Arhive\25122019\WAY4\SFC017102803_720320191218_288000021901062811_700.xml".

[2019-12-25 23:55:20Z] - INFO - Файл(ы) скопирован(ы) в D:\SKAD\transmiter\temp\311p\Arhive\25122019\WAY4
[2019-12-25 23:55:20Z] - INFO - Выполнение операции "Копирование файла" над целевым объектом "Элемент: D:\SKAD\transmiter\temp\311pMsk\WAY4\SFC017102803_720320191218_288000021901062807_700.xml Назначение: D:\SKAD\transm
iter\temp\work\SFC017102803_720320191218_288000021901062807_700.xml".
Выполнение операции "Копирование файла" над целевым объектом "Элемент: D:\SKAD\transmiter\temp\311pMsk\WAY4\SFC017102803_720320191218_288000021901062811_700.xml Назначение: D:\SKAD\transm
iter\temp\work\SFC017102803_720320191218_288000021901062811_700.xml".

[2019-12-25 23:55:20Z] - INFO - Файл(ы) скопирован(ы) в D:\SKAD\transmiter\temp\work
[2019-12-25 23:55:20Z] - INFO - Выполнение операции "Удаление файла" над целевым объектом "D:\SKAD\transmiter\temp\311pMsk\WAY4\fns.log".
Выполнение операции "Удаление файла" над целевым объектом "D:\SKAD\transmiter\temp\311pMsk\WAY4\SFC017102803_720320191218_288000021901062807_700.xml".
Выполнение операции "Удаление файла" над целевым объектом "D:\SKAD\transmiter\temp\311pMsk\WAY4\SFC017102803_720320191218_288000021901062811_700.xml".

[2019-12-25 23:55:20Z] - INFO - Файл(ы) удален(ы) в D:\SKAD\transmiter\temp\311pMsk\WAY4
[2019-12-25 23:55:20Z] - INFO - Сохраняем текущею ключевую дискету
[2019-12-25 23:55:20Z] - INFO - Загружаем ключевую дискету d:\SKAD\Floppy\foiv
[2019-12-25 23:55:20Z] - INFO - Подписываем файлы
[2019-12-25 23:55:42Z] - INFO - Обрабатываем файл SFC017102803_720320191218_288000021901062807_700.xml
[2019-12-25 23:56:33Z] - INFO - Обрабатываем файл SFC017102803_720320191218_288000021901062811_700.xml
[2019-12-25 23:56:36Z] - INFO - Обрабатываем файл SFC017102803_720320191223_288000021900091480_700.XML
[2019-12-25 23:57:53Z] - INFO - Начало работы Transmiter SKAD Signature
[2019-12-25 23:57:53Z] - INFO - Начало копирования файлов...
[2019-12-25 23:57:53Z] - INFO - Выполнение операции "Копирование файла" над целевым объектом "Элемент: D:\SKAD\transmiter\temp\311pMsk\RBS\BN028031912230001\SFC017102803_720320191223_288000021900091480_700.XML Назначени
е: D:\SKAD\transmiter\temp\311p\Arhive\25122019\RBS\SFC017102803_720320191223_288000021900091480_700.XML".
Выполнение операции "Копирование файла" над целевым объектом "Элемент: D:\SKAD\transmiter\temp\311pMsk\RBS\BN028031912230001\SFC017102803_720320191223_288000021900091481_700.XML Назначени
е: D:\SKAD\transmiter\temp\311p\Arhive\25122019\RBS\SFC017102803_720320191223_288000021900091481_700.XML".

[2019-12-25 23:57:53Z] - INFO - Файл(ы) скопирован(ы) в D:\SKAD\transmiter\temp\311p\Arhive\25122019\RBS
[2019-12-25 23:57:53Z] - INFO - Выполнение операции "Копирование файла" над целевым объектом "Элемент: D:\SKAD\transmiter\temp\311pMsk\RBS\BN028031912230001\SFC017102803_720320191223_288000021900091480_700.XML Назначени
е: D:\SKAD\transmiter\temp\work\SFC017102803_720320191223_288000021900091480_700.XML".
Выполнение операции "Копирование файла" над целевым объектом "Элемент: D:\SKAD\transmiter\temp\311pMsk\RBS\BN028031912230001\SFC017102803_720320191223_288000021900091481_700.XML Назначени
е: D:\SKAD\transmiter\temp\work\SFC017102803_720320191223_288000021900091481_700.XML".

[2019-12-25 23:57:53Z] - INFO - Файл(ы) скопирован(ы) в D:\SKAD\transmiter\temp\work
[2019-12-25 23:57:53Z] - INFO - Выполнение операции "Удаление каталога" над целевым объектом "D:\SKAD\transmiter\temp\311pMsk\RBS\BN028031912230001".
Выполнение операции "Удаление файла" над целевым объектом "D:\SKAD\transmiter\temp\311pMsk\RBS\BN028031912230001\SFC017102803_720320191223_288000021900091480_700.XML".
Выполнение операции "Удаление файла" над целевым объектом "D:\SKAD\transmiter\temp\311pMsk\RBS\BN028031912230001\SFC017102803_720320191223_288000021900091481_700.XML".

[2019-12-25 23:57:53Z] - INFO - Файл(ы) удален(ы) в D:\SKAD\transmiter\temp\311pMsk\RBS\BN028031912230001
[2019-12-25 23:57:53Z] - INFO - Выполнение операции "Копирование файла" над целевым объектом "Элемент: D:\SKAD\transmiter\temp\311pMsk\WAY4\fns.log Назначение: D:\SKAD\transmiter\temp\311p\Arhive\25122019\WAY4\fns.log".
Выполнение операции "Копирование файла" над целевым объектом "Элемент: D:\SKAD\transmiter\temp\311pMsk\WAY4\SFC017102803_720320191218_288000021901062807_700.xml Назначение: D:\SKAD\transm
iter\temp\311p\Arhive\25122019\WAY4\SFC017102803_720320191218_288000021901062807_700.xml".
Выполнение операции "Копирование файла" над целевым объектом "Элемент: D:\SKAD\transmiter\temp\311pMsk\WAY4\SFC017102803_720320191218_288000021901062811_700.xml Назначение: D:\SKAD\transm
iter\temp\311p\Arhive\25122019\WAY4\SFC017102803_720320191218_288000021901062811_700.xml".

[2019-12-25 23:57:53Z] - INFO - Файл(ы) скопирован(ы) в D:\SKAD\transmiter\temp\311p\Arhive\25122019\WAY4
[2019-12-25 23:57:53Z] - INFO - Выполнение операции "Копирование файла" над целевым объектом "Элемент: D:\SKAD\transmiter\temp\311pMsk\WAY4\SFC017102803_720320191218_288000021901062807_700.xml Назначение: D:\SKAD\transm
iter\temp\work\SFC017102803_720320191218_288000021901062807_700.xml".
Выполнение операции "Копирование файла" над целевым объектом "Элемент: D:\SKAD\transmiter\temp\311pMsk\WAY4\SFC017102803_720320191218_288000021901062811_700.xml Назначение: D:\SKAD\transm
iter\temp\work\SFC017102803_720320191218_288000021901062811_700.xml".

[2019-12-25 23:57:53Z] - INFO - Файл(ы) скопирован(ы) в D:\SKAD\transmiter\temp\work
[2019-12-25 23:57:53Z] - INFO - Выполнение операции "Удаление файла" над целевым объектом "D:\SKAD\transmiter\temp\311pMsk\WAY4\fns.log".
Выполнение операции "Удаление файла" над целевым объектом "D:\SKAD\transmiter\temp\311pMsk\WAY4\SFC017102803_720320191218_288000021901062807_700.xml".
Выполнение операции "Удаление файла" над целевым объектом "D:\SKAD\transmiter\temp\311pMsk\WAY4\SFC017102803_720320191218_288000021901062811_700.xml".

[2019-12-25 23:57:53Z] - INFO - Файл(ы) удален(ы) в D:\SKAD\transmiter\temp\311pMsk\WAY4
[2019-12-25 23:57:53Z] - INFO - Сохраняем текущею ключевую дискету
[2019-12-25 23:57:53Z] - INFO - Загружаем ключевую дискету d:\SKAD\Floppy\foiv
[2019-12-25 23:57:53Z] - INFO - Подписываем файлы
[2019-12-25 23:57:58Z] - INFO - Обрабатываем файл SFC017102803_720320191218_288000021901062807_700.xml
[2019-12-25 23:57:59Z] - INFO - Обрабатываем файл SFC017102803_720320191218_288000021901062811_700.xml
[2019-12-25 23:58:00Z] - INFO - Обрабатываем файл SFC017102803_720320191223_288000021900091480_700.XML
[2019-12-25 23:58:01Z] - INFO - Обрабатываем файл SFC017102803_720320191223_288000021900091481_700.XML
[2019-12-25 23:58:02Z] - INFO - Выполнение операции "Удаление файла" над целевым объектом "D:\SKAD\transmiter\temp\work\SFC017102803_720320191218_288000021901062807_700.xml".
Выполнение операции "Удаление файла" над целевым объектом "D:\SKAD\transmiter\temp\work\SFC017102803_720320191218_288000021901062811_700.xml".
Выполнение операции "Удаление файла" над целевым объектом "D:\SKAD\transmiter\temp\work\SFC017102803_720320191223_288000021900091480_700.XML".
Выполнение операции "Удаление файла" над целевым объектом "D:\SKAD\transmiter\temp\work\SFC017102803_720320191223_288000021900091481_700.XML".

[2019-12-25 23:58:02Z] - INFO - Выполнение операции "Переименование файла" над целевым объектом "Элемент: D:\SKAD\transmiter\temp\work\SFC017102803_720320191218_288000021901062807_700.xml.test Назначение: D:\SKAD\transm
iter\temp\work\SFC017102803_720320191218_288000021901062807_700.xml".
Выполнение операции "Переименование файла" над целевым объектом "Элемент: D:\SKAD\transmiter\temp\work\SFC017102803_720320191218_288000021901062811_700.xml.test Назначение: D:\SKAD\transm
iter\temp\work\SFC017102803_720320191218_288000021901062811_700.xml".
Выполнение операции "Переименование файла" над целевым объектом "Элемент: D:\SKAD\transmiter\temp\work\SFC017102803_720320191223_288000021900091480_700.XML.test Назначение: D:\SKAD\transm
iter\temp\work\SFC017102803_720320191223_288000021900091480_700.XML".
Выполнение операции "Переименование файла" над целевым объектом "Элемент: D:\SKAD\transmiter\temp\work\SFC017102803_720320191223_288000021900091481_700.XML.test Назначение: D:\SKAD\transm
iter\temp\work\SFC017102803_720320191223_288000021900091481_700.XML".

[2019-12-25 23:58:02Z] - INFO - Архивируем файлы
[2019-12-25 23:58:46Z] - INFO - Выполнение операции "Удаление файла" над целевым объектом "D:\SKAD\transmiter\temp\work\SFC017102803_720320191218_288000021901062807_700.xml".
Выполнение операции "Удаление файла" над целевым объектом "D:\SKAD\transmiter\temp\work\SFC017102803_720320191218_288000021901062811_700.xml".
Выполнение операции "Удаление файла" над целевым объектом "D:\SKAD\transmiter\temp\work\SFC017102803_720320191223_288000021900091480_700.XML".
Выполнение операции "Удаление файла" над целевым объектом "D:\SKAD\transmiter\temp\work\SFC017102803_720320191223_288000021900091481_700.XML".

[2019-12-25 23:58:46Z] - INFO - Выполнение операции "Переименование файла" над целевым объектом "Элемент: D:\SKAD\transmiter\temp\work\SFC017102803_720320191218_288000021901062807_700.xml.gz Назначение: D:\SKAD\transmit
er\temp\work\SFC017102803_720320191218_288000021901062807_700.xml".
Выполнение операции "Переименование файла" над целевым объектом "Элемент: D:\SKAD\transmiter\temp\work\SFC017102803_720320191218_288000021901062811_700.xml.gz Назначение: D:\SKAD\transmit
er\temp\work\SFC017102803_720320191218_288000021901062811_700.xml".
Выполнение операции "Переименование файла" над целевым объектом "Элемент: D:\SKAD\transmiter\temp\work\SFC017102803_720320191223_288000021900091480_700.XML.gz Назначение: D:\SKAD\transmit
er\temp\work\SFC017102803_720320191223_288000021900091480_700.XML".
Выполнение операции "Переименование файла" над целевым объектом "Элемент: D:\SKAD\transmiter\temp\work\SFC017102803_720320191223_288000021900091481_700.XML.gz Назначение: D:\SKAD\transmit
er\temp\work\SFC017102803_720320191223_288000021900091481_700.XML".

[2019-12-25 23:58:46Z] - INFO - Шифруем файлы
[2019-12-25 23:58:46Z] - INFO - Обрабатываем файл SFC017102803_720320191218_288000021901062807_700.xml
[2019-12-25 23:59:54Z] - INFO - Обрабатываем файл SFC017102803_720320191218_288000021901062811_700.xml
[2019-12-26 00:00:32Z] - INFO - Обрабатываем файл SFC017102803_720320191223_288000021900091480_700.XML
[2019-12-26 00:00:33Z] - INFO - Обрабатываем файл SFC017102803_720320191223_288000021900091481_700.XML
[2019-12-26 00:00:34Z] - INFO - Выполнение операции "Удаление файла" над целевым объектом "D:\SKAD\transmiter\temp\work\SFC017102803_720320191218_288000021901062807_700.xml".
Выполнение операции "Удаление файла" над целевым объектом "D:\SKAD\transmiter\temp\work\SFC017102803_720320191218_288000021901062811_700.xml".
Выполнение операции "Удаление файла" над целевым объектом "D:\SKAD\transmiter\temp\work\SFC017102803_720320191223_288000021900091480_700.XML".
Выполнение операции "Удаление файла" над целевым объектом "D:\SKAD\transmiter\temp\work\SFC017102803_720320191223_288000021900091481_700.XML".

[2019-12-26 00:00:34Z] - INFO - Выполнение операции "Переименование файла" над целевым объектом "Элемент: D:\SKAD\transmiter\temp\work\SFC017102803_720320191218_288000021901062807_700.xml.test Назначение: D:\SKAD\transm
iter\temp\work\SFC017102803_720320191218_288000021901062807_700.xml".
Выполнение операции "Переименование файла" над целевым объектом "Элемент: D:\SKAD\transmiter\temp\work\SFC017102803_720320191218_288000021901062811_700.xml.test Назначение: D:\SKAD\transm
iter\temp\work\SFC017102803_720320191218_288000021901062811_700.xml".
Выполнение операции "Переименование файла" над целевым объектом "Элемент: D:\SKAD\transmiter\temp\work\SFC017102803_720320191223_288000021900091480_700.XML.test Назначение: D:\SKAD\transm
iter\temp\work\SFC017102803_720320191223_288000021900091480_700.XML".
Выполнение операции "Переименование файла" над целевым объектом "Элемент: D:\SKAD\transmiter\temp\work\SFC017102803_720320191223_288000021900091481_700.XML.test Назначение: D:\SKAD\transm
iter\temp\work\SFC017102803_720320191223_288000021900091481_700.XML".

[2019-12-26 00:00:34Z] - INFO - Начинаем архивацию BN028031912260001.arj ...
[2019-12-26 00:00:35Z] - INFO - Выполнение операции "Удаление файла" над целевым объектом "D:\SKAD\transmiter\temp\work\SFC017102803_720320191218_288000021901062807_700.xml".
Выполнение операции "Удаление файла" над целевым объектом "D:\SKAD\transmiter\temp\work\SFC017102803_720320191218_288000021901062811_700.xml".
Выполнение операции "Удаление файла" над целевым объектом "D:\SKAD\transmiter\temp\work\SFC017102803_720320191223_288000021900091480_700.XML".
Выполнение операции "Удаление файла" над целевым объектом "D:\SKAD\transmiter\temp\work\SFC017102803_720320191223_288000021900091481_700.XML".

[2019-12-26 00:01:12Z] - INFO - Обрабатываем файл BN028031912260001.arj
[2019-12-26 00:01:13Z] - INFO - Выполнение операции "Удаление файла" над целевым объектом "D:\SKAD\transmiter\temp\work\BN028031912260001.arj".

[2019-12-26 00:01:13Z] - INFO - Выполнение операции "Переименование файла" над целевым объектом "Элемент: D:\SKAD\transmiter\temp\work\BN028031912260001.arj.test Назначение: D:\SKAD\transmiter\temp\work\BN02803191226000
1.arj".

[2019-12-26 00:02:01Z] - INFO - Копируем файл архива BN028031912260001.arj в D:\SKAD\transmiter\temp\311p\Arhive\25122019
[2019-12-26 00:02:01Z] - INFO - Копируем файл архива BN028031912260001.arj в D:\SKAD\transmiter\temp\Post
[2019-12-26 00:02:01Z] - INFO - Выполнение операции "Удаление файла" над целевым объектом "D:\SKAD\transmiter\temp\work\BN028031912260001.arj".

[2019-12-26 00:02:01Z] - INFO - Отправка почтового сообщения
[2019-12-26 00:02:06Z] - INFO - Отправлено 4 файлов
[2019-12-26 00:02:06Z] - INFO - Загружаем исходную ключевую дискету
[2019-12-26 00:02:06Z] - INFO - Конец работы скрипта!
