Текущее время: Thu Dec 26 13:57:22 2019
"C:\Program Files\MDPREI\spki\spki1utl.exe" -sign -profile r2880_2 -algorithm 1.2.643.7.1.1.2.2 -data D:\SKAD\transmiterSKAD\temp\work\SFC017102803_720320191223_288000021900091480_700.XML -out D:\SKAD\transmiterSKAD\temp\work\SFC017102803_720320191223_288000021900091480_700.XML.test -silent D:\SKAD\transmiterSKAD\log\26122019_spki_tr.log 
Инициализация
Результат: Ошибка доступа к ПСП   (E070002D)
Текущее время: Thu Dec 26 13:57:23 2019
"C:\Program Files\MDPREI\spki\spki1utl.exe" -sign -profile r2880_2 -algorithm 1.2.643.7.1.1.2.2 -data D:\SKAD\transmiterSKAD\temp\work\SFC017102803_720320191223_288000021900091481_700.XML -out D:\SKAD\transmiterSKAD\temp\work\SFC017102803_720320191223_288000021900091481_700.XML.test -silent D:\SKAD\transmiterSKAD\log\26122019_spki_tr.log 
Инициализация
Результат: Ошибка доступа к ПСП   (E070002D)
Текущее время: Thu Dec 26 13:58:47 2019
"C:\Program Files\MDPREI\spki\spki1utl.exe" -sign -profile r2880_2 -algorithm 1.2.643.7.1.1.2.2 -data D:\SKAD\transmiterSKAD\temp\work\SFC017102803_720320191223_288000021900091480_700.XML -out D:\SKAD\transmiterSKAD\temp\work\SFC017102803_720320191223_288000021900091480_700.XML.test -silent D:\SKAD\transmiterSKAD\log\26122019_spki_tr.log 
Инициализация
Результат: Ошибка доступа к ПСП   (E070002D)
Текущее время: Thu Dec 26 13:58:48 2019
"C:\Program Files\MDPREI\spki\spki1utl.exe" -sign -profile r2880_2 -algorithm 1.2.643.7.1.1.2.2 -data D:\SKAD\transmiterSKAD\temp\work\SFC017102803_720320191223_288000021900091481_700.XML -out D:\SKAD\transmiterSKAD\temp\work\SFC017102803_720320191223_288000021900091481_700.XML.test -silent D:\SKAD\transmiterSKAD\log\26122019_spki_tr.log 
Инициализация
Результат: Ошибка доступа к ПСП   (E070002D)
Текущее время: Thu Dec 26 14:02:48 2019
"C:\Program Files\MDPREI\spki\spki1utl.exe" -sign -profile r2880_2 -algorithm 1.2.643.7.1.1.2.2 -data D:\SKAD\transmiterSKAD\temp\work\SFC017102803_720320191223_288000021900091480_700.XML -out D:\SKAD\transmiterSKAD\temp\work\SFC017102803_720320191223_288000021900091480_700.XML.test -silent D:\SKAD\transmiterSKAD\log\26122019_spki_tr.log 
Инициализация
Результат: Ошибка доступа к ПСП   (E070002D)
Текущее время: Thu Dec 26 14:02:49 2019
"C:\Program Files\MDPREI\spki\spki1utl.exe" -sign -profile r2880_2 -algorithm 1.2.643.7.1.1.2.2 -data D:\SKAD\transmiterSKAD\temp\work\SFC017102803_720320191223_288000021900091481_700.XML -out D:\SKAD\transmiterSKAD\temp\work\SFC017102803_720320191223_288000021900091481_700.XML.test -silent D:\SKAD\transmiterSKAD\log\26122019_spki_tr.log 
Инициализация
Результат: Ошибка доступа к ПСП   (E070002D)
Текущее время: Thu Dec 26 14:04:04 2019
"C:\Program Files\MDPREI\spki\spki1utl.exe" -sign -profile r2880_2 -algorithm 1.2.643.7.1.1.2.2 -data D:\SKAD\transmiterSKAD\temp\work\SFC017102803_720320191223_288000021900091480_700.XML -out D:\SKAD\transmiterSKAD\temp\work\SFC017102803_720320191223_288000021900091480_700.XML.test -silent D:\SKAD\transmiterSKAD\log\26122019_spki_tr.log 
Инициализация
Установка ЭП файла
Результат: OK (00000000)
Текущее время: Thu Dec 26 14:04:11 2019
"C:\Program Files\MDPREI\spki\spki1utl.exe" -sign -profile r2880_2 -algorithm 1.2.643.7.1.1.2.2 -data D:\SKAD\transmiterSKAD\temp\work\SFC017102803_720320191223_288000021900091481_700.XML -out D:\SKAD\transmiterSKAD\temp\work\SFC017102803_720320191223_288000021900091481_700.XML.test -silent D:\SKAD\transmiterSKAD\log\26122019_spki_tr.log 
Инициализация
Установка ЭП файла
Результат: OK (00000000)
Текущее время: Thu Dec 26 14:04:14 2019
"C:\Program Files\MDPREI\spki\spki1utl.exe" -sign -encrypt -profile r2880_2 -algorithm 1.2.643.7.1.1.2.2 -in D:\SKAD\transmiterSKAD\temp\work\SFC017102803_720320191223_288000021900091480_700.XML -out D:\SKAD\transmiterSKAD\temp\work\SFC017102803_720320191223_288000021900091480_700.XML.test -reclist D:\SKAD\transmiterSKAD\util\FNS_Key.conf -silent D:\SKAD\transmiterSKAD\log\26122019_spki_tr.log 
Инициализация
Установка ЭП и шифрование файла
Результат: OK (00000000)
Текущее время: Thu Dec 26 14:04:15 2019
"C:\Program Files\MDPREI\spki\spki1utl.exe" -sign -encrypt -profile r2880_2 -algorithm 1.2.643.7.1.1.2.2 -in D:\SKAD\transmiterSKAD\temp\work\SFC017102803_720320191223_288000021900091481_700.XML -out D:\SKAD\transmiterSKAD\temp\work\SFC017102803_720320191223_288000021900091481_700.XML.test -reclist D:\SKAD\transmiterSKAD\util\FNS_Key.conf -silent D:\SKAD\transmiterSKAD\log\26122019_spki_tr.log 
Инициализация
Установка ЭП и шифрование файла
Результат: OK (00000000)
Текущее время: Thu Dec 26 14:04:22 2019
"C:\Program Files\MDPREI\spki\spki1utl.exe" -sign -profile r2880_2 -algorithm 1.2.643.7.1.1.2.2 -data D:\SKAD\transmiterSKAD\temp\work\BN028031912260001.arj -out D:\SKAD\transmiterSKAD\temp\work\BN028031912260001.arj.test -silent D:\SKAD\transmiterSKAD\log\26122019_spki_tr.log 
Инициализация
Установка ЭП файла
Результат: OK (00000000)
