[2019-12-29 16:48:30Z] - INFO - Обработка отчетности - 311p
[2019-12-29 16:48:30Z] - INFO - Начинаем архивацию BN028031912290001.arj ...
[2019-12-29 16:48:30Z] - INFO - Выполнение операции "Удаление файла" над целевым объектом "D:\SKAD\transmiter\temp\work\SFC017102803_720320191218_288000021901062807_700.xml".
Выполнение операции "Удаление файла" над целевым объектом "D:\SKAD\transmiter\temp\work\SFC017102803_720320191218_288000021901062811_700.xml".
Выполнение операции "Удаление файла" над целевым объектом "D:\SKAD\transmiter\temp\work\SFC017102803_720320191223_288000021900091480_700.XML".
Выполнение операции "Удаление файла" над целевым объектом "D:\SKAD\transmiter\temp\work\SFC017102803_720320191223_288000021900091481_700.XML".

[2019-12-29 16:49:41Z] - INFO - Обработка отчетности - 311p
[2019-12-29 16:49:54Z] - INFO - Начинаем архивацию BN028031912290001.arj ...
[2019-12-29 16:49:54Z] - INFO - Выполнение операции "Удаление файла" над целевым объектом "D:\SKAD\transmiter\temp\work\SFC017102803_720320191218_288000021901062807_700.xml".
Выполнение операции "Удаление файла" над целевым объектом "D:\SKAD\transmiter\temp\work\SFC017102803_720320191218_288000021901062811_700.xml".
Выполнение операции "Удаление файла" над целевым объектом "D:\SKAD\transmiter\temp\work\SFC017102803_720320191223_288000021900091480_700.XML".
Выполнение операции "Удаление файла" над целевым объектом "D:\SKAD\transmiter\temp\work\SFC017102803_720320191223_288000021900091481_700.XML".

[2019-12-29 16:50:42Z] - INFO - Начинаем архивацию BN028031912290001.arj ...
[2019-12-29 16:50:42Z] - INFO - Выполнение операции "Удаление файла" над целевым объектом "D:\SKAD\transmiter\temp\work\SFC017102803_720320191218_288000021901062807_700.xml".
Выполнение операции "Удаление файла" над целевым объектом "D:\SKAD\transmiter\temp\work\SFC017102803_720320191218_288000021901062811_700.xml".

[2019-12-29 16:51:08Z] - INFO - Начинаем архивацию AN028031912290001.arj ...
[2019-12-29 16:51:08Z] - INFO - Выполнение операции "Удаление файла" над целевым объектом "D:\SKAD\transmiter\temp\work\SFC017102803_720320191218_288000021901062807_700.xml".
Выполнение операции "Удаление файла" над целевым объектом "D:\SKAD\transmiter\temp\work\SFC017102803_720320191218_288000021901062811_700.xml".

[2019-12-29 16:58:37Z] - INFO - Начинаем архивацию AN028031912290001.arj ...
[2019-12-29 16:58:37Z] - INFO - Выполнение операции "Удаление файла" над целевым объектом "D:\SKAD\transmiter\temp\work\SFC017102803_720320191218_288000021901062807_700.xml".
Выполнение операции "Удаление файла" над целевым объектом "D:\SKAD\transmiter\temp\work\SFC017102803_720320191218_288000021901062811_700.xml".

[2019-12-29 17:02:02Z] - INFO - Начинаем архивацию BN028031912290001.arj ...
[2019-12-29 17:02:02Z] - INFO - Выполнение операции "Удаление файла" над целевым объектом "D:\SKAD\transmiter\temp\work\SFC017102803_720320191218_288000021901062807_700.xml".
Выполнение операции "Удаление файла" над целевым объектом "D:\SKAD\transmiter\temp\work\SFC017102803_720320191218_288000021901062811_700.xml".

[2019-12-29 17:03:32Z] - INFO - Начинаем архивацию BN028031912290001.arj ...
[2019-12-29 17:03:32Z] - INFO - Выполнение операции "Удаление файла" над целевым объектом "D:\SKAD\transmiter\temp\work\SFC017102803_720320191223_288000021900091480_700.XML".
Выполнение операции "Удаление файла" над целевым объектом "D:\SKAD\transmiter\temp\work\SFC017102803_720320191223_288000021900091481_700.XML".

[2019-12-29 17:03:52Z] - INFO - Начинаем архивацию AN028031912290001.arj ...
[2019-12-29 17:03:52Z] - INFO - Выполнение операции "Удаление файла" над целевым объектом "D:\SKAD\transmiter\temp\work\SFC017102803_720320191223_288000021900091480_700.XML".
Выполнение операции "Удаление файла" над целевым объектом "D:\SKAD\transmiter\temp\work\SFC017102803_720320191223_288000021900091481_700.XML".

