[2019-10-30 22:58:16Z] - ERRR - Количество вложенных папок в D:\SKAD\transmiter\temp\311pMsk\RBS не равно 1
[2019-10-30 22:58:16Z] - INFO - Начало копирования файлов...
[2019-10-30 22:58:16Z] - INFO - Выполнение операции "Копирование файла" над целевым объектом "Элемент: D:\SKAD\transmiter\temp\311pMsk\RBS\SFC017102803_720320191029_288000021900088041_700.XML Назначение: D:\SKAD\transmiter\temp\311p\Arhive\30102019\RBS\SFC01
7102803_720320191029_288000021900088041_700.XML".
Выполнение операции "Копирование файла" над целевым объектом "Элемент: D:\SKAD\transmiter\temp\311pMsk\RBS\SFC017102803_720320191029_288000021900088042_700.XML Назначение: D:\SKAD\transmiter\temp\311p\Arhive\30102019\RBS\SFC01
7102803_720320191029_288000021900088042_700.XML".

[2019-10-30 22:58:16Z] - INFO - Файл(ы) скопирован(ы) в D:\SKAD\transmiter\temp\311p\Arhive\30102019\RBS
[2019-10-30 22:58:16Z] - INFO - Выполнение операции "Копирование файла" над целевым объектом "Элемент: D:\SKAD\transmiter\temp\311pMsk\RBS\SFC017102803_720320191029_288000021900088041_700.XML Назначение: D:\SKAD\transmiter\temp\work\SFC017102803_720320191029
_288000021900088041_700.XML".
Выполнение операции "Копирование файла" над целевым объектом "Элемент: D:\SKAD\transmiter\temp\311pMsk\RBS\SFC017102803_720320191029_288000021900088042_700.XML Назначение: D:\SKAD\transmiter\temp\work\SFC017102803_720320191029
_288000021900088042_700.XML".

[2019-10-30 22:58:16Z] - INFO - Файл(ы) скопирован(ы) в D:\SKAD\transmiter\temp\work
[2019-10-30 22:58:16Z] - INFO - Выполнение операции "Удаление файла" над целевым объектом "D:\SKAD\transmiter\temp\311pMsk\RBS\SFC017102803_720320191029_288000021900088041_700.XML".
Выполнение операции "Удаление файла" над целевым объектом "D:\SKAD\transmiter\temp\311pMsk\RBS\SFC017102803_720320191029_288000021900088042_700.XML".

[2019-10-30 22:58:16Z] - INFO - Файл(ы) удален(ы) в D:\SKAD\transmiter\temp\311pMsk\RBS\
[2019-10-30 22:58:16Z] - INFO - Выполнение операции "Копирование файла" над целевым объектом "Элемент: D:\SKAD\transmiter\temp\311pMsk\WAY4\SFC017102803_720320191029_288000021901061098_700.xml Назначение: D:\SKAD\transmiter\temp\311p\Arhive\30102019\WAY4\SFC
017102803_720320191029_288000021901061098_700.xml".
Выполнение операции "Копирование файла" над целевым объектом "Элемент: D:\SKAD\transmiter\temp\311pMsk\WAY4\SFC017102803_720320191029_288000021901061100_700.xml Назначение: D:\SKAD\transmiter\temp\311p\Arhive\30102019\WAY4\SFC
017102803_720320191029_288000021901061100_700.xml".

[2019-10-30 22:58:16Z] - INFO - Файл(ы) скопирован(ы) в D:\SKAD\transmiter\temp\311p\Arhive\30102019\WAY4
[2019-10-30 22:58:16Z] - INFO - Выполнение операции "Копирование файла" над целевым объектом "Элемент: D:\SKAD\transmiter\temp\311pMsk\WAY4\SFC017102803_720320191029_288000021901061098_700.xml Назначение: D:\SKAD\transmiter\temp\work\SFC017102803_72032019102
9_288000021901061098_700.xml".
Выполнение операции "Копирование файла" над целевым объектом "Элемент: D:\SKAD\transmiter\temp\311pMsk\WAY4\SFC017102803_720320191029_288000021901061100_700.xml Назначение: D:\SKAD\transmiter\temp\work\SFC017102803_72032019102
9_288000021901061100_700.xml".

[2019-10-30 22:58:16Z] - INFO - Файл(ы) скопирован(ы) в D:\SKAD\transmiter\temp\work
[2019-10-30 22:58:16Z] - INFO - Выполнение операции "Удаление файла" над целевым объектом "D:\SKAD\transmiter\temp\311pMsk\WAY4\SFC017102803_720320191029_288000021901061098_700.xml".
Выполнение операции "Удаление файла" над целевым объектом "D:\SKAD\transmiter\temp\311pMsk\WAY4\SFC017102803_720320191029_288000021901061100_700.xml".

[2019-10-30 22:58:16Z] - INFO - Файл(ы) удален(ы) в D:\SKAD\transmiter\temp\311pMsk\WAY4
[2019-10-30 22:58:16Z] - ERRR - Диск А не найден!
[2019-10-30 22:58:35Z] - ERRR - Количество вложенных папок в D:\SKAD\transmiter\temp\311pMsk\RBS не равно 1
[2019-10-30 22:58:35Z] - INFO - Начало копирования файлов...
[2019-10-30 22:58:35Z] - INFO - Выполнение операции "Копирование файла" над целевым объектом "Элемент: D:\SKAD\transmiter\temp\311pMsk\RBS\SFC017102803_720320191029_288000021900088041_700.XML Назначение: D:\SKAD\transmiter\temp\311p\Arhive\30102019\RBS\SFC01
7102803_720320191029_288000021900088041_700.XML".
Выполнение операции "Копирование файла" над целевым объектом "Элемент: D:\SKAD\transmiter\temp\311pMsk\RBS\SFC017102803_720320191029_288000021900088042_700.XML Назначение: D:\SKAD\transmiter\temp\311p\Arhive\30102019\RBS\SFC01
7102803_720320191029_288000021900088042_700.XML".

[2019-10-30 22:58:35Z] - INFO - Файл(ы) скопирован(ы) в D:\SKAD\transmiter\temp\311p\Arhive\30102019\RBS
[2019-10-30 22:58:35Z] - INFO - Выполнение операции "Копирование файла" над целевым объектом "Элемент: D:\SKAD\transmiter\temp\311pMsk\RBS\SFC017102803_720320191029_288000021900088041_700.XML Назначение: D:\SKAD\transmiter\temp\work\SFC017102803_720320191029
_288000021900088041_700.XML".
Выполнение операции "Копирование файла" над целевым объектом "Элемент: D:\SKAD\transmiter\temp\311pMsk\RBS\SFC017102803_720320191029_288000021900088042_700.XML Назначение: D:\SKAD\transmiter\temp\work\SFC017102803_720320191029
_288000021900088042_700.XML".

[2019-10-30 22:58:35Z] - INFO - Файл(ы) скопирован(ы) в D:\SKAD\transmiter\temp\work
[2019-10-30 22:58:35Z] - INFO - Выполнение операции "Удаление файла" над целевым объектом "D:\SKAD\transmiter\temp\311pMsk\RBS\SFC017102803_720320191029_288000021900088041_700.XML".
Выполнение операции "Удаление файла" над целевым объектом "D:\SKAD\transmiter\temp\311pMsk\RBS\SFC017102803_720320191029_288000021900088042_700.XML".

[2019-10-30 22:58:35Z] - INFO - Файл(ы) удален(ы) в D:\SKAD\transmiter\temp\311pMsk\RBS\
[2019-10-30 22:58:35Z] - INFO - Выполнение операции "Копирование файла" над целевым объектом "Элемент: D:\SKAD\transmiter\temp\311pMsk\WAY4\SFC017102803_720320191029_288000021901061098_700.xml Назначение: D:\SKAD\transmiter\temp\311p\Arhive\30102019\WAY4\SFC
017102803_720320191029_288000021901061098_700.xml".
Выполнение операции "Копирование файла" над целевым объектом "Элемент: D:\SKAD\transmiter\temp\311pMsk\WAY4\SFC017102803_720320191029_288000021901061100_700.xml Назначение: D:\SKAD\transmiter\temp\311p\Arhive\30102019\WAY4\SFC
017102803_720320191029_288000021901061100_700.xml".

[2019-10-30 22:58:35Z] - INFO - Файл(ы) скопирован(ы) в D:\SKAD\transmiter\temp\311p\Arhive\30102019\WAY4
[2019-10-30 22:58:35Z] - INFO - Выполнение операции "Копирование файла" над целевым объектом "Элемент: D:\SKAD\transmiter\temp\311pMsk\WAY4\SFC017102803_720320191029_288000021901061098_700.xml Назначение: D:\SKAD\transmiter\temp\work\SFC017102803_72032019102
9_288000021901061098_700.xml".
Выполнение операции "Копирование файла" над целевым объектом "Элемент: D:\SKAD\transmiter\temp\311pMsk\WAY4\SFC017102803_720320191029_288000021901061100_700.xml Назначение: D:\SKAD\transmiter\temp\work\SFC017102803_72032019102
9_288000021901061100_700.xml".

[2019-10-30 22:58:35Z] - INFO - Файл(ы) скопирован(ы) в D:\SKAD\transmiter\temp\work
[2019-10-30 22:58:35Z] - INFO - Выполнение операции "Удаление файла" над целевым объектом "D:\SKAD\transmiter\temp\311pMsk\WAY4\SFC017102803_720320191029_288000021901061098_700.xml".
Выполнение операции "Удаление файла" над целевым объектом "D:\SKAD\transmiter\temp\311pMsk\WAY4\SFC017102803_720320191029_288000021901061100_700.xml".

[2019-10-30 22:58:35Z] - INFO - Файл(ы) удален(ы) в D:\SKAD\transmiter\temp\311pMsk\WAY4
[2019-10-30 22:58:35Z] - INFO - Сохраняем текущею ключевую дискету
[2019-10-30 22:59:33Z] - ERRR - Количество вложенных папок в D:\SKAD\transmiter\temp\311pMsk\RBS не равно 1
[2019-10-30 22:59:33Z] - INFO - Начало копирования файлов...
[2019-10-30 22:59:33Z] - INFO - Выполнение операции "Копирование файла" над целевым объектом "Элемент: D:\SKAD\transmiter\temp\311pMsk\RBS\SFC017102803_720320191029_288000021900088041_700.XML Назначение: D:\SKAD\transmiter\temp\311p\Arhive\30102019\RBS\SFC01
7102803_720320191029_288000021900088041_700.XML".
Выполнение операции "Копирование файла" над целевым объектом "Элемент: D:\SKAD\transmiter\temp\311pMsk\RBS\SFC017102803_720320191029_288000021900088042_700.XML Назначение: D:\SKAD\transmiter\temp\311p\Arhive\30102019\RBS\SFC01
7102803_720320191029_288000021900088042_700.XML".

[2019-10-30 22:59:33Z] - INFO - Файл(ы) скопирован(ы) в D:\SKAD\transmiter\temp\311p\Arhive\30102019\RBS
[2019-10-30 22:59:33Z] - INFO - Выполнение операции "Копирование файла" над целевым объектом "Элемент: D:\SKAD\transmiter\temp\311pMsk\RBS\SFC017102803_720320191029_288000021900088041_700.XML Назначение: D:\SKAD\transmiter\temp\work\SFC017102803_720320191029
_288000021900088041_700.XML".
Выполнение операции "Копирование файла" над целевым объектом "Элемент: D:\SKAD\transmiter\temp\311pMsk\RBS\SFC017102803_720320191029_288000021900088042_700.XML Назначение: D:\SKAD\transmiter\temp\work\SFC017102803_720320191029
_288000021900088042_700.XML".

[2019-10-30 22:59:33Z] - INFO - Файл(ы) скопирован(ы) в D:\SKAD\transmiter\temp\work
[2019-10-30 22:59:33Z] - INFO - Выполнение операции "Удаление файла" над целевым объектом "D:\SKAD\transmiter\temp\311pMsk\RBS\SFC017102803_720320191029_288000021900088041_700.XML".
Выполнение операции "Удаление файла" над целевым объектом "D:\SKAD\transmiter\temp\311pMsk\RBS\SFC017102803_720320191029_288000021900088042_700.XML".

[2019-10-30 22:59:33Z] - INFO - Файл(ы) удален(ы) в D:\SKAD\transmiter\temp\311pMsk\RBS\
[2019-10-30 22:59:33Z] - INFO - Выполнение операции "Копирование файла" над целевым объектом "Элемент: D:\SKAD\transmiter\temp\311pMsk\WAY4\SFC017102803_720320191029_288000021901061098_700.xml Назначение: D:\SKAD\transmiter\temp\311p\Arhive\30102019\WAY4\SFC
017102803_720320191029_288000021901061098_700.xml".
Выполнение операции "Копирование файла" над целевым объектом "Элемент: D:\SKAD\transmiter\temp\311pMsk\WAY4\SFC017102803_720320191029_288000021901061100_700.xml Назначение: D:\SKAD\transmiter\temp\311p\Arhive\30102019\WAY4\SFC
017102803_720320191029_288000021901061100_700.xml".

[2019-10-30 22:59:33Z] - INFO - Файл(ы) скопирован(ы) в D:\SKAD\transmiter\temp\311p\Arhive\30102019\WAY4
[2019-10-30 22:59:33Z] - INFO - Выполнение операции "Копирование файла" над целевым объектом "Элемент: D:\SKAD\transmiter\temp\311pMsk\WAY4\SFC017102803_720320191029_288000021901061098_700.xml Назначение: D:\SKAD\transmiter\temp\work\SFC017102803_72032019102
9_288000021901061098_700.xml".
Выполнение операции "Копирование файла" над целевым объектом "Элемент: D:\SKAD\transmiter\temp\311pMsk\WAY4\SFC017102803_720320191029_288000021901061100_700.xml Назначение: D:\SKAD\transmiter\temp\work\SFC017102803_72032019102
9_288000021901061100_700.xml".

[2019-10-30 22:59:33Z] - INFO - Файл(ы) скопирован(ы) в D:\SKAD\transmiter\temp\work
[2019-10-30 22:59:33Z] - INFO - Выполнение операции "Удаление файла" над целевым объектом "D:\SKAD\transmiter\temp\311pMsk\WAY4\SFC017102803_720320191029_288000021901061098_700.xml".
Выполнение операции "Удаление файла" над целевым объектом "D:\SKAD\transmiter\temp\311pMsk\WAY4\SFC017102803_720320191029_288000021901061100_700.xml".

[2019-10-30 22:59:33Z] - INFO - Файл(ы) удален(ы) в D:\SKAD\transmiter\temp\311pMsk\WAY4
[2019-10-30 22:59:33Z] - INFO - Сохраняем текущею ключевую дискету
[2019-10-30 23:02:23Z] - ERRR - Количество вложенных папок в D:\SKAD\transmiter\temp\311pMsk\RBS не равно 1
[2019-10-30 23:02:23Z] - INFO - Начало копирования файлов...
[2019-10-30 23:02:23Z] - INFO - Выполнение операции "Копирование файла" над целевым объектом "Элемент: D:\SKAD\transmiter\temp\311pMsk\RBS\SFC017102803_720320191029_288000021900088041_700.XML Назначение: D:\SKAD\transmiter\temp\311p\Arhive\30102019\RBS\SFC01
7102803_720320191029_288000021900088041_700.XML".
Выполнение операции "Копирование файла" над целевым объектом "Элемент: D:\SKAD\transmiter\temp\311pMsk\RBS\SFC017102803_720320191029_288000021900088042_700.XML Назначение: D:\SKAD\transmiter\temp\311p\Arhive\30102019\RBS\SFC01
7102803_720320191029_288000021900088042_700.XML".

[2019-10-30 23:02:23Z] - INFO - Файл(ы) скопирован(ы) в D:\SKAD\transmiter\temp\311p\Arhive\30102019\RBS
[2019-10-30 23:02:23Z] - INFO - Выполнение операции "Копирование файла" над целевым объектом "Элемент: D:\SKAD\transmiter\temp\311pMsk\RBS\SFC017102803_720320191029_288000021900088041_700.XML Назначение: D:\SKAD\transmiter\temp\work\SFC017102803_720320191029
_288000021900088041_700.XML".
Выполнение операции "Копирование файла" над целевым объектом "Элемент: D:\SKAD\transmiter\temp\311pMsk\RBS\SFC017102803_720320191029_288000021900088042_700.XML Назначение: D:\SKAD\transmiter\temp\work\SFC017102803_720320191029
_288000021900088042_700.XML".

[2019-10-30 23:02:23Z] - INFO - Файл(ы) скопирован(ы) в D:\SKAD\transmiter\temp\work
[2019-10-30 23:02:23Z] - INFO - Выполнение операции "Удаление файла" над целевым объектом "D:\SKAD\transmiter\temp\311pMsk\RBS\SFC017102803_720320191029_288000021900088041_700.XML".
Выполнение операции "Удаление файла" над целевым объектом "D:\SKAD\transmiter\temp\311pMsk\RBS\SFC017102803_720320191029_288000021900088042_700.XML".

[2019-10-30 23:02:23Z] - INFO - Файл(ы) удален(ы) в D:\SKAD\transmiter\temp\311pMsk\RBS\
[2019-10-30 23:02:23Z] - INFO - Выполнение операции "Копирование файла" над целевым объектом "Элемент: D:\SKAD\transmiter\temp\311pMsk\WAY4\SFC017102803_720320191029_288000021901061098_700.xml Назначение: D:\SKAD\transmiter\temp\311p\Arhive\30102019\WAY4\SFC
017102803_720320191029_288000021901061098_700.xml".
Выполнение операции "Копирование файла" над целевым объектом "Элемент: D:\SKAD\transmiter\temp\311pMsk\WAY4\SFC017102803_720320191029_288000021901061100_700.xml Назначение: D:\SKAD\transmiter\temp\311p\Arhive\30102019\WAY4\SFC
017102803_720320191029_288000021901061100_700.xml".

[2019-10-30 23:02:23Z] - INFO - Файл(ы) скопирован(ы) в D:\SKAD\transmiter\temp\311p\Arhive\30102019\WAY4
[2019-10-30 23:02:23Z] - INFO - Выполнение операции "Копирование файла" над целевым объектом "Элемент: D:\SKAD\transmiter\temp\311pMsk\WAY4\SFC017102803_720320191029_288000021901061098_700.xml Назначение: D:\SKAD\transmiter\temp\work\SFC017102803_72032019102
9_288000021901061098_700.xml".
Выполнение операции "Копирование файла" над целевым объектом "Элемент: D:\SKAD\transmiter\temp\311pMsk\WAY4\SFC017102803_720320191029_288000021901061100_700.xml Назначение: D:\SKAD\transmiter\temp\work\SFC017102803_72032019102
9_288000021901061100_700.xml".

[2019-10-30 23:02:23Z] - INFO - Файл(ы) скопирован(ы) в D:\SKAD\transmiter\temp\work
[2019-10-30 23:02:23Z] - INFO - Выполнение операции "Удаление файла" над целевым объектом "D:\SKAD\transmiter\temp\311pMsk\WAY4\SFC017102803_720320191029_288000021901061098_700.xml".
Выполнение операции "Удаление файла" над целевым объектом "D:\SKAD\transmiter\temp\311pMsk\WAY4\SFC017102803_720320191029_288000021901061100_700.xml".

[2019-10-30 23:02:23Z] - INFO - Файл(ы) удален(ы) в D:\SKAD\transmiter\temp\311pMsk\WAY4
[2019-10-30 23:02:23Z] - INFO - Сохраняем текущею ключевую дискету
[2019-10-30 23:03:03Z] - ERRR - Количество вложенных папок в D:\SKAD\transmiter\temp\311pMsk\RBS не равно 1
[2019-10-30 23:03:03Z] - INFO - Начало копирования файлов...
[2019-10-30 23:03:03Z] - INFO - Выполнение операции "Копирование файла" над целевым объектом "Элемент: D:\SKAD\transmiter\temp\311pMsk\RBS\SFC017102803_720320191029_288000021900088041_700.XML Назначение: D:\SKAD\transmiter\temp\311p\Arhive\30102019\RBS\SFC01
7102803_720320191029_288000021900088041_700.XML".
Выполнение операции "Копирование файла" над целевым объектом "Элемент: D:\SKAD\transmiter\temp\311pMsk\RBS\SFC017102803_720320191029_288000021900088042_700.XML Назначение: D:\SKAD\transmiter\temp\311p\Arhive\30102019\RBS\SFC01
7102803_720320191029_288000021900088042_700.XML".

[2019-10-30 23:03:03Z] - INFO - Файл(ы) скопирован(ы) в D:\SKAD\transmiter\temp\311p\Arhive\30102019\RBS
[2019-10-30 23:03:03Z] - INFO - Выполнение операции "Копирование файла" над целевым объектом "Элемент: D:\SKAD\transmiter\temp\311pMsk\RBS\SFC017102803_720320191029_288000021900088041_700.XML Назначение: D:\SKAD\transmiter\temp\work\SFC017102803_720320191029
_288000021900088041_700.XML".
Выполнение операции "Копирование файла" над целевым объектом "Элемент: D:\SKAD\transmiter\temp\311pMsk\RBS\SFC017102803_720320191029_288000021900088042_700.XML Назначение: D:\SKAD\transmiter\temp\work\SFC017102803_720320191029
_288000021900088042_700.XML".

[2019-10-30 23:03:03Z] - INFO - Файл(ы) скопирован(ы) в D:\SKAD\transmiter\temp\work
[2019-10-30 23:03:03Z] - INFO - Выполнение операции "Удаление файла" над целевым объектом "D:\SKAD\transmiter\temp\311pMsk\RBS\SFC017102803_720320191029_288000021900088041_700.XML".
Выполнение операции "Удаление файла" над целевым объектом "D:\SKAD\transmiter\temp\311pMsk\RBS\SFC017102803_720320191029_288000021900088042_700.XML".

[2019-10-30 23:03:03Z] - INFO - Файл(ы) удален(ы) в D:\SKAD\transmiter\temp\311pMsk\RBS\
[2019-10-30 23:03:03Z] - INFO - Выполнение операции "Копирование файла" над целевым объектом "Элемент: D:\SKAD\transmiter\temp\311pMsk\WAY4\SFC017102803_720320191029_288000021901061098_700.xml Назначение: D:\SKAD\transmiter\temp\311p\Arhive\30102019\WAY4\SFC
017102803_720320191029_288000021901061098_700.xml".
Выполнение операции "Копирование файла" над целевым объектом "Элемент: D:\SKAD\transmiter\temp\311pMsk\WAY4\SFC017102803_720320191029_288000021901061100_700.xml Назначение: D:\SKAD\transmiter\temp\311p\Arhive\30102019\WAY4\SFC
017102803_720320191029_288000021901061100_700.xml".

[2019-10-30 23:03:03Z] - INFO - Файл(ы) скопирован(ы) в D:\SKAD\transmiter\temp\311p\Arhive\30102019\WAY4
[2019-10-30 23:03:03Z] - INFO - Выполнение операции "Копирование файла" над целевым объектом "Элемент: D:\SKAD\transmiter\temp\311pMsk\WAY4\SFC017102803_720320191029_288000021901061098_700.xml Назначение: D:\SKAD\transmiter\temp\work\SFC017102803_72032019102
9_288000021901061098_700.xml".
Выполнение операции "Копирование файла" над целевым объектом "Элемент: D:\SKAD\transmiter\temp\311pMsk\WAY4\SFC017102803_720320191029_288000021901061100_700.xml Назначение: D:\SKAD\transmiter\temp\work\SFC017102803_72032019102
9_288000021901061100_700.xml".

[2019-10-30 23:03:03Z] - INFO - Файл(ы) скопирован(ы) в D:\SKAD\transmiter\temp\work
[2019-10-30 23:03:03Z] - INFO - Выполнение операции "Удаление файла" над целевым объектом "D:\SKAD\transmiter\temp\311pMsk\WAY4\SFC017102803_720320191029_288000021901061098_700.xml".
Выполнение операции "Удаление файла" над целевым объектом "D:\SKAD\transmiter\temp\311pMsk\WAY4\SFC017102803_720320191029_288000021901061100_700.xml".

[2019-10-30 23:03:03Z] - INFO - Файл(ы) удален(ы) в D:\SKAD\transmiter\temp\311pMsk\WAY4
[2019-10-30 23:03:03Z] - INFO - Сохраняем текущею ключевую дискету
[2019-10-30 23:23:01Z] - ERRR - Количество вложенных папок в D:\SKAD\transmiter\temp\311pMsk\RBS не равно 1
[2019-10-30 23:23:01Z] - INFO - Начало копирования файлов...
[2019-10-30 23:23:01Z] - INFO - Выполнение операции "Копирование файла" над целевым объектом "Элемент: D:\SKAD\transmiter\temp\311pMsk\RBS\SFC017102803_720320191029_288000021900088041_700.XML Назначение: D:\SKAD\transmiter\temp\311p\Arhive\30102019\RBS\SFC01
7102803_720320191029_288000021900088041_700.XML".
Выполнение операции "Копирование файла" над целевым объектом "Элемент: D:\SKAD\transmiter\temp\311pMsk\RBS\SFC017102803_720320191029_288000021900088042_700.XML Назначение: D:\SKAD\transmiter\temp\311p\Arhive\30102019\RBS\SFC01
7102803_720320191029_288000021900088042_700.XML".

[2019-10-30 23:23:01Z] - INFO - Файл(ы) скопирован(ы) в D:\SKAD\transmiter\temp\311p\Arhive\30102019\RBS
[2019-10-30 23:23:01Z] - INFO - Выполнение операции "Копирование файла" над целевым объектом "Элемент: D:\SKAD\transmiter\temp\311pMsk\RBS\SFC017102803_720320191029_288000021900088041_700.XML Назначение: D:\SKAD\transmiter\temp\work\SFC017102803_720320191029
_288000021900088041_700.XML".
Выполнение операции "Копирование файла" над целевым объектом "Элемент: D:\SKAD\transmiter\temp\311pMsk\RBS\SFC017102803_720320191029_288000021900088042_700.XML Назначение: D:\SKAD\transmiter\temp\work\SFC017102803_720320191029
_288000021900088042_700.XML".

[2019-10-30 23:23:01Z] - INFO - Файл(ы) скопирован(ы) в D:\SKAD\transmiter\temp\work
[2019-10-30 23:23:01Z] - INFO - Выполнение операции "Удаление файла" над целевым объектом "D:\SKAD\transmiter\temp\311pMsk\RBS\SFC017102803_720320191029_288000021900088041_700.XML".
Выполнение операции "Удаление файла" над целевым объектом "D:\SKAD\transmiter\temp\311pMsk\RBS\SFC017102803_720320191029_288000021900088042_700.XML".

[2019-10-30 23:23:01Z] - INFO - Файл(ы) удален(ы) в D:\SKAD\transmiter\temp\311pMsk\RBS\
[2019-10-30 23:23:01Z] - INFO - Выполнение операции "Копирование файла" над целевым объектом "Элемент: D:\SKAD\transmiter\temp\311pMsk\WAY4\SFC017102803_720320191029_288000021901061098_700.xml Назначение: D:\SKAD\transmiter\temp\311p\Arhive\30102019\WAY4\SFC
017102803_720320191029_288000021901061098_700.xml".
Выполнение операции "Копирование файла" над целевым объектом "Элемент: D:\SKAD\transmiter\temp\311pMsk\WAY4\SFC017102803_720320191029_288000021901061100_700.xml Назначение: D:\SKAD\transmiter\temp\311p\Arhive\30102019\WAY4\SFC
017102803_720320191029_288000021901061100_700.xml".

[2019-10-30 23:23:01Z] - INFO - Файл(ы) скопирован(ы) в D:\SKAD\transmiter\temp\311p\Arhive\30102019\WAY4
[2019-10-30 23:23:01Z] - INFO - Выполнение операции "Копирование файла" над целевым объектом "Элемент: D:\SKAD\transmiter\temp\311pMsk\WAY4\SFC017102803_720320191029_288000021901061098_700.xml Назначение: D:\SKAD\transmiter\temp\work\SFC017102803_72032019102
9_288000021901061098_700.xml".
Выполнение операции "Копирование файла" над целевым объектом "Элемент: D:\SKAD\transmiter\temp\311pMsk\WAY4\SFC017102803_720320191029_288000021901061100_700.xml Назначение: D:\SKAD\transmiter\temp\work\SFC017102803_72032019102
9_288000021901061100_700.xml".

[2019-10-30 23:23:01Z] - INFO - Файл(ы) скопирован(ы) в D:\SKAD\transmiter\temp\work
[2019-10-30 23:23:01Z] - INFO - Выполнение операции "Удаление файла" над целевым объектом "D:\SKAD\transmiter\temp\311pMsk\WAY4\SFC017102803_720320191029_288000021901061098_700.xml".
Выполнение операции "Удаление файла" над целевым объектом "D:\SKAD\transmiter\temp\311pMsk\WAY4\SFC017102803_720320191029_288000021901061100_700.xml".

[2019-10-30 23:23:01Z] - INFO - Файл(ы) удален(ы) в D:\SKAD\transmiter\temp\311pMsk\WAY4
[2019-10-30 23:23:01Z] - INFO - Сохраняем текущею ключевую дискету
